<?xml version="1.0" encoding="utf-8"?><testsuites name="pytest tests"><testsuite name="pytest" errors="0" failures="0" skipped="0" tests="14" time="1.090" timestamp="2026-01-18T21:51:34.897166+00:00" hostname="agent-env-148f1cdb-cc6c-4ca2-9ec1-3351cf10b087"><testcase classname="tests.test_cache_keywords.TestCacheAndKeywords" name="test_health_check" time="0.059" /><testcase classname="tests.test_cache_keywords.TestCacheAndKeywords" name="test_get_courses" time="0.044" /><testcase classname="tests.test_cache_keywords.TestCacheAndKeywords" name="test_get_offers" time="0.043" /><testcase classname="tests.test_cache_keywords.TestCacheAndKeywords" name="test_get_concept" time="0.043" /><testcase classname="tests.test_cache_keywords.TestCacheAndKeywords" name="test_get_payment_links" time="0.037" /><testcase classname="tests.test_cache_keywords.TestCacheAndKeywords" name="test_offer_has_keywords_field" time="0.044" /><testcase classname="tests.test_cache_keywords.TestCacheAndKeywords" name="test_create_offer_with_keywords" time="0.146" /><testcase classname="tests.test_cache_keywords.TestCacheAndKeywords" name="test_update_offer_keywords" time="0.110" /><testcase classname="tests.test_cache_keywords.TestCacheAndKeywords" name="test_coach_login" time="0.037" /><testcase classname="tests.test_cache_keywords.TestCacheAndKeywords" name="test_coach_login_wrong_credentials" time="0.047" /><testcase classname="tests.test_cache_keywords.TestCacheAndKeywords" name="test_api_response_time" time="0.067" /><testcase classname="tests.test_cache_keywords.TestCacheAndKeywords" name="test_parallel_requests" time="0.239" /><testcase classname="tests.test_cache_keywords.TestReservationsAndDiscountCodes" name="test_get_reservations_pagination" time="0.057" /><testcase classname="tests.test_cache_keywords.TestReservationsAndDiscountCodes" name="test_get_discount_codes" time="0.038" /></testsuite></testsuites>