<?xml version="1.0" encoding="utf-8"?><testsuites name="pytest tests"><testsuite name="pytest" errors="0" failures="1" skipped="0" tests="6" time="1.057" timestamp="2026-03-01T00:52:45.483986+00:00" hostname="agent-env-85b35d10-6aab-4828-a4b2-ae097435e412"><testcase classname="backend.tests.test_v964_mission.TestMissionV964" name="test_health_check" time="0.283" /><testcase classname="backend.tests.test_v964_mission.TestMissionV964" name="test_super_admin_unlimited_credits" time="0.116"><failure message="assert 404 == 200&#10; +  where 404 = &lt;Response [404]&gt;.status_code">backend/tests/test_v964_mission.py:35: in test_super_admin_unlimited_credits
    assert response.status_code == 200
E   assert 404 == 200
E    +  where 404 = &lt;Response [404]&gt;.status_code</failure></testcase><testcase classname="backend.tests.test_v964_mission.TestMissionV964" name="test_partners_active_endpoint" time="0.156" /><testcase classname="backend.tests.test_v964_mission.TestMissionV964" name="test_courses_endpoint" time="0.194" /><testcase classname="backend.tests.test_v964_mission.TestMissionV964" name="test_offers_endpoint" time="0.108" /><testcase classname="backend.tests.test_v964_mission.TestMissionV964" name="test_concept_endpoint" time="0.121" /></testsuite></testsuites>