<?xml version="1.0" encoding="utf-8"?><testsuites name="pytest tests"><testsuite name="pytest" errors="0" failures="1" skipped="0" tests="21" time="1.442" timestamp="2026-01-21T10:55:56.609469+00:00" hostname="agent-env-1f0e8f9e-b27f-488e-8e2c-851b8601aa4c"><testcase classname="tests.test_chat_system.TestChatSmartEntry" name="test_smart_entry_new_user" time="0.102"><failure message="AssertionError: New user should not be marked as returning&#10;assert True == False">tests/test_chat_system.py:38: in test_smart_entry_new_user
    assert data["is_returning"] == False, "New user should not be marked as returning"
E   AssertionError: New user should not be marked as returning
E   assert True == False</failure></testcase><testcase classname="tests.test_chat_system.TestChatSmartEntry" name="test_smart_entry_returning_user" time="0.084" /><testcase classname="tests.test_chat_system.TestChatSmartEntry" name="test_smart_entry_with_link_token" time="0.079" /><testcase classname="tests.test_chat_system.TestChatSmartEntry" name="test_smart_entry_missing_name" time="0.034" /><testcase classname="tests.test_chat_system.TestChatGenerateLink" name="test_generate_link_basic" time="0.045" /><testcase classname="tests.test_chat_system.TestChatGenerateLink" name="test_generate_link_without_title" time="0.040" /><testcase classname="tests.test_chat_system.TestChatGenerateLink" name="test_get_all_links" time="0.072" /><testcase classname="tests.test_chat_system.TestChatToggleAI" name="test_toggle_ai_mode" time="0.112" /><testcase classname="tests.test_chat_system.TestChatToggleAI" name="test_toggle_ai_invalid_session" time="0.039" /><testcase classname="tests.test_chat_system.TestChatParticipants" name="test_get_participants" time="0.038" /><testcase classname="tests.test_chat_system.TestChatParticipants" name="test_create_participant" time="0.034" /><testcase classname="tests.test_chat_system.TestChatParticipants" name="test_get_participant_by_id" time="0.081" /><testcase classname="tests.test_chat_system.TestChatSessions" name="test_get_sessions" time="0.038" /><testcase classname="tests.test_chat_system.TestChatSessions" name="test_create_session" time="0.035" /><testcase classname="tests.test_chat_system.TestChatSessions" name="test_get_session_by_id" time="0.070" /><testcase classname="tests.test_chat_system.TestChatSessions" name="test_get_session_by_token" time="0.068" /><testcase classname="tests.test_chat_system.TestChatSessions" name="test_update_session" time="0.071" /><testcase classname="tests.test_chat_system.TestChatCoachResponse" name="test_coach_response" time="0.069" /><testcase classname="tests.test_chat_system.TestChatCoachResponse" name="test_coach_response_invalid_session" time="0.038" /><testcase classname="tests.test_chat_system.TestChatMessages" name="test_get_session_messages" time="0.071" /><testcase classname="tests.test_chat_system.TestHealthCheck" name="test_health_endpoint" time="0.050" /></testsuite></testsuites>