<?xml version="1.0" encoding="utf-8"?><testsuites name="pytest tests"><testsuite name="pytest" errors="0" failures="1" skipped="0" tests="18" time="2.159" timestamp="2026-02-28T13:11:26.360027+00:00" hostname="agent-env-1d3a2fca-3bfe-4b4d-ac5a-79ea0a1ff5b8"><testcase classname="backend.tests.test_v923_mission.TestHealthAndBasicAPIs" name="test_health_endpoint" time="0.233" /><testcase classname="backend.tests.test_v923_mission.TestHealthAndBasicAPIs" name="test_courses_api" time="0.147" /><testcase classname="backend.tests.test_v923_mission.TestHealthAndBasicAPIs" name="test_offers_api" time="0.097" /><testcase classname="backend.tests.test_v923_mission.TestHealthAndBasicAPIs" name="test_concept_api" time="0.106" /><testcase classname="backend.tests.test_v923_mission.TestCoachProfile" name="test_super_admin_profile" time="0.109" /><testcase classname="backend.tests.test_v923_mission.TestCoachProfile" name="test_new_partner_profile_404" time="0.103"><failure message="assert 200 == 404&#10; +  where 200 = &lt;Response [200]&gt;.status_code">backend/tests/test_v923_mission.py:83: in test_new_partner_profile_404
    assert response.status_code == 404
E   assert 200 == 404
E    +  where 200 = &lt;Response [200]&gt;.status_code</failure></testcase><testcase classname="backend.tests.test_v923_mission.TestCoachProfile" name="test_profile_error_handling" time="0.105" /><testcase classname="backend.tests.test_v923_mission.TestReservationsAPI" name="test_super_admin_reservations" time="0.103" /><testcase classname="backend.tests.test_v923_mission.TestReservationsAPI" name="test_new_partner_empty_reservations" time="0.107" /><testcase classname="backend.tests.test_v923_mission.TestCampaignsAPI" name="test_campaigns_api_empty" time="0.128" /><testcase classname="backend.tests.test_v923_mission.TestCampaignsAPI" name="test_scheduler_health" time="0.095" /><testcase classname="backend.tests.test_v923_mission.TestConversationsAPI" name="test_conversations_api_empty" time="0.100" /><testcase classname="backend.tests.test_v923_mission.TestConversationsAPI" name="test_chat_sessions_api" time="0.113" /><testcase classname="backend.tests.test_v923_mission.TestConversationsAPI" name="test_chat_links_api" time="0.098" /><testcase classname="backend.tests.test_v923_mission.TestStripeConnectAPI" name="test_stripe_connect_status_new_partner" time="0.101" /><testcase classname="backend.tests.test_v923_mission.TestDiscountCodesAPI" name="test_discount_codes_api" time="0.126" /><testcase classname="backend.tests.test_v923_mission.TestPaymentLinksAPI" name="test_payment_links_api" time="0.100" /><testcase classname="backend.tests.test_v923_mission.TestUsersAPI" name="test_users_api" time="0.107" /></testsuite></testsuites>