<?xml version="1.0" encoding="utf-8"?><testsuites name="pytest tests"><testsuite name="pytest" errors="0" failures="0" skipped="1" tests="10" time="1.459" timestamp="2026-02-27T13:36:06.231639+00:00" hostname="agent-env-d373cf26-718e-4a19-a39c-8295a106d5fb"><testcase classname="backend.tests.test_v899_mission.TestNonRegressionReservations" name="test_reservations_endpoint_with_super_admin_header" time="0.235" /><testcase classname="backend.tests.test_v899_mission.TestNonRegressionReservations" name="test_reservations_pagination_structure" time="0.112" /><testcase classname="backend.tests.test_v899_mission.TestCoachVitrine" name="test_vitrine_bassi_returns_coach_data" time="0.106" /><testcase classname="backend.tests.test_v899_mission.TestCoachVitrine" name="test_vitrine_bassi_has_courses" time="0.115" /><testcase classname="backend.tests.test_v899_mission.TestCoachVitrine" name="test_vitrine_bassi_has_offers" time="0.153" /><testcase classname="backend.tests.test_v899_mission.TestCoachVitrine" name="test_vitrine_unknown_coach_404" time="0.166" /><testcase classname="backend.tests.test_v899_mission.TestStripeSuccessUrl" name="test_coach_pack_checkout_success_url" time="0.153"><skipped type="pytest.skip" message="Coach packs endpoint not available">/app/backend/tests/test_v899_mission.py:167: Coach packs endpoint not available</skipped></testcase><testcase classname="backend.tests.test_v899_mission.TestHealthAndBasics" name="test_api_health" time="0.123" /><testcase classname="backend.tests.test_v899_mission.TestHealthAndBasics" name="test_courses_endpoint" time="0.113" /><testcase classname="backend.tests.test_v899_mission.TestHealthAndBasics" name="test_offers_endpoint" time="0.120" /></testsuite></testsuites>