<?xml version="1.0" encoding="utf-8"?><testsuites name="pytest tests"><testsuite name="pytest" errors="0" failures="0" skipped="0" tests="22" time="0.039" timestamp="2026-01-20T11:16:02.708509+00:00" hostname="agent-env-eed65a2f-21cb-4168-bdf6-ece892677b51"><testcase classname="tests.test_messaging_gateways.TestMessagingGatewayExists" name="test_messaging_gateway_file_exists" time="0.000" /><testcase classname="tests.test_messaging_gateways.TestMessagingGatewayExists" name="test_messaging_gateway_exports_sendEmailGateway" time="0.000" /><testcase classname="tests.test_messaging_gateways.TestMessagingGatewayExists" name="test_messaging_gateway_exports_sendWhatsAppGateway" time="0.000" /><testcase classname="tests.test_messaging_gateways.TestMessagingGatewayExists" name="test_messaging_gateway_exports_sendMessageGateway" time="0.000" /><testcase classname="tests.test_messaging_gateways.TestIndexExports" name="test_index_exports_sendEmailGateway" time="0.000" /><testcase classname="tests.test_messaging_gateways.TestIndexExports" name="test_index_exports_sendWhatsAppGateway" time="0.000" /><testcase classname="tests.test_messaging_gateways.TestIndexExports" name="test_index_exports_sendMessageGateway" time="0.000" /><testcase classname="tests.test_messaging_gateways.TestEmailJSConstants" name="test_emailjs_service_id" time="0.000" /><testcase classname="tests.test_messaging_gateways.TestEmailJSConstants" name="test_emailjs_template_id" time="0.000" /><testcase classname="tests.test_messaging_gateways.TestEmailJSConstants" name="test_emailjs_public_key" time="0.000" /><testcase classname="tests.test_messaging_gateways.TestEmailJSConstants" name="test_emailjs_send_uses_constants" time="0.000" /><testcase classname="tests.test_messaging_gateways.TestWhatsAppSimulationMode" name="test_twilio_config_check" time="0.000" /><testcase classname="tests.test_messaging_gateways.TestWhatsAppSimulationMode" name="test_simulation_mode_exists" time="0.000" /><testcase classname="tests.test_messaging_gateways.TestWhatsAppSimulationMode" name="test_simulation_returns_success" time="0.000" /><testcase classname="tests.test_messaging_gateways.TestNoDecisionLogic" name="test_no_content_based_decisions" time="0.001" /><testcase classname="tests.test_messaging_gateways.TestNoDecisionLogic" name="test_only_technical_routing" time="0.000" /><testcase classname="tests.test_messaging_gateways.TestAIResponseServiceIntact" name="test_no_send_functions" time="0.000" /><testcase classname="tests.test_messaging_gateways.TestAIResponseServiceIntact" name="test_only_config_functions" time="0.000" /><testcase classname="tests.test_messaging_gateways.TestAIResponseServiceIntact" name="test_ai_service_is_trigger_not_sender" time="0.000" /><testcase classname="tests.test_messaging_gateways.TestGatewayPurity" name="test_email_gateway_is_pure_channel" time="0.000" /><testcase classname="tests.test_messaging_gateways.TestGatewayPurity" name="test_whatsapp_gateway_is_pure_channel" time="0.000" /><testcase classname="tests.test_messaging_gateways.TestGatewayPurity" name="test_unified_gateway_routes_correctly" time="0.000" /></testsuite></testsuites>