<?xml version="1.0" encoding="utf-8"?><testsuites name="pytest tests"><testsuite name="pytest" errors="0" failures="0" skipped="0" tests="12" time="0.951" timestamp="2026-02-28T12:40:17.688648+00:00" hostname="agent-env-1d3a2fca-3bfe-4b4d-ac5a-79ea0a1ff5b8"><testcase classname="backend.tests.test_v920_mission.TestHealthAndBasics" name="test_health_check" time="0.165" /><testcase classname="backend.tests.test_v920_mission.TestPromoRoutes" name="test_get_discount_codes" time="0.110" /><testcase classname="backend.tests.test_v920_mission.TestPromoRoutes" name="test_validate_discount_code_invalid" time="0.102" /><testcase classname="backend.tests.test_v920_mission.TestAuthRoutes" name="test_auth_me_unauthorized" time="0.104" /><testcase classname="backend.tests.test_v920_mission.TestAuthRoutes" name="test_coach_auth_legacy" time="0.094" /><testcase classname="backend.tests.test_v920_mission.TestSacredReservations" name="test_reservations_exist" time="0.098" /><testcase classname="backend.tests.test_v920_mission.TestFileStructure" name="test_server_py_line_count" time="0.003" /><testcase classname="backend.tests.test_v920_mission.TestFileStructure" name="test_coach_dashboard_line_count" time="0.002" /><testcase classname="backend.tests.test_v920_mission.TestFileStructure" name="test_crm_section_exists" time="0.002" /><testcase classname="backend.tests.test_v920_mission.TestFileStructure" name="test_promo_routes_module_exists" time="0.002" /><testcase classname="backend.tests.test_v920_mission.TestCourses" name="test_courses_exist" time="0.099" /><testcase classname="backend.tests.test_v920_mission.TestOffers" name="test_offers_exist" time="0.112" /></testsuite></testsuites>