<?xml version="1.0" encoding="utf-8"?><testsuites name="pytest tests"><testsuite name="pytest" errors="0" failures="0" skipped="0" tests="7" time="1.203" timestamp="2026-02-28T19:39:42.326467+00:00" hostname="agent-env-925916c3-f319-47cc-a1b2-25af8594dfe2"><testcase classname="backend.tests.test_v940_chat_memory.TestChatSessionsAPI" name="test_health_check" time="0.130" /><testcase classname="backend.tests.test_v940_chat_memory.TestChatSessionsAPI" name="test_smart_entry_creates_session" time="0.115" /><testcase classname="backend.tests.test_v940_chat_memory.TestChatSessionsAPI" name="test_get_session_messages_returns_array" time="0.233" /><testcase classname="backend.tests.test_v940_chat_memory.TestSocketIOEndpoints" name="test_socket_io_accessible" time="0.102" /><testcase classname="backend.tests.test_v940_chat_memory.TestGroupMessagesAPI" name="test_get_group_messages" time="0.120" /><testcase classname="backend.tests.test_v940_chat_memory.TestPrivateConversationsAPI" name="test_get_private_conversations_with_participant" time="0.105" /><testcase classname="backend.tests.test_v940_chat_memory.TestV940FeaturesCodeReview" name="test_api_endpoints_structure" time="0.338" /></testsuite></testsuites>