<?xml version="1.0" encoding="utf-8"?><testsuites name="pytest tests"><testsuite name="pytest" errors="0" failures="0" skipped="0" tests="27" time="0.275" timestamp="2026-01-20T10:44:43.954185+00:00" hostname="agent-env-eed65a2f-21cb-4168-bdf6-ece892677b51"><testcase classname="tests.test_campaign_buttons.TestBackendAPIs" name="test_health_check" time="0.077" /><testcase classname="tests.test_campaign_buttons.TestBackendAPIs" name="test_whatsapp_config_endpoint" time="0.041" /><testcase classname="tests.test_campaign_buttons.TestBackendAPIs" name="test_campaigns_endpoint" time="0.035" /><testcase classname="tests.test_campaign_buttons.TestDataTestIdAttributes" name="test_test_email_btn_testid" time="0.002" /><testcase classname="tests.test_campaign_buttons.TestDataTestIdAttributes" name="test_test_whatsapp_btn_testid" time="0.000" /><testcase classname="tests.test_campaign_buttons.TestDataTestIdAttributes" name="test_send_email_campaign_btn_testid" time="0.000" /><testcase classname="tests.test_campaign_buttons.TestDataTestIdAttributes" name="test_send_whatsapp_campaign_btn_testid" time="0.000" /><testcase classname="tests.test_campaign_buttons.TestDataTestIdAttributes" name="test_bulk_send_campaign_btn_testid" time="0.000" /><testcase classname="tests.test_campaign_buttons.TestDataTestIdAttributes" name="test_launch_campaign_btn_testid" time="0.000" /><testcase classname="tests.test_campaign_buttons.TestEventHandlerProtection" name="test_handleTestEmailJS_has_preventDefault" time="0.002" /><testcase classname="tests.test_campaign_buttons.TestEventHandlerProtection" name="test_handleTestEmailJS_has_stopPropagation" time="0.001" /><testcase classname="tests.test_campaign_buttons.TestEventHandlerProtection" name="test_handleTestWhatsApp_has_preventDefault" time="0.000" /><testcase classname="tests.test_campaign_buttons.TestEventHandlerProtection" name="test_handleTestWhatsApp_has_stopPropagation" time="0.000" /><testcase classname="tests.test_campaign_buttons.TestEventHandlerProtection" name="test_handleSendEmailCampaign_has_preventDefault" time="0.001" /><testcase classname="tests.test_campaign_buttons.TestEventHandlerProtection" name="test_handleSendWhatsAppCampaign_has_preventDefault" time="0.000" /><testcase classname="tests.test_campaign_buttons.TestEventHandlerProtection" name="test_handleBulkSendCampaign_has_preventDefault" time="0.001" /><testcase classname="tests.test_campaign_buttons.TestEventHandlerProtection" name="test_launchCampaignWithSend_has_preventDefault" time="0.000" /><testcase classname="tests.test_campaign_buttons.TestEmailJSService" name="test_flat_json_payload" time="0.001" /><testcase classname="tests.test_campaign_buttons.TestEmailJSService" name="test_string_conversion" time="0.000" /><testcase classname="tests.test_campaign_buttons.TestEmailJSService" name="test_correct_service_id" time="0.000" /><testcase classname="tests.test_campaign_buttons.TestEmailJSService" name="test_correct_template_id" time="0.000" /><testcase classname="tests.test_campaign_buttons.TestEmailJSService" name="test_correct_public_key" time="0.000" /><testcase classname="tests.test_campaign_buttons.TestWhatsAppService" name="test_uses_accountSid" time="0.001" /><testcase classname="tests.test_campaign_buttons.TestWhatsAppService" name="test_uses_authToken" time="0.000" /><testcase classname="tests.test_campaign_buttons.TestWhatsAppService" name="test_uses_fromNumber" time="0.000" /><testcase classname="tests.test_campaign_buttons.TestWhatsAppService" name="test_twilio_api_url" time="0.001" /><testcase classname="tests.test_campaign_buttons.TestWhatsAppService" name="test_basic_auth" time="0.000" /></testsuite></testsuites>