<?xml version="1.0" encoding="utf-8"?><testsuites name="pytest tests"><testsuite name="pytest" errors="0" failures="0" skipped="0" tests="11" time="1.614" timestamp="2026-02-27T12:29:13.660051+00:00" hostname="agent-env-41b92b7b-9b28-4961-993e-c758df921663"><testcase classname="backend.tests.test_v894_non_regression.TestNonRegressionAPIs" name="test_get_courses_intact" time="0.235" /><testcase classname="backend.tests.test_v894_non_regression.TestNonRegressionAPIs" name="test_get_offers_intact" time="0.117" /><testcase classname="backend.tests.test_v894_non_regression.TestNonRegressionAPIs" name="test_get_discount_codes_intact" time="0.130" /><testcase classname="backend.tests.test_v894_non_regression.TestNonRegressionAPIs" name="test_get_payment_links_intact" time="0.103" /><testcase classname="backend.tests.test_v894_non_regression.TestNonRegressionAPIs" name="test_get_concept_intact" time="0.112" /><testcase classname="backend.tests.test_v894_non_regression.TestNonRegressionAPIs" name="test_get_users_intact" time="0.111" /><testcase classname="backend.tests.test_v894_non_regression.TestCoachPacksAPI" name="test_get_coach_packs" time="0.139" /><testcase classname="backend.tests.test_v894_non_regression.TestCoachPacksAPI" name="test_update_coach_pack_requires_auth" time="0.226" /><testcase classname="backend.tests.test_v894_non_regression.TestCoachPacksAPI" name="test_update_coach_pack_auth_protection" time="0.160" /><testcase classname="backend.tests.test_v894_non_regression.TestFeatureFlags" name="test_get_feature_flags" time="0.115" /><testcase classname="backend.tests.test_v894_non_regression.TestHealthEndpoint" name="test_health_check" time="0.103" /></testsuite></testsuites>