<?xml version="1.0" encoding="utf-8"?><testsuites name="pytest tests"><testsuite name="pytest" errors="0" failures="0" skipped="0" tests="11" time="2.462" timestamp="2026-02-28T19:04:46.342443+00:00" hostname="agent-env-925916c3-f319-47cc-a1b2-25af8594dfe2"><testcase classname="tests.test_v937_mission.TestPaymentLinksAutoSave" name="test_get_payment_links" time="0.256" /><testcase classname="tests.test_v937_mission.TestPaymentLinksAutoSave" name="test_put_payment_links_stripe" time="0.439" /><testcase classname="tests.test_v937_mission.TestPaymentLinksAutoSave" name="test_put_payment_links_twint" time="0.388" /><testcase classname="tests.test_v937_mission.TestConceptAutoSave" name="test_get_concept" time="0.162" /><testcase classname="tests.test_v937_mission.TestConceptAutoSave" name="test_put_concept_hero_image" time="0.326" /><testcase classname="tests.test_v937_mission.TestConceptAutoSave" name="test_put_concept_video_url" time="0.216" /><testcase classname="tests.test_v937_mission.TestCoursesForBookingPanel" name="test_get_courses_available" time="0.129" /><testcase classname="tests.test_v937_mission.TestBassiDataPreservation" name="test_bassi_reservations_preserved" time="0.113" /><testcase classname="tests.test_v937_mission.TestBassiDataPreservation" name="test_bassi_contacts_preserved" time="0.121" /><testcase classname="tests.test_v937_mission.TestFeatureFlagsAndSettings" name="test_platform_settings" time="0.123" /><testcase classname="tests.test_v937_mission.TestFeatureFlagsAndSettings" name="test_feature_flags" time="0.125" /></testsuite></testsuites>