<?xml version="1.0" encoding="utf-8"?><testsuites name="pytest tests"><testsuite name="pytest" errors="0" failures="2" skipped="0" tests="9" time="1.288" timestamp="2026-03-01T00:22:39.816721+00:00" hostname="agent-env-85b35d10-6aab-4828-a4b2-ae097435e412"><testcase classname="backend.tests.test_v960_mission.TestV960SuperAdminAuth" name="test_health_check" time="0.200" /><testcase classname="backend.tests.test_v960_mission.TestV960SuperAdminAuth" name="test_super_admin_afroboost_auth_role" time="0.103" /><testcase classname="backend.tests.test_v960_mission.TestV960SuperAdminAuth" name="test_super_admin_check_partner_status" time="0.149" /><testcase classname="backend.tests.test_v960_mission.TestV960SuperAdminAuth" name="test_super_admin_credits_check" time="0.113"><failure message="AssertionError: Expected credits=-1, got 0&#10;assert 0 == -1&#10; +  where 0 = &lt;built-in method get of dict object at 0xf901d16d8480&gt;('credits')&#10; +    where &lt;built-in method get of dict object at 0xf901d16d8480&gt; = {'credits': 0, 'error': 'Email non fourni', 'has_credits': False}.get">backend/tests/test_v960_mission.py:60: in test_super_admin_credits_check
    assert data.get('credits') == -1, f"Expected credits=-1, got {data.get('credits')}"
E   AssertionError: Expected credits=-1, got 0
E   assert 0 == -1
E    +  where 0 = &lt;built-in method get of dict object at 0xf901d16d8480&gt;('credits')
E    +    where &lt;built-in method get of dict object at 0xf901d16d8480&gt; = {'credits': 0, 'error': 'Email non fourni', 'has_credits': False}.get</failure></testcase><testcase classname="backend.tests.test_v960_mission.TestV960SuperAdminAuth" name="test_super_admin_credits_deduct_bypass" time="0.112"><failure message="AssertionError: Credits deduct failed: 400&#10;assert 400 == 200&#10; +  where 400 = &lt;Response [400]&gt;.status_code">backend/tests/test_v960_mission.py:70: in test_super_admin_credits_deduct_bypass
    assert response.status_code == 200, f"Credits deduct failed: {response.status_code}"
E   AssertionError: Credits deduct failed: 400
E   assert 400 == 200
E    +  where 400 = &lt;Response [400]&gt;.status_code</failure></testcase><testcase classname="backend.tests.test_v960_mission.TestV960Endpoints" name="test_partners_active_endpoint" time="0.175" /><testcase classname="backend.tests.test_v960_mission.TestV960Endpoints" name="test_courses_endpoint" time="0.111" /><testcase classname="backend.tests.test_v960_mission.TestV960Endpoints" name="test_concept_endpoint" time="0.115" /><testcase classname="backend.tests.test_v960_mission.TestV960Endpoints" name="test_offers_endpoint" time="0.121" /></testsuite></testsuites>