<?xml version="1.0" encoding="utf-8"?><testsuites name="pytest tests"><testsuite name="pytest" errors="0" failures="0" skipped="0" tests="12" time="2.213" timestamp="2026-02-28T11:54:41.021918+00:00" hostname="agent-env-b01e4955-ad97-4cb3-a248-f4c7b848d564"><testcase classname="tests.test_v917_mission.TestSuperAdminBypass" name="test_01_reservations_bypass_returns_7_plus" time="0.258" /><testcase classname="tests.test_v917_mission.TestSuperAdminBypass" name="test_02_chat_participants_bypass_returns_all" time="0.156" /><testcase classname="tests.test_v917_mission.TestSuperAdminBypass" name="test_03_campaigns_bypass_returns_all" time="0.147" /><testcase classname="tests.test_v917_mission.TestSuperAdminBypass" name="test_04_discount_codes_returns_global" time="0.224" /><testcase classname="tests.test_v917_mission.TestSuperAdminBypass" name="test_05_coach_profile_returns_unlimited_credits" time="0.154" /><testcase classname="tests.test_v917_mission.TestSuperAdminBypass" name="test_06_coach_packs_visible" time="0.146" /><testcase classname="tests.test_v917_mission.TestSuperAdminBypass" name="test_07_coach_packs_all_super_admin_only" time="0.316" /><testcase classname="tests.test_v917_mission.TestSuperAdminBypass" name="test_08_cardio_sessions_march_preserved" time="0.150" /><testcase classname="tests.test_v917_mission.TestSuperAdminBypass" name="test_09_sunday_vibes_preserved" time="0.141" /><testcase classname="tests.test_v917_mission.TestSuperAdminBypass" name="test_10_health_check" time="0.148" /><testcase classname="tests.test_v917_mission.TestSuperAdminBypass" name="test_11_offers_available" time="0.157" /><testcase classname="tests.test_v917_mission.TestSuperAdminBypass" name="test_12_vitrine_bassi_accessible" time="0.152" /></testsuite></testsuites>