<?xml version="1.0" encoding="utf-8"?><testsuites name="pytest tests"><testsuite name="pytest" errors="0" failures="0" skipped="0" tests="14" time="4.574" timestamp="2026-02-28T10:05:00.446876+00:00" hostname="agent-env-d373cf26-718e-4a19-a39c-8295a106d5fb"><testcase classname="backend.tests.test_v901_franchise.TestNonRegressionReservations" name="test_super_admin_sees_all_reservations" time="0.425" /><testcase classname="backend.tests.test_v901_franchise.TestNonRegressionReservations" name="test_super_admin_no_coach_filter" time="0.269" /><testcase classname="backend.tests.test_v901_franchise.TestVitrineAPI" name="test_vitrine_bassi_returns_platform_name" time="0.287" /><testcase classname="backend.tests.test_v901_franchise.TestVitrineAPI" name="test_vitrine_bassi_returns_logo_url" time="0.286" /><testcase classname="backend.tests.test_v901_franchise.TestVitrineAPI" name="test_vitrine_returns_offers_and_courses" time="0.260" /><testcase classname="backend.tests.test_v901_franchise.TestVitrineAPI" name="test_vitrine_unknown_coach_returns_404" time="0.254" /><testcase classname="backend.tests.test_v901_franchise.TestAdminCoachesAPI" name="test_admin_coaches_requires_super_admin" time="0.502" /><testcase classname="backend.tests.test_v901_franchise.TestAdminCoachesAPI" name="test_super_admin_lists_coaches" time="0.241" /><testcase classname="backend.tests.test_v901_franchise.TestToggleCoachAPI" name="test_toggle_requires_super_admin" time="0.242" /><testcase classname="backend.tests.test_v901_franchise.TestToggleCoachAPI" name="test_toggle_nonexistent_coach_returns_404" time="0.262" /><testcase classname="backend.tests.test_v901_franchise.TestToggleCoachAPI" name="test_toggle_coach_status" time="0.735" /><testcase classname="backend.tests.test_v901_franchise.TestDeleteCoachAPI" name="test_delete_requires_super_admin" time="0.246" /><testcase classname="backend.tests.test_v901_franchise.TestDeleteCoachAPI" name="test_delete_nonexistent_coach_returns_404" time="0.242" /><testcase classname="backend.tests.test_v901_franchise.TestCoachModelFields" name="test_coach_profile_endpoint" time="0.245" /></testsuite></testsuites>