<?xml version="1.0" encoding="utf-8"?><testsuites name="pytest tests"><testsuite name="pytest" errors="0" failures="0" skipped="0" tests="12" time="2.025" timestamp="2026-01-17T16:52:00.303659+00:00" hostname="agent-env-624f0af9-ba8a-48c4-bcdf-639076599cdf"><testcase classname="tests.test_batch_discount_codes.TestDiscountCodesAPI" name="test_api_health" time="0.066" /><testcase classname="tests.test_batch_discount_codes.TestDiscountCodesAPI" name="test_get_discount_codes" time="0.040" /><testcase classname="tests.test_batch_discount_codes.TestDiscountCodesAPI" name="test_create_single_discount_code" time="0.088" /><testcase classname="tests.test_batch_discount_codes.TestDiscountCodesAPI" name="test_create_batch_codes_simulation" time="0.288" /><testcase classname="tests.test_batch_discount_codes.TestDiscountCodesAPI" name="test_batch_codes_max_20_limit" time="0.970" /><testcase classname="tests.test_batch_discount_codes.TestDiscountCodesAPI" name="test_toggle_code_active_status" time="0.102" /><testcase classname="tests.test_batch_discount_codes.TestDiscountCodesAPI" name="test_delete_discount_code" time="0.104" /><testcase classname="tests.test_batch_discount_codes.TestDiscountCodesAPI" name="test_validate_discount_code" time="0.037" /><testcase classname="tests.test_batch_discount_codes.TestDiscountCodesAPI" name="test_validate_invalid_code" time="0.036" /><testcase classname="tests.test_batch_discount_codes.TestDiscountCodesAPI" name="test_batch_codes_same_parameters" time="0.153" /><testcase classname="tests.test_batch_discount_codes.TestCoachAuthentication" name="test_coach_login_success" time="0.037" /><testcase classname="tests.test_batch_discount_codes.TestCoachAuthentication" name="test_coach_login_failure" time="0.036" /></testsuite></testsuites>