<?xml version="1.0" encoding="utf-8"?><testsuites name="pytest tests"><testsuite name="pytest" errors="0" failures="0" skipped="0" tests="14" time="2.416" timestamp="2026-01-21T12:52:07.376947+00:00" hostname="agent-env-d6ae9d04-47db-4394-a4a4-bdf16b47fce1"><testcase classname="tests.test_push_notifications.TestHealthCheck" name="test_health_check" time="0.065" /><testcase classname="tests.test_push_notifications.TestVAPIDKey" name="test_get_vapid_key_returns_public_key" time="0.031" /><testcase classname="tests.test_push_notifications.TestPushSubscription" name="test_subscribe_push_success" time="0.033" /><testcase classname="tests.test_push_notifications.TestPushSubscription" name="test_subscribe_push_missing_participant_id" time="0.035" /><testcase classname="tests.test_push_notifications.TestPushSubscription" name="test_subscribe_push_missing_subscription" time="0.032" /><testcase classname="tests.test_push_notifications.TestPushUnsubscribe" name="test_unsubscribe_push_success" time="0.088" /><testcase classname="tests.test_push_notifications.TestPushSend" name="test_send_push_with_email_fallback" time="0.057" /><testcase classname="tests.test_push_notifications.TestPushSend" name="test_send_push_missing_participant_id" time="0.037" /><testcase classname="tests.test_push_notifications.TestToggleAI" name="test_toggle_ai_mode" time="0.094" /><testcase classname="tests.test_push_notifications.TestToggleAI" name="test_toggle_ai_nonexistent_session" time="0.033" /><testcase classname="tests.test_push_notifications.TestAIResponseWithCoachNotification" name="test_ai_response_in_human_mode_notifies_coach" time="0.142" /><testcase classname="tests.test_push_notifications.TestAIResponseWithCoachNotification" name="test_ai_response_in_ai_mode_returns_response" time="1.609" /><testcase classname="tests.test_push_notifications.TestExistingTestData" name="test_existing_participant_subscription" time="0.034" /><testcase classname="tests.test_push_notifications.TestExistingTestData" name="test_existing_session_toggle" time="0.053" /></testsuite></testsuites>