<?xml version="1.0" encoding="utf-8"?><testsuites name="pytest tests"><testsuite name="pytest" errors="0" failures="0" skipped="0" tests="10" time="1.799" timestamp="2026-02-28T23:49:19.098192+00:00" hostname="agent-env-85b35d10-6aab-4828-a4b2-ae097435e412"><testcase classname="backend.tests.test_v957_mission.TestV957Mission" name="test_platform_settings_returns_maintenance_mode" time="0.299" /><testcase classname="backend.tests.test_v957_mission.TestV957Mission" name="test_platform_settings_partner_access" time="0.181" /><testcase classname="backend.tests.test_v957_mission.TestV957Mission" name="test_afroboost_bassi_is_super_admin" time="0.125" /><testcase classname="backend.tests.test_v957_mission.TestV957Mission" name="test_contact_artboost_is_super_admin" time="0.108" /><testcase classname="backend.tests.test_v957_mission.TestV957Mission" name="test_regular_user_not_super_admin" time="0.113" /><testcase classname="backend.tests.test_v957_mission.TestV957Mission" name="test_partners_active_returns_list" time="0.128" /><testcase classname="backend.tests.test_v957_mission.TestV957Mission" name="test_partners_have_video_url" time="0.121" /><testcase classname="backend.tests.test_v957_mission.TestV957Mission" name="test_health_check" time="0.144" /><testcase classname="backend.tests.test_v957_mission.TestV957Mission" name="test_courses_endpoint" time="0.381" /><testcase classname="backend.tests.test_v957_mission.TestV957Mission" name="test_check_partner_super_admin_bypass" time="0.134" /></testsuite></testsuites>