<?xml version="1.0" encoding="utf-8"?><testsuites name="pytest tests"><testsuite name="pytest" errors="0" failures="1" skipped="0" tests="9" time="1.310" timestamp="2026-02-28T14:47:59.310299+00:00" hostname="agent-env-6e2f4ea7-455d-43a9-8106-37d46849ff2d"><testcase classname="backend.tests.test_v928_mission.TestPlatformSettingsAPI" name="test_get_platform_settings_returns_structure" time="0.178" /><testcase classname="backend.tests.test_v928_mission.TestPlatformSettingsAPI" name="test_get_platform_settings_super_admin_flag" time="0.107" /><testcase classname="backend.tests.test_v928_mission.TestPlatformSettingsAPI" name="test_put_platform_settings_super_admin_can_update" time="0.328" /><testcase classname="backend.tests.test_v928_mission.TestPlatformSettingsAPI" name="test_put_platform_settings_non_admin_forbidden" time="0.150" /><testcase classname="backend.tests.test_v928_mission.TestBassiReservationsAntiRegression" name="test_bassi_has_7_reservations" time="0.140"><failure message="AssertionError: Reservations should be a list&#10;assert False&#10; +  where False = isinstance({'data': [{'courseName': 'Afroboost Silent – Session Cardio', 'courseTime': '18:30', 'createdAt': '2026-02-27T09:28:44.857340+00:00', 'datetime': '2026-03-04T17:30:00.000Z', ...}, {'courseName': 'Afroboost Silent – Session Cardio', 'courseTime': '18:30', 'createdAt': '2026-02-27T09:25:35.152639+00:00', 'datetime': '2026-03-04T17:30:00.000Z', ...}, {'courseName': 'Afroboost Silent – Session Cardio', 'courseTime': '18:30', 'createdAt': '2026-02-27T09:17:22.112411+00:00', 'datetime': '2026-03-04T17:30:00.000Z', ...}, {'courseName': 'Afroboost Silent – Session Cardio', 'courseTime': '18:30', 'createdAt': '2026-02-27T09:13:36.953728+00:00', 'datetime': '2026-03-04T17:30:00.000Z', ...}, {'courseName': 'Afroboost Silent – Session Cardio', 'courseTime': '18:30', 'createdAt': '2026-02-27T09:11:43.506466+00:00', 'datetime': '2026-03-04T17:30:00.000Z', ...}, {'courseName': 'Afroboost Silent – Sunday Vibes', 'courseTime': '18:30', 'createdAt': '2026-02-27T08:55:51.690775+00:00', 'datetime': '2026-02-27T08:55:51.255Z', ...}, ...], 'pagination': {'limit': 20, 'page': 1, 'pages': 1, 'total': 7}}, list)">backend/tests/test_v928_mission.py:89: in test_bassi_has_7_reservations
    assert isinstance(data, list), "Reservations should be a list"
E   AssertionError: Reservations should be a list
E   assert False
E    +  where False = isinstance({'data': [{'courseName': 'Afroboost Silent – Session Cardio', 'courseTime': '18:30', 'createdAt': '2026-02-27T09:28:44.857340+00:00', 'datetime': '2026-03-04T17:30:00.000Z', ...}, {'courseName': 'Afroboost Silent – Session Cardio', 'courseTime': '18:30', 'createdAt': '2026-02-27T09:25:35.152639+00:00', 'datetime': '2026-03-04T17:30:00.000Z', ...}, {'courseName': 'Afroboost Silent – Session Cardio', 'courseTime': '18:30', 'createdAt': '2026-02-27T09:17:22.112411+00:00', 'datetime': '2026-03-04T17:30:00.000Z', ...}, {'courseName': 'Afroboost Silent – Session Cardio', 'courseTime': '18:30', 'createdAt': '2026-02-27T09:13:36.953728+00:00', 'datetime': '2026-03-04T17:30:00.000Z', ...}, {'courseName': 'Afroboost Silent – Session Cardio', 'courseTime': '18:30', 'createdAt': '2026-02-27T09:11:43.506466+00:00', 'datetime': '2026-03-04T17:30:00.000Z', ...}, {'courseName': 'Afroboost Silent – Sunday Vibes', 'courseTime': '18:30', 'createdAt': '2026-02-27T08:55:51.690775+00:00', 'datetime': '2026-02-27T08:55:51.255Z', ...}, ...], 'pagination': {'limit': 20, 'page': 1, 'pages': 1, 'total': 7}}, list)</failure></testcase><testcase classname="backend.tests.test_v928_mission.TestCoachVitrineAPI" name="test_coach_vitrine_returns_courses" time="0.121" /><testcase classname="backend.tests.test_v928_mission.TestCoursesAPI" name="test_courses_returns_list" time="0.105" /><testcase classname="backend.tests.test_v928_mission.TestMarchDates" name="test_next_dates_calculation" time="0.000" /><testcase classname="backend.tests.test_v928_mission.TestReservationCreation" name="test_reservation_create_endpoint_exists" time="0.103" /></testsuite></testsuites>