<?xml version="1.0" encoding="utf-8"?><testsuites name="pytest tests"><testsuite name="pytest" errors="0" failures="0" skipped="0" tests="15" time="1.972" timestamp="2026-02-27T12:41:46.530286+00:00" hostname="agent-env-41b92b7b-9b28-4961-993e-c758df921663"><testcase classname="backend.tests.test_v895_isolation.TestNonRegression" name="test_courses_intact" time="0.259" /><testcase classname="backend.tests.test_v895_isolation.TestNonRegression" name="test_offers_intact" time="0.125" /><testcase classname="backend.tests.test_v895_isolation.TestNonRegression" name="test_discount_codes_intact" time="0.116" /><testcase classname="backend.tests.test_v895_isolation.TestNonRegression" name="test_payment_links_intact" time="0.128" /><testcase classname="backend.tests.test_v895_isolation.TestSuperAdminIsolation" name="test_reservations_super_admin_sees_all" time="0.116" /><testcase classname="backend.tests.test_v895_isolation.TestSuperAdminIsolation" name="test_campaigns_super_admin_sees_all" time="0.110" /><testcase classname="backend.tests.test_v895_isolation.TestSuperAdminIsolation" name="test_chat_participants_super_admin_sees_all" time="0.109" /><testcase classname="backend.tests.test_v895_isolation.TestCoachIsolation" name="test_reservations_unknown_coach_sees_zero" time="0.143" /><testcase classname="backend.tests.test_v895_isolation.TestCoachIsolation" name="test_campaigns_unknown_coach_sees_zero" time="0.119" /><testcase classname="backend.tests.test_v895_isolation.TestCoachIsolation" name="test_chat_participants_unknown_coach_sees_zero" time="0.108" /><testcase classname="backend.tests.test_v895_isolation.TestNoHeaderBehavior" name="test_reservations_no_header" time="0.107" /><testcase classname="backend.tests.test_v895_isolation.TestNoHeaderBehavior" name="test_campaigns_no_header" time="0.117" /><testcase classname="backend.tests.test_v895_isolation.TestNoHeaderBehavior" name="test_chat_participants_no_header" time="0.125" /><testcase classname="backend.tests.test_v895_isolation.TestCaseInsensitiveEmail" name="test_super_admin_uppercase" time="0.104" /><testcase classname="backend.tests.test_v895_isolation.TestCaseInsensitiveEmail" name="test_super_admin_mixed_case" time="0.110" /></testsuite></testsuites>