<?xml version="1.0" encoding="utf-8"?><testsuites name="pytest tests"><testsuite name="pytest" errors="0" failures="0" skipped="0" tests="26" time="0.256" timestamp="2026-01-20T10:54:48.937927+00:00" hostname="agent-env-eed65a2f-21cb-4168-bdf6-ece892677b51"><testcase classname="tests.test_emailjs_whatsapp_bindings.TestEmailJSImportAndConstants" name="test_emailjs_sdk_import" time="0.002" /><testcase classname="tests.test_emailjs_whatsapp_bindings.TestEmailJSImportAndConstants" name="test_emailjs_service_id_constant" time="0.000" /><testcase classname="tests.test_emailjs_whatsapp_bindings.TestEmailJSImportAndConstants" name="test_emailjs_template_id_constant" time="0.000" /><testcase classname="tests.test_emailjs_whatsapp_bindings.TestEmailJSImportAndConstants" name="test_emailjs_public_key_constant" time="0.000" /><testcase classname="tests.test_emailjs_whatsapp_bindings.TestEmailJSInitialization" name="test_emailjs_init_in_useeffect" time="0.000" /><testcase classname="tests.test_emailjs_whatsapp_bindings.TestEmailJSInitialization" name="test_emailjs_init_useeffect_structure" time="0.000" /><testcase classname="tests.test_emailjs_whatsapp_bindings.TestHandleTestEmailJS" name="test_handle_test_emailjs_exists" time="0.000" /><testcase classname="tests.test_emailjs_whatsapp_bindings.TestHandleTestEmailJS" name="test_handle_test_emailjs_prevent_default" time="0.000" /><testcase classname="tests.test_emailjs_whatsapp_bindings.TestHandleTestEmailJS" name="test_handle_test_emailjs_stop_propagation" time="0.000" /><testcase classname="tests.test_emailjs_whatsapp_bindings.TestHandleTestEmailJS" name="test_handle_test_emailjs_direct_send" time="0.000" /><testcase classname="tests.test_emailjs_whatsapp_bindings.TestSendWhatsAppMessageDirect" name="test_send_whatsapp_message_direct_exists" time="0.000" /><testcase classname="tests.test_emailjs_whatsapp_bindings.TestSendWhatsAppMessageDirect" name="test_send_whatsapp_message_direct_logs" time="0.000" /><testcase classname="tests.test_emailjs_whatsapp_bindings.TestSendWhatsAppMessageDirect" name="test_send_whatsapp_message_direct_twilio_api" time="0.000" /><testcase classname="tests.test_emailjs_whatsapp_bindings.TestHandleTestWhatsApp" name="test_handle_test_whatsapp_exists" time="0.000" /><testcase classname="tests.test_emailjs_whatsapp_bindings.TestHandleTestWhatsApp" name="test_handle_test_whatsapp_prevent_default" time="0.000" /><testcase classname="tests.test_emailjs_whatsapp_bindings.TestHandleTestWhatsApp" name="test_handle_test_whatsapp_stop_propagation" time="0.000" /><testcase classname="tests.test_emailjs_whatsapp_bindings.TestHandleTestWhatsApp" name="test_handle_test_whatsapp_uses_direct_function" time="0.000" /><testcase classname="tests.test_emailjs_whatsapp_bindings.TestLaunchCampaignWithSend" name="test_launch_campaign_with_send_exists" time="0.000" /><testcase classname="tests.test_emailjs_whatsapp_bindings.TestLaunchCampaignWithSend" name="test_launch_campaign_with_send_prevent_default" time="0.000" /><testcase classname="tests.test_emailjs_whatsapp_bindings.TestLaunchCampaignWithSend" name="test_launch_campaign_with_send_stop_propagation" time="0.000" /><testcase classname="tests.test_emailjs_whatsapp_bindings.TestLaunchCampaignWithSend" name="test_launch_campaign_iterates_email_results" time="0.000" /><testcase classname="tests.test_emailjs_whatsapp_bindings.TestLaunchCampaignWithSend" name="test_launch_campaign_calls_emailjs_send" time="0.000" /><testcase classname="tests.test_emailjs_whatsapp_bindings.TestLaunchCampaignWithSend" name="test_launch_campaign_uses_send_whatsapp_direct" time="0.000" /><testcase classname="tests.test_emailjs_whatsapp_bindings.TestBackendAPIs" name="test_health_endpoint" time="0.098" /><testcase classname="tests.test_emailjs_whatsapp_bindings.TestBackendAPIs" name="test_campaigns_endpoint" time="0.041" /><testcase classname="tests.test_emailjs_whatsapp_bindings.TestBackendAPIs" name="test_whatsapp_config_endpoint" time="0.039" /></testsuite></testsuites>