<?xml version="1.0" encoding="utf-8"?><testsuites name="pytest tests"><testsuite name="pytest" errors="0" failures="0" skipped="0" tests="9" time="7.860" timestamp="2026-01-24T14:09:58.272327+00:00" hostname="agent-env-6fa50b6b-b089-4aa0-9ee5-bf277c8653fa"><testcase classname="backend.tests.test_crm_conversations.TestConversationsPagination" name="test_conversations_endpoint_exists" time="0.114" /><testcase classname="backend.tests.test_crm_conversations.TestConversationsPagination" name="test_conversations_pagination_structure" time="0.046" /><testcase classname="backend.tests.test_crm_conversations.TestConversationsPagination" name="test_conversations_pagination_page_limit" time="0.048" /><testcase classname="backend.tests.test_crm_conversations.TestConversationsPagination" name="test_conversations_has_more_logic" time="0.039" /><testcase classname="backend.tests.test_crm_conversations.TestConversationsSearch" name="test_conversations_search_parameter" time="0.042" /><testcase classname="backend.tests.test_crm_conversations.TestConversationsSearch" name="test_conversations_search_with_test_term" time="0.049" /><testcase classname="backend.tests.test_crm_conversations.TestConversationsSearch" name="test_conversations_search_empty_query" time="0.102" /><testcase classname="backend.tests.test_crm_conversations.TestConversationsEnrichment" name="test_conversations_enriched_structure" time="0.046" /><testcase classname="backend.tests.test_crm_conversations.TestAIChatIntegration" name="test_ai_chat_cafe_congolais_twint" time="7.308" /></testsuite></testsuites>