<?xml version="1.0" encoding="utf-8"?><testsuites name="pytest tests"><testsuite name="pytest" errors="0" failures="0" skipped="0" tests="10" time="5.421" timestamp="2026-02-28T19:57:29.090387+00:00" hostname="agent-env-925916c3-f319-47cc-a1b2-25af8594dfe2"><testcase classname="backend.tests.test_v942_mission.TestBulkEmailEndpoint" name="test_send_bulk_email_endpoint_exists" time="0.259" /><testcase classname="backend.tests.test_v942_mission.TestBulkEmailEndpoint" name="test_send_bulk_email_requires_recipients" time="0.107" /><testcase classname="backend.tests.test_v942_mission.TestBulkEmailEndpoint" name="test_send_bulk_email_requires_message" time="0.135" /><testcase classname="backend.tests.test_v942_mission.TestBulkEmailEndpoint" name="test_send_bulk_email_returns_background_task_response" time="0.111" /><testcase classname="backend.tests.test_v942_mission.TestExistingEndpointsAntiRegression" name="test_health_endpoint" time="0.129" /><testcase classname="backend.tests.test_v942_mission.TestExistingEndpointsAntiRegression" name="test_courses_endpoint" time="0.132" /><testcase classname="backend.tests.test_v942_mission.TestExistingEndpointsAntiRegression" name="test_offers_endpoint" time="0.120" /><testcase classname="backend.tests.test_v942_mission.TestExistingEndpointsAntiRegression" name="test_campaigns_endpoint" time="0.122" /><testcase classname="backend.tests.test_v942_mission.TestExistingEndpointsAntiRegression" name="test_ai_suggestions_endpoint" time="4.083" /><testcase classname="backend.tests.test_v942_mission.TestExistingEndpointsAntiRegression" name="test_single_campaign_send_email_endpoint" time="0.134" /></testsuite></testsuites>