<?xml version="1.0" encoding="utf-8"?><testsuites name="pytest tests"><testsuite name="pytest" errors="0" failures="0" skipped="0" tests="11" time="1.882" timestamp="2026-02-28T11:32:00.271624+00:00" hostname="agent-env-b01e4955-ad97-4cb3-a248-f4c7b848d564"><testcase classname="tests.test_v915_mission.TestMissionV915" name="test_health_check" time="0.300" /><testcase classname="tests.test_v915_mission.TestMissionV915" name="test_coach_vitrine_bassi_returns_data" time="0.162" /><testcase classname="tests.test_v915_mission.TestMissionV915" name="test_coach_vitrine_contains_session_cardio" time="0.145" /><testcase classname="tests.test_v915_mission.TestMissionV915" name="test_coach_vitrine_contains_sunday_vibes" time="0.170" /><testcase classname="tests.test_v915_mission.TestReservationsNonRegression" name="test_reservations_count_preserved" time="0.154" /><testcase classname="tests.test_v915_mission.TestReservationsNonRegression" name="test_bassi_reservations_exist" time="0.141" /><testcase classname="tests.test_v915_mission.TestReservationsNonRegression" name="test_session_cardio_mars_dates_preserved" time="0.152" /><testcase classname="tests.test_v915_mission.TestCoursesAPI" name="test_courses_endpoint_returns_two_courses" time="0.149" /><testcase classname="tests.test_v915_mission.TestCoursesAPI" name="test_session_cardio_course_exists" time="0.142" /><testcase classname="tests.test_v915_mission.TestCoursesAPI" name="test_sunday_vibes_course_exists" time="0.153" /><testcase classname="tests.test_v915_mission.TestOffersAPI" name="test_offers_endpoint_returns_offers" time="0.146" /></testsuite></testsuites>