<?xml version="1.0" encoding="utf-8"?><testsuites name="pytest tests"><testsuite name="pytest" errors="0" failures="0" skipped="0" tests="22" time="0.582" timestamp="2026-02-05T22:11:37.894613+00:00" hostname="agent-env-e67bfc2c-7978-4090-9c65-c2710d1dff97"><testcase classname="backend.tests.test_dm_typing_avatar.TestHealthAndBasicAPIs" name="test_api_health" time="0.080" /><testcase classname="backend.tests.test_dm_typing_avatar.TestHealthAndBasicAPIs" name="test_promo_code_basxx_valid" time="0.042" /><testcase classname="backend.tests.test_dm_typing_avatar.TestPrivateMessagingAPIs" name="test_create_private_conversation" time="0.040" /><testcase classname="backend.tests.test_dm_typing_avatar.TestPrivateMessagingAPIs" name="test_send_private_message" time="0.075" /><testcase classname="backend.tests.test_dm_typing_avatar.TestPrivateMessagingAPIs" name="test_get_private_messages" time="0.124" /><testcase classname="backend.tests.test_dm_typing_avatar.TestProfilePhotoUpload" name="test_profile_photo_upload_endpoint_exists" time="0.045" /><testcase classname="backend.tests.test_dm_typing_avatar.TestSmartEntryAPI" name="test_smart_entry_creates_session" time="0.043" /><testcase classname="backend.tests.test_dm_typing_avatar.TestSmartEntryAPI" name="test_smart_entry_returns_participant_id" time="0.040" /><testcase classname="backend.tests.test_dm_typing_avatar.TestSocketIOEventsBackend" name="test_backend_has_dm_typing_handlers" time="0.002" /><testcase classname="backend.tests.test_dm_typing_avatar.TestSocketIOEventsBackend" name="test_backend_has_avatar_updated_handler" time="0.001" /><testcase classname="backend.tests.test_dm_typing_avatar.TestFrontendCodeStructure" name="test_frontend_has_dm_typing_state" time="0.000" /><testcase classname="backend.tests.test_dm_typing_avatar.TestFrontendCodeStructure" name="test_frontend_has_emit_dm_typing_function" time="0.000" /><testcase classname="backend.tests.test_dm_typing_avatar.TestFrontendCodeStructure" name="test_frontend_has_emit_avatar_update_function" time="0.000" /><testcase classname="backend.tests.test_dm_typing_avatar.TestFrontendCodeStructure" name="test_frontend_has_dm_typing_indicator_ui" time="0.000" /><testcase classname="backend.tests.test_dm_typing_avatar.TestFrontendCodeStructure" name="test_frontend_has_private_message_input" time="0.000" /><testcase classname="backend.tests.test_dm_typing_avatar.TestFrontendCodeStructure" name="test_frontend_listens_to_dm_typing_event" time="0.000" /><testcase classname="backend.tests.test_dm_typing_avatar.TestFrontendCodeStructure" name="test_frontend_listens_to_avatar_changed_event" time="0.000" /><testcase classname="backend.tests.test_dm_typing_avatar.TestUIIconique" name="test_header_has_svg_icons" time="0.000" /><testcase classname="backend.tests.test_dm_typing_avatar.TestUIIconique" name="test_share_icon_is_wireframe" time="0.000" /><testcase classname="backend.tests.test_dm_typing_avatar.TestUIIconique" name="test_menu_icon_is_wireframe" time="0.000" /><testcase classname="backend.tests.test_dm_typing_avatar.TestF5Persistence" name="test_frontend_uses_afroboost_profile_key" time="0.000" /><testcase classname="backend.tests.test_dm_typing_avatar.TestF5Persistence" name="test_frontend_restores_session_on_mount" time="0.000" /></testsuite></testsuites>