<?xml version="1.0" encoding="utf-8"?><testsuites name="pytest tests"><testsuite name="pytest" errors="0" failures="1" skipped="1" tests="11" time="1.455" timestamp="2026-02-28T09:48:18.862344+00:00" hostname="agent-env-d373cf26-718e-4a19-a39c-8295a106d5fb"><testcase classname="tests.test_v900_deployment.TestNonRegression" name="test_reservations_count_super_admin" time="0.179" /><testcase classname="tests.test_v900_deployment.TestNonRegression" name="test_courses_count" time="0.128" /><testcase classname="tests.test_v900_deployment.TestNonRegression" name="test_offers_count" time="0.130" /><testcase classname="tests.test_v900_deployment.TestCoachVitrine" name="test_vitrine_bassi_returns_coach" time="0.135" /><testcase classname="tests.test_v900_deployment.TestCoachVitrine" name="test_vitrine_bassi_returns_courses" time="0.132" /><testcase classname="tests.test_v900_deployment.TestCoachVitrine" name="test_vitrine_bassi_returns_offers" time="0.139" /><testcase classname="tests.test_v900_deployment.TestCoachVitrine" name="test_vitrine_nonexistent_coach_404" time="0.142" /><testcase classname="tests.test_v900_deployment.TestStripeConfiguration" name="test_coach_packs_exist" time="0.133"><failure message="assert 404 == 200&#10; +  where 404 = &lt;Response [404]&gt;.status_code">tests/test_v900_deployment.py:143: in test_coach_packs_exist
    assert response.status_code == 200
E   assert 404 == 200
E    +  where 404 = &lt;Response [404]&gt;.status_code</failure></testcase><testcase classname="tests.test_v900_deployment.TestStripeConfiguration" name="test_stripe_success_url_contains_coach_dashboard" time="0.000"><skipped type="pytest.skip" message="Stripe checkout requires live API call - verified in code review">/app/backend/tests/test_v900_deployment.py:149: Stripe checkout requires live API call - verified in code review</skipped></testcase><testcase classname="tests.test_v900_deployment.TestAPIHealth" name="test_api_health" time="0.124" /><testcase classname="tests.test_v900_deployment.TestAPIHealth" name="test_coach_profile_endpoint" time="0.134" /></testsuite></testsuites>