<?xml version="1.0" encoding="utf-8"?><testsuites name="pytest tests"><testsuite name="pytest" errors="0" failures="0" skipped="0" tests="9" time="1.155" timestamp="2026-02-28T12:29:31.317237+00:00" hostname="agent-env-1d3a2fca-3bfe-4b4d-ac5a-79ea0a1ff5b8"><testcase classname="backend.tests.test_v919_mission.TestMissionV919" name="test_health_check" time="0.176" /><testcase classname="backend.tests.test_v919_mission.TestMissionV919" name="test_auth_me_endpoint_unauthorized" time="0.163" /><testcase classname="backend.tests.test_v919_mission.TestMissionV919" name="test_legacy_coach_auth_endpoint" time="0.151" /><testcase classname="backend.tests.test_v919_mission.TestMissionV919" name="test_coach_profile_endpoint" time="0.163" /><testcase classname="backend.tests.test_v919_mission.TestMissionV919" name="test_reservations_exist" time="0.148" /><testcase classname="backend.tests.test_v919_mission.TestMissionV919" name="test_courses_exist" time="0.153" /><testcase classname="backend.tests.test_v919_mission.TestMissionV919" name="test_server_py_line_count" time="0.003" /><testcase classname="backend.tests.test_v919_mission.TestMissionV919" name="test_auth_routes_module_exists" time="0.002" /><testcase classname="backend.tests.test_v919_mission.TestMissionV919" name="test_vitrine_bassi_exists" time="0.143" /></testsuite></testsuites>