<?xml version="1.0" encoding="utf-8"?><testsuites name="pytest tests"><testsuite name="pytest" errors="0" failures="1" skipped="0" tests="14" time="271.676" timestamp="2026-02-06T09:57:56.721741+00:00" hostname="agent-env-312a6548-3e1d-4437-b381-c4de232340be"><testcase classname="backend.tests.test_scheduler_timezone.TestSchedulerHealth" name="test_api_health" time="0.092" /><testcase classname="backend.tests.test_scheduler_timezone.TestSchedulerHealth" name="test_scheduler_health" time="0.031"><failure message="AssertionError: assert 'active' in ['running', 'stopped', 'unknown']&#10; +  where 'active' = &lt;built-in method get of dict object at 0xf8b20392f480&gt;('status')&#10; +    where &lt;built-in method get of dict object at 0xf8b20392f480&gt; = {'last_run': None, 'status': 'active'}.get">backend/tests/test_scheduler_timezone.py:54: in test_scheduler_health
    assert data.get("status") in ["running", "stopped", "unknown"]
E   AssertionError: assert 'active' in ['running', 'stopped', 'unknown']
E    +  where 'active' = &lt;built-in method get of dict object at 0xf8b20392f480&gt;('status')
E    +    where &lt;built-in method get of dict object at 0xf8b20392f480&gt; = {'last_run': None, 'status': 'active'}.get</failure></testcase><testcase classname="backend.tests.test_scheduler_timezone.TestSchedulerHealth" name="test_scheduler_status" time="0.035" /><testcase classname="backend.tests.test_scheduler_timezone.TestCampaignCRUD" name="test_get_campaigns" time="0.038" /><testcase classname="backend.tests.test_scheduler_timezone.TestCampaignCRUD" name="test_create_campaign_immediate" time="0.070" /><testcase classname="backend.tests.test_scheduler_timezone.TestCampaignCRUD" name="test_create_scheduled_campaign_paris_time" time="0.066" /><testcase classname="backend.tests.test_scheduler_timezone.TestTimezoneParsingLogic" name="test_campaign_with_utc_date" time="0.075" /><testcase classname="backend.tests.test_scheduler_timezone.TestTimezoneParsingLogic" name="test_campaign_with_offset_date" time="0.063" /><testcase classname="backend.tests.test_scheduler_timezone.TestTimezoneParsingLogic" name="test_campaign_without_timezone_interpreted_as_paris" time="0.064" /><testcase classname="backend.tests.test_scheduler_timezone.TestSchedulerExecution" name="test_scheduler_detects_scheduled_campaigns" time="60.507" /><testcase classname="backend.tests.test_scheduler_timezone.TestSchedulerExecution" name="test_group_message_sent_to_community" time="70.171" /><testcase classname="backend.tests.test_scheduler_timezone.TestInternalMessaging" name="test_internal_message_to_conversation" time="70.180" /><testcase classname="backend.tests.test_scheduler_timezone.TestCampaignStatusTransitions" name="test_status_scheduled_to_completed" time="70.145" /><testcase classname="backend.tests.test_scheduler_timezone.TestCleanup" name="test_cleanup_test_campaigns" time="0.038" /></testsuite></testsuites>