<?xml version="1.0" encoding="utf-8"?><testsuites name="pytest tests"><testsuite name="pytest" errors="0" failures="0" skipped="0" tests="21" time="2.661" timestamp="2026-01-22T14:27:23.125560+00:00" hostname="agent-env-f3a8a1fa-f246-472d-882e-9572306cab9a"><testcase classname="tests.test_media_links.TestMediaLinkEndpoints" name="test_health_check" time="0.158" /><testcase classname="tests.test_media_links.TestMediaLinkEndpoints" name="test_create_media_link_basic" time="0.085" /><testcase classname="tests.test_media_links.TestMediaLinkEndpoints" name="test_create_media_link_with_all_fields" time="0.154" /><testcase classname="tests.test_media_links.TestMediaLinkEndpoints" name="test_create_media_link_duplicate_slug" time="0.117" /><testcase classname="tests.test_media_links.TestMediaLinkEndpoints" name="test_create_media_link_missing_required_fields" time="0.149" /><testcase classname="tests.test_media_links.TestMediaLinkEndpoints" name="test_get_media_link_by_slug" time="0.114" /><testcase classname="tests.test_media_links.TestMediaLinkEndpoints" name="test_get_media_link_increments_views" time="0.186" /><testcase classname="tests.test_media_links.TestMediaLinkEndpoints" name="test_get_media_link_not_found" time="0.081" /><testcase classname="tests.test_media_links.TestMediaLinkEndpoints" name="test_list_media_links" time="0.106" /><testcase classname="tests.test_media_links.TestMediaLinkEndpoints" name="test_delete_media_link" time="0.142" /><testcase classname="tests.test_media_links.TestMediaLinkEndpoints" name="test_delete_media_link_not_found" time="0.077" /><testcase classname="tests.test_media_links.TestMediaLinkEndpoints" name="test_opengraph_endpoint" time="0.113" /><testcase classname="tests.test_media_links.TestMediaLinkEndpoints" name="test_opengraph_endpoint_not_found" time="0.071" /><testcase classname="tests.test_media_links.TestYouTubeExtraction" name="test_youtube_standard_url" time="0.125" /><testcase classname="tests.test_media_links.TestYouTubeExtraction" name="test_youtube_short_url" time="0.109" /><testcase classname="tests.test_media_links.TestYouTubeExtraction" name="test_youtube_embed_url" time="0.110" /><testcase classname="tests.test_media_links.TestYouTubeExtraction" name="test_youtube_shorts_url" time="0.105" /><testcase classname="tests.test_media_links.TestYouTubeExtraction" name="test_youtube_url_with_params" time="0.109" /><testcase classname="tests.test_media_links.TestYouTubeExtraction" name="test_custom_thumbnail_overrides_auto" time="0.104" /><testcase classname="tests.test_media_links.TestMediaViewerIntegration" name="test_full_media_link_flow" time="0.322" /><testcase classname="tests.test_media_links.TestExistingTestVideo" name="test_existing_test_video" time="0.034" /></testsuite></testsuites>