<?xml version="1.0" encoding="utf-8"?><testsuites name="pytest tests"><testsuite name="pytest" errors="0" failures="1" skipped="0" tests="12" time="1.160" timestamp="2026-02-28T12:39:58.501822+00:00" hostname="agent-env-1d3a2fca-3bfe-4b4d-ac5a-79ea0a1ff5b8"><testcase classname="backend.tests.test_v920_mission.TestHealthAndBasics" name="test_health_check" time="0.244" /><testcase classname="backend.tests.test_v920_mission.TestPromoRoutes" name="test_get_discount_codes" time="0.100" /><testcase classname="backend.tests.test_v920_mission.TestPromoRoutes" name="test_validate_discount_code_invalid" time="0.142" /><testcase classname="backend.tests.test_v920_mission.TestAuthRoutes" name="test_auth_me_unauthorized" time="0.132" /><testcase classname="backend.tests.test_v920_mission.TestAuthRoutes" name="test_coach_auth_legacy" time="0.095" /><testcase classname="backend.tests.test_v920_mission.TestSacredReservations" name="test_reservations_exist" time="0.130"><failure message="AssertionError: Should have at least some reservations&#10;assert 0 &gt; 0&#10; +  where 0 = len([])">backend/tests/test_v920_mission.py:79: in test_reservations_exist
    assert len(reservations) &gt; 0, "Should have at least some reservations"
E   AssertionError: Should have at least some reservations
E   assert 0 &gt; 0
E    +  where 0 = len([])</failure></testcase><testcase classname="backend.tests.test_v920_mission.TestFileStructure" name="test_server_py_line_count" time="0.003" /><testcase classname="backend.tests.test_v920_mission.TestFileStructure" name="test_coach_dashboard_line_count" time="0.002" /><testcase classname="backend.tests.test_v920_mission.TestFileStructure" name="test_crm_section_exists" time="0.002" /><testcase classname="backend.tests.test_v920_mission.TestFileStructure" name="test_promo_routes_module_exists" time="0.002" /><testcase classname="backend.tests.test_v920_mission.TestCourses" name="test_courses_exist" time="0.139" /><testcase classname="backend.tests.test_v920_mission.TestOffers" name="test_offers_exist" time="0.095" /></testsuite></testsuites>