<?xml version="1.0" encoding="utf-8"?><testsuites name="pytest tests"><testsuite name="pytest" errors="0" failures="0" skipped="0" tests="13" time="1.792" timestamp="2026-02-27T13:20:50.287710+00:00" hostname="agent-env-d373cf26-718e-4a19-a39c-8295a106d5fb"><testcase classname="backend.tests.test_v897_migration_saas.TestMigrationEndpoint" name="test_migration_requires_super_admin" time="0.261" /><testcase classname="backend.tests.test_v897_migration_saas.TestMigrationEndpoint" name="test_migration_success_for_super_admin" time="0.136" /><testcase classname="backend.tests.test_v897_migration_saas.TestCoachProfile" name="test_coach_profile_requires_email" time="0.110" /><testcase classname="backend.tests.test_v897_migration_saas.TestCoachProfile" name="test_super_admin_profile" time="0.110" /><testcase classname="backend.tests.test_v897_migration_saas.TestCoachProfile" name="test_unknown_coach_returns_404" time="0.166" /><testcase classname="backend.tests.test_v897_migration_saas.TestReservationsIsolation" name="test_reservations_with_super_admin" time="0.132" /><testcase classname="backend.tests.test_v897_migration_saas.TestReservationsIsolation" name="test_reservations_pagination" time="0.119" /><testcase classname="backend.tests.test_v897_migration_saas.TestCoachVitrine" name="test_vitrine_bassi" time="0.111" /><testcase classname="backend.tests.test_v897_migration_saas.TestCoachVitrine" name="test_vitrine_afroboost" time="0.161" /><testcase classname="backend.tests.test_v897_migration_saas.TestCoachVitrine" name="test_vitrine_unknown_coach_404" time="0.108" /><testcase classname="backend.tests.test_v897_migration_saas.TestNonRegression" name="test_health_endpoint" time="0.107" /><testcase classname="backend.tests.test_v897_migration_saas.TestNonRegression" name="test_courses_endpoint" time="0.102" /><testcase classname="backend.tests.test_v897_migration_saas.TestNonRegression" name="test_offers_endpoint" time="0.104" /></testsuite></testsuites>