<?xml version="1.0" encoding="utf-8"?><testsuites name="pytest tests"><testsuite name="pytest" errors="0" failures="0" skipped="0" tests="6" time="0.879" timestamp="2026-03-01T00:53:15.413655+00:00" hostname="agent-env-85b35d10-6aab-4828-a4b2-ae097435e412"><testcase classname="backend.tests.test_v964_mission.TestMissionV964" name="test_health_check" time="0.157" /><testcase classname="backend.tests.test_v964_mission.TestMissionV964" name="test_super_admin_unlimited_credits" time="0.113" /><testcase classname="backend.tests.test_v964_mission.TestMissionV964" name="test_partners_active_endpoint" time="0.115" /><testcase classname="backend.tests.test_v964_mission.TestMissionV964" name="test_courses_endpoint" time="0.103" /><testcase classname="backend.tests.test_v964_mission.TestMissionV964" name="test_offers_endpoint" time="0.170" /><testcase classname="backend.tests.test_v964_mission.TestMissionV964" name="test_concept_endpoint" time="0.161" /></testsuite></testsuites>