<?xml version="1.0" encoding="utf-8"?><testsuites name="pytest tests"><testsuite name="pytest" errors="0" failures="0" skipped="0" tests="9" time="0.619" timestamp="2026-01-29T21:12:27.781287+00:00" hostname="agent-env-2787be64-6c0f-4efb-adde-4bc2de4188b5"><testcase classname="backend.tests.test_scheduler_conversations.TestSchedulerHealth" name="test_scheduler_health_endpoint" time="0.144" /><testcase classname="backend.tests.test_scheduler_conversations.TestCommunityMessages" name="test_community_session_exists" time="0.086" /><testcase classname="backend.tests.test_scheduler_conversations.TestCommunityMessages" name="test_community_session_has_messages" time="0.039" /><testcase classname="backend.tests.test_scheduler_conversations.TestCommunityMessages" name="test_coach_bassi_messages_present" time="0.042" /><testcase classname="backend.tests.test_scheduler_conversations.TestCRMContacts" name="test_chat_participants_count" time="0.043" /><testcase classname="backend.tests.test_scheduler_conversations.TestCRMContacts" name="test_chat_participants_structure" time="0.081" /><testcase classname="backend.tests.test_scheduler_conversations.TestConversationsAPI" name="test_chat_sessions_list" time="0.051" /><testcase classname="backend.tests.test_scheduler_conversations.TestConversationsAPI" name="test_chat_sessions_structure" time="0.042" /><testcase classname="backend.tests.test_scheduler_conversations.TestReservationsExport" name="test_reservations_all_data_endpoint" time="0.039" /></testsuite></testsuites>