<?xml version="1.0" encoding="utf-8"?><testsuites name="pytest tests"><testsuite name="pytest" errors="0" failures="0" skipped="0" tests="33" time="0.196" timestamp="2026-02-06T04:38:53.035250+00:00" hostname="agent-env-e67bfc2c-7978-4090-9c65-c2710d1dff97"><testcase classname="backend.tests.test_sound_notifications.TestAPIHealth" name="test_api_health" time="0.067" /><testcase classname="backend.tests.test_sound_notifications.TestAPIHealth" name="test_promo_code_validation" time="0.036" /><testcase classname="backend.tests.test_sound_notifications.TestFrontendSoundFeatures" name="test_sound_enabled_state_exists" time="0.001" /><testcase classname="backend.tests.test_sound_notifications.TestFrontendSoundFeatures" name="test_toggle_sound_function_exists" time="0.001" /><testcase classname="backend.tests.test_sound_notifications.TestFrontendSoundFeatures" name="test_play_sound_if_enabled_wrapper" time="0.001" /><testcase classname="backend.tests.test_sound_notifications.TestFrontendSoundFeatures" name="test_toggle_sound_button_exists" time="0.001" /><testcase classname="backend.tests.test_sound_notifications.TestFrontendSoundFeatures" name="test_toggle_sound_button_has_speaker_icon" time="0.001" /><testcase classname="backend.tests.test_sound_notifications.TestFrontendSoundFeatures" name="test_toggle_sound_button_text_changes" time="0.001" /><testcase classname="backend.tests.test_sound_notifications.TestFrontendSoundFeatures" name="test_sound_toggle_closes_menu" time="0.001" /><testcase classname="backend.tests.test_sound_notifications.TestNotificationServiceSounds" name="test_play_notification_sound_function_exists" time="0.000" /><testcase classname="backend.tests.test_sound_notifications.TestNotificationServiceSounds" name="test_private_sound_type_exists" time="0.000" /><testcase classname="backend.tests.test_sound_notifications.TestNotificationServiceSounds" name="test_message_sound_type_exists" time="0.000" /><testcase classname="backend.tests.test_sound_notifications.TestNotificationServiceSounds" name="test_coach_sound_type_exists" time="0.000" /><testcase classname="backend.tests.test_sound_notifications.TestSocketIOCleanup" name="test_socket_off_connect" time="0.001" /><testcase classname="backend.tests.test_sound_notifications.TestSocketIOCleanup" name="test_socket_off_joined_session" time="0.000" /><testcase classname="backend.tests.test_sound_notifications.TestSocketIOCleanup" name="test_socket_off_connect_error" time="0.000" /><testcase classname="backend.tests.test_sound_notifications.TestSocketIOCleanup" name="test_socket_off_disconnect" time="0.000" /><testcase classname="backend.tests.test_sound_notifications.TestSocketIOCleanup" name="test_socket_off_message_received" time="0.000" /><testcase classname="backend.tests.test_sound_notifications.TestSocketIOCleanup" name="test_socket_off_user_typing" time="0.000" /><testcase classname="backend.tests.test_sound_notifications.TestSocketIOCleanup" name="test_socket_off_private_message_received" time="0.000" /><testcase classname="backend.tests.test_sound_notifications.TestSocketIOCleanup" name="test_socket_off_dm_typing" time="0.000" /><testcase classname="backend.tests.test_sound_notifications.TestSocketIOCleanup" name="test_socket_off_user_avatar_changed" time="0.000" /><testcase classname="backend.tests.test_sound_notifications.TestSocketIOCleanup" name="test_socket_disconnect_called" time="0.001" /><testcase classname="backend.tests.test_sound_notifications.TestAvatarRefresh" name="test_handle_avatar_changed_function_exists" time="0.000" /><testcase classname="backend.tests.test_sound_notifications.TestAvatarRefresh" name="test_avatar_changed_listener_registered" time="0.000" /><testcase classname="backend.tests.test_sound_notifications.TestAvatarRefresh" name="test_private_messages_updated_on_avatar_change" time="0.001" /><testcase classname="backend.tests.test_sound_notifications.TestAvatarRefresh" name="test_main_messages_updated_on_avatar_change" time="0.000" /><testcase classname="backend.tests.test_sound_notifications.TestSoundUsageInChat" name="test_private_sound_used_for_dm" time="0.000" /><testcase classname="backend.tests.test_sound_notifications.TestSoundUsageInChat" name="test_message_sound_used_for_group" time="0.001" /><testcase classname="backend.tests.test_sound_notifications.TestSoundUsageInChat" name="test_coach_sound_used_for_coach_response" time="0.000" /><testcase classname="backend.tests.test_sound_notifications.TestLocalStoragePersistence" name="test_sound_preference_loaded_on_mount" time="0.000" /><testcase classname="backend.tests.test_sound_notifications.TestLocalStoragePersistence" name="test_sound_preference_saved_on_toggle" time="0.001" /><testcase classname="backend.tests.test_sound_notifications.TestLocalStoragePersistence" name="test_sound_enabled_by_default" time="0.000" /></testsuite></testsuites>