<?xml version="1.0" encoding="utf-8"?><testsuites name="pytest tests"><testsuite name="pytest" errors="0" failures="0" skipped="0" tests="30" time="0.233" timestamp="2026-02-06T05:04:35.177586+00:00" hostname="agent-env-e67bfc2c-7978-4090-9c65-c2710d1dff97"><testcase classname="backend.tests.test_soundmanager_refactoring.TestSoundManagerFile" name="test_soundmanager_file_exists" time="0.000" /><testcase classname="backend.tests.test_soundmanager_refactoring.TestSoundManagerFile" name="test_soundmanager_has_isInSilenceHours" time="0.000" /><testcase classname="backend.tests.test_soundmanager_refactoring.TestSoundManagerFile" name="test_soundmanager_has_getSilenceHoursLabel" time="0.000" /><testcase classname="backend.tests.test_soundmanager_refactoring.TestSoundManagerFile" name="test_soundmanager_has_playSoundIfAllowed" time="0.000" /><testcase classname="backend.tests.test_soundmanager_refactoring.TestSoundManagerFile" name="test_soundmanager_has_SOUND_TYPES" time="0.000" /><testcase classname="backend.tests.test_soundmanager_refactoring.TestSoundManagerFile" name="test_soundmanager_constants" time="0.000" /><testcase classname="backend.tests.test_soundmanager_refactoring.TestSoundManagerFile" name="test_soundmanager_file_size" time="0.000" /><testcase classname="backend.tests.test_soundmanager_refactoring.TestChatWidgetImports" name="test_chatwidget_imports_soundmanager" time="0.001" /><testcase classname="backend.tests.test_soundmanager_refactoring.TestChatWidgetImports" name="test_chatwidget_imports_isInSilenceHours" time="0.001" /><testcase classname="backend.tests.test_soundmanager_refactoring.TestChatWidgetImports" name="test_chatwidget_imports_getSilenceHoursLabel" time="0.001" /><testcase classname="backend.tests.test_soundmanager_refactoring.TestChatWidgetImports" name="test_chatwidget_imports_playSoundIfAllowed" time="0.001" /><testcase classname="backend.tests.test_soundmanager_refactoring.TestChatWidgetImports" name="test_chatwidget_imports_SOUND_TYPES" time="0.000" /><testcase classname="backend.tests.test_soundmanager_refactoring.TestUseCallbackOptimization" name="test_playSoundIfEnabled_uses_useCallback" time="0.001" /><testcase classname="backend.tests.test_soundmanager_refactoring.TestUseCallbackOptimization" name="test_playSoundIfEnabled_has_dependencies" time="0.001" /><testcase classname="backend.tests.test_soundmanager_refactoring.TestUseCallbackOptimization" name="test_playSoundIfEnabled_delegates_to_playSoundIfAllowed" time="0.001" /><testcase classname="backend.tests.test_soundmanager_refactoring.TestMemoizedMessageBubble" name="test_memoized_uses_memo" time="0.001" /><testcase classname="backend.tests.test_soundmanager_refactoring.TestMemoizedMessageBubble" name="test_memoized_compares_msg_id" time="0.001" /><testcase classname="backend.tests.test_soundmanager_refactoring.TestMemoizedMessageBubble" name="test_memoized_compares_senderPhotoUrl" time="0.001" /><testcase classname="backend.tests.test_soundmanager_refactoring.TestMemoizedMessageBubble" name="test_memoized_compares_profilePhotoUrl" time="0.001" /><testcase classname="backend.tests.test_soundmanager_refactoring.TestMemoizedMessageBubble" name="test_memoized_returns_true_for_same_message" time="0.000" /><testcase classname="backend.tests.test_soundmanager_refactoring.TestGetSilenceHoursLabelUsage" name="test_toggle_uses_getSilenceHoursLabel" time="0.001" /><testcase classname="backend.tests.test_soundmanager_refactoring.TestGetSilenceHoursLabelUsage" name="test_toggle_shows_dynamic_hours" time="0.000" /><testcase classname="backend.tests.test_soundmanager_refactoring.TestGetSilenceHoursLabelUsage" name="test_console_log_uses_getSilenceHoursLabel" time="0.000" /><testcase classname="backend.tests.test_soundmanager_refactoring.TestFileSizes" name="test_chatwidget_reduced" time="0.001" /><testcase classname="backend.tests.test_soundmanager_refactoring.TestFileSizes" name="test_soundmanager_reasonable_size" time="0.001" /><testcase classname="backend.tests.test_soundmanager_refactoring.TestBackendAPI" name="test_api_health" time="0.070" /><testcase classname="backend.tests.test_soundmanager_refactoring.TestBackendAPI" name="test_promo_code_validation" time="0.077" /><testcase classname="backend.tests.test_soundmanager_refactoring.TestLocalStoragePersistence" name="test_sound_enabled_key" time="0.000" /><testcase classname="backend.tests.test_soundmanager_refactoring.TestLocalStoragePersistence" name="test_silence_auto_key" time="0.000" /><testcase classname="backend.tests.test_soundmanager_refactoring.TestLocalStoragePersistence" name="test_chatwidget_reads_from_localstorage" time="0.001" /></testsuite></testsuites>