<?xml version="1.0" encoding="utf-8"?><testsuites name="pytest tests"><testsuite name="pytest" errors="0" failures="0" skipped="0" tests="10" time="1.390" timestamp="2026-03-01T01:23:32.089449+00:00" hostname="agent-env-e6f8d9f5-976e-44c3-bb3a-6e1af0927159"><testcase classname="tests.test_v968_mission.TestCheckPartnerAPI" name="test_super_admin_returns_partner_true" time="0.155" /><testcase classname="tests.test_v968_mission.TestCheckPartnerAPI" name="test_second_super_admin_returns_partner_true" time="0.106" /><testcase classname="tests.test_v968_mission.TestCheckPartnerAPI" name="test_non_partner_returns_false" time="0.117" /><testcase classname="tests.test_v968_mission.TestCheckPartnerAPI" name="test_email_case_insensitivity" time="0.146" /><testcase classname="tests.test_v968_mission.TestPartnersActiveAPI" name="test_partners_active_returns_list" time="0.136" /><testcase classname="tests.test_v968_mission.TestPartnersActiveAPI" name="test_partners_are_unique_by_email" time="0.125" /><testcase classname="tests.test_v968_mission.TestPartnersActiveAPI" name="test_partners_have_required_fields" time="0.108" /><testcase classname="tests.test_v968_mission.TestHealthAPI" name="test_health_endpoint" time="0.181" /><testcase classname="tests.test_v968_mission.TestCreditsAPI" name="test_credits_check_with_super_admin" time="0.140" /><testcase classname="tests.test_v968_mission.TestCreditsAPI" name="test_credits_check_without_email" time="0.113" /></testsuite></testsuites>