<?xml version="1.0" encoding="utf-8"?><testsuites name="pytest tests"><testsuite name="pytest" errors="0" failures="0" skipped="0" tests="18" time="1.950" timestamp="2026-02-28T13:11:55.155220+00:00" hostname="agent-env-1d3a2fca-3bfe-4b4d-ac5a-79ea0a1ff5b8"><testcase classname="backend.tests.test_v923_mission.TestHealthAndBasicAPIs" name="test_health_endpoint" time="0.128" /><testcase classname="backend.tests.test_v923_mission.TestHealthAndBasicAPIs" name="test_courses_api" time="0.101" /><testcase classname="backend.tests.test_v923_mission.TestHealthAndBasicAPIs" name="test_offers_api" time="0.101" /><testcase classname="backend.tests.test_v923_mission.TestHealthAndBasicAPIs" name="test_concept_api" time="0.120" /><testcase classname="backend.tests.test_v923_mission.TestCoachProfile" name="test_super_admin_profile" time="0.103" /><testcase classname="backend.tests.test_v923_mission.TestCoachProfile" name="test_new_partner_profile_404" time="0.099" /><testcase classname="backend.tests.test_v923_mission.TestCoachProfile" name="test_profile_error_handling" time="0.094" /><testcase classname="backend.tests.test_v923_mission.TestReservationsAPI" name="test_super_admin_reservations" time="0.094" /><testcase classname="backend.tests.test_v923_mission.TestReservationsAPI" name="test_new_partner_empty_reservations" time="0.097" /><testcase classname="backend.tests.test_v923_mission.TestCampaignsAPI" name="test_campaigns_api_empty" time="0.098" /><testcase classname="backend.tests.test_v923_mission.TestCampaignsAPI" name="test_scheduler_health" time="0.108" /><testcase classname="backend.tests.test_v923_mission.TestConversationsAPI" name="test_conversations_api_empty" time="0.110" /><testcase classname="backend.tests.test_v923_mission.TestConversationsAPI" name="test_chat_sessions_api" time="0.097" /><testcase classname="backend.tests.test_v923_mission.TestConversationsAPI" name="test_chat_links_api" time="0.125" /><testcase classname="backend.tests.test_v923_mission.TestStripeConnectAPI" name="test_stripe_connect_status_new_partner" time="0.101" /><testcase classname="backend.tests.test_v923_mission.TestDiscountCodesAPI" name="test_discount_codes_api" time="0.097" /><testcase classname="backend.tests.test_v923_mission.TestPaymentLinksAPI" name="test_payment_links_api" time="0.102" /><testcase classname="backend.tests.test_v923_mission.TestUsersAPI" name="test_users_api" time="0.108" /></testsuite></testsuites>