<?xml version="1.0" encoding="utf-8"?><testsuites name="pytest tests"><testsuite name="pytest" errors="0" failures="0" skipped="0" tests="15" time="1.680" timestamp="2026-02-28T13:02:38.672309+00:00" hostname="agent-env-1d3a2fca-3bfe-4b4d-ac5a-79ea0a1ff5b8"><testcase classname="tests.test_v922_mission.TestV922MissionBackend" name="test_health_endpoint" time="0.273" /><testcase classname="tests.test_v922_mission.TestV922MissionBackend" name="test_coach_profile_endpoint_exists" time="0.097" /><testcase classname="tests.test_v922_mission.TestV922MissionBackend" name="test_coach_profile_super_admin_credits" time="0.121" /><testcase classname="tests.test_v922_mission.TestV922MissionBackend" name="test_coach_profile_new_partner_email" time="0.112" /><testcase classname="tests.test_v922_mission.TestV922MissionBackend" name="test_reservations_endpoint" time="0.110" /><testcase classname="tests.test_v922_mission.TestV922MissionBackend" name="test_courses_endpoint" time="0.097" /><testcase classname="tests.test_v922_mission.TestV922MissionBackend" name="test_offers_endpoint" time="0.101" /><testcase classname="tests.test_v922_mission.TestV922MissionBackend" name="test_concept_endpoint" time="0.098" /><testcase classname="tests.test_v922_mission.TestV922MissionBackend" name="test_auth_routes_google_session_endpoint_exists" time="0.090" /><testcase classname="tests.test_v922_mission.TestV922MissionBackend" name="test_auth_me_endpoint_without_auth" time="0.125" /><testcase classname="tests.test_v922_mission.TestV922MissionBackend" name="test_campaigns_endpoint" time="0.094" /><testcase classname="tests.test_v922_mission.TestV922MissionBackend" name="test_discount_codes_endpoint" time="0.099" /><testcase classname="tests.test_v922_mission.TestV922MissionPartnerProfile" name="test_partner_coach_profile_creation_structure" time="0.000" /><testcase classname="tests.test_v922_mission.TestV922MissionPartnerProfile" name="test_coach_stripe_connect_status_endpoint" time="0.105" /><testcase classname="tests.test_v922_mission.TestV922MissionBassiReservations" name="test_bassi_reservations_exist" time="0.101" /></testsuite></testsuites>