<?xml version="1.0" encoding="utf-8"?><testsuites name="pytest tests"><testsuite name="pytest" errors="0" failures="0" skipped="0" tests="11" time="1.774" timestamp="2026-02-28T15:51:37.578501+00:00" hostname="agent-env-6e2f4ea7-455d-43a9-8106-37d46849ff2d"><testcase classname="backend.tests.test_v931_mission.TestV931CheckPartnerAPI" name="test_check_partner_registered_coach_bassi" time="0.211" /><testcase classname="backend.tests.test_v931_mission.TestV931CheckPartnerAPI" name="test_check_partner_non_coach" time="0.113" /><testcase classname="backend.tests.test_v931_mission.TestV931CheckPartnerAPI" name="test_check_partner_super_admin" time="0.111" /><testcase classname="backend.tests.test_v931_mission.TestV931UploadAssetIsolation" name="test_upload_asset_requires_email_header" time="0.189" /><testcase classname="backend.tests.test_v931_mission.TestV931UploadAssetIsolation" name="test_upload_asset_with_valid_coach_email" time="0.125" /><testcase classname="backend.tests.test_v931_mission.TestV931DirectoryStructure" name="test_coaches_uploads_directory_mounted" time="0.147" /><testcase classname="backend.tests.test_v931_mission.TestV931AntiRegression" name="test_bassi_reservations_count" time="0.138" /><testcase classname="backend.tests.test_v931_mission.TestV931Homepage" name="test_courses_api_returns_data" time="0.132" /><testcase classname="backend.tests.test_v931_mission.TestV931VitrinePaymentButtons" name="test_vitrine_endpoint_exists" time="0.229" /><testcase classname="backend.tests.test_v931_mission.TestV931VitrinePaymentButtons" name="test_payment_links_public_endpoint" time="0.115" /><testcase classname="backend.tests.test_v931_mission.TestV931MaPageSingleSaveButton" name="test_concept_endpoint_works" time="0.149" /></testsuite></testsuites>