<?xml version="1.0" encoding="utf-8"?><testsuites name="pytest tests"><testsuite name="pytest" errors="0" failures="0" skipped="0" tests="17" time="1.413" timestamp="2026-01-21T11:11:00.446948+00:00" hostname="agent-env-1f0e8f9e-b27f-488e-8e2c-851b8601aa4c"><testcase classname="tests.test_chat_features_v28.TestCommunityChat" name="test_create_community_session" time="0.098" /><testcase classname="tests.test_chat_features_v28.TestCommunityChat" name="test_create_human_session" time="0.044" /><testcase classname="tests.test_chat_features_v28.TestCommunityChat" name="test_create_ai_session" time="0.039" /><testcase classname="tests.test_chat_features_v28.TestSessionModeChange" name="test_change_mode_ai_to_human" time="0.071" /><testcase classname="tests.test_chat_features_v28.TestSessionModeChange" name="test_change_mode_human_to_community" time="0.076" /><testcase classname="tests.test_chat_features_v28.TestSessionModeChange" name="test_change_mode_community_to_ai" time="0.080" /><testcase classname="tests.test_chat_features_v28.TestSessionModeChange" name="test_update_session_title_and_notes" time="0.066" /><testcase classname="tests.test_chat_features_v28.TestMessageDeletion" name="test_delete_message" time="0.111" /><testcase classname="tests.test_chat_features_v28.TestMessageDeletion" name="test_get_messages_excludes_deleted" time="0.112" /><testcase classname="tests.test_chat_features_v28.TestLinkifyText" name="test_message_with_url" time="0.117" /><testcase classname="tests.test_chat_features_v28.TestLinkifyText" name="test_coach_message_with_url" time="0.077" /><testcase classname="tests.test_chat_features_v28.TestNotificationService" name="test_session_mode_indicator" time="0.105" /><testcase classname="tests.test_chat_features_v28.TestChatWidgetMenu" name="test_session_soft_delete" time="0.075" /><testcase classname="tests.test_chat_features_v28.TestChatWidgetMenu" name="test_get_sessions_excludes_deleted" time="0.104" /><testcase classname="tests.test_chat_features_v28.TestHealthAndBasics" name="test_health_endpoint" time="0.036" /><testcase classname="tests.test_chat_features_v28.TestHealthAndBasics" name="test_chat_sessions_endpoint" time="0.034" /><testcase classname="tests.test_chat_features_v28.TestHealthAndBasics" name="test_chat_participants_endpoint" time="0.038" /></testsuite></testsuites>