<?xml version="1.0" encoding="utf-8"?><testsuites name="pytest tests"><testsuite name="pytest" errors="0" failures="0" skipped="0" tests="11" time="1.920" timestamp="2026-02-28T11:45:29.448323+00:00" hostname="agent-env-b01e4955-ad97-4cb3-a248-f4c7b848d564"><testcase classname="backend.tests.test_v916_mission.TestHealthCheck" name="test_health_endpoint" time="0.303" /><testcase classname="backend.tests.test_v916_mission.TestSuperAdminBypass" name="test_reservations_bypass_for_super_admin" time="0.145" /><testcase classname="backend.tests.test_v916_mission.TestSuperAdminBypass" name="test_contacts_bypass_for_super_admin" time="0.166" /><testcase classname="backend.tests.test_v916_mission.TestSuperAdminBypass" name="test_campaigns_bypass_for_super_admin" time="0.162" /><testcase classname="backend.tests.test_v916_mission.TestSuperAdminBypass" name="test_coach_profile_unlimited_credits" time="0.169" /><testcase classname="backend.tests.test_v916_mission.TestNonRegressionReservations" name="test_reservations_count" time="0.143" /><testcase classname="backend.tests.test_v916_mission.TestNonRegressionCourses" name="test_courses_exist" time="0.160" /><testcase classname="backend.tests.test_v916_mission.TestVitrinePartenaireAfroboost" name="test_vitrine_bassi_returns_coach_data" time="0.143" /><testcase classname="backend.tests.test_v916_mission.TestDiscountCodesAPI" name="test_get_discount_codes" time="0.163" /><testcase classname="backend.tests.test_v916_mission.TestUsersAPI" name="test_get_users" time="0.154" /><testcase classname="backend.tests.test_v916_mission.TestOffersAPI" name="test_get_offers" time="0.152" /></testsuite></testsuites>