<?xml version="1.0" encoding="utf-8"?><testsuites name="pytest tests"><testsuite name="pytest" errors="0" failures="0" skipped="0" tests="18" time="2.328" timestamp="2026-02-28T20:16:12.819932+00:00" hostname="agent-env-925916c3-f319-47cc-a1b2-25af8594dfe2"><testcase classname="backend.tests.test_v944_mission.TestMissionV944ColorPickers" name="test_health_endpoint" time="0.358" /><testcase classname="backend.tests.test_v944_mission.TestMissionV944ColorPickers" name="test_concept_get_includes_new_color_fields" time="0.138" /><testcase classname="backend.tests.test_v944_mission.TestMissionV944ColorPickers" name="test_concept_put_accepts_background_color" time="0.501" /><testcase classname="backend.tests.test_v944_mission.TestMissionV944ColorPickers" name="test_concept_put_accepts_glow_color" time="0.447" /><testcase classname="backend.tests.test_v944_mission.TestMissionV944ColorPickers" name="test_concept_put_updates_all_four_colors" time="0.463" /><testcase classname="backend.tests.test_v944_mission.TestMissionV944ColorPickers" name="test_concept_default_values" time="0.106" /><testcase classname="backend.tests.test_v944_mission.TestMissionV944ColorPickers" name="test_courses_endpoint" time="0.118" /><testcase classname="backend.tests.test_v944_mission.TestMissionV944ColorPickers" name="test_offers_endpoint" time="0.116" /><testcase classname="backend.tests.test_v944_mission.TestBackendCodeStructure" name="test_concept_model_has_background_color" time="0.002" /><testcase classname="backend.tests.test_v944_mission.TestBackendCodeStructure" name="test_concept_model_has_glow_color" time="0.001" /><testcase classname="backend.tests.test_v944_mission.TestBackendCodeStructure" name="test_concept_update_model_has_new_fields" time="0.001" /><testcase classname="backend.tests.test_v944_mission.TestFrontendCodeStructure" name="test_index_css_has_css_variables" time="0.000" /><testcase classname="backend.tests.test_v944_mission.TestFrontendCodeStructure" name="test_dashboard_has_four_color_pickers" time="0.002" /><testcase classname="backend.tests.test_v944_mission.TestFrontendCodeStructure" name="test_dashboard_has_presets" time="0.002" /><testcase classname="backend.tests.test_v944_mission.TestFrontendCodeStructure" name="test_dashboard_has_reset_button" time="0.002" /><testcase classname="backend.tests.test_v944_mission.TestFrontendCodeStructure" name="test_app_js_applies_colors" time="0.001" /><testcase classname="backend.tests.test_v944_mission.TestAntiRegression" name="test_chat_button_stays_violet_code" time="0.000" /><testcase classname="backend.tests.test_v944_mission.TestAntiRegression" name="test_primary_color_default" time="0.000" /></testsuite></testsuites>