<?xml version="1.0" encoding="utf-8"?><testsuites name="pytest tests"><testsuite name="pytest" errors="0" failures="0" skipped="0" tests="12" time="1.093" timestamp="2026-01-17T18:05:10.647371+00:00" hostname="agent-env-624f0af9-ba8a-48c4-bcdf-639076599cdf"><testcase classname="tests.test_coach_notifications.TestPaymentLinksNotificationFields" name="test_get_payment_links_returns_notification_fields" time="0.071" /><testcase classname="tests.test_coach_notifications.TestPaymentLinksNotificationFields" name="test_update_payment_links_with_notification_email" time="0.079" /><testcase classname="tests.test_coach_notifications.TestPaymentLinksNotificationFields" name="test_update_payment_links_with_notification_phone" time="0.072" /><testcase classname="tests.test_coach_notifications.TestPaymentLinksNotificationFields" name="test_update_both_notification_fields" time="0.036" /><testcase classname="tests.test_coach_notifications.TestNotifyCoachEndpoint" name="test_notify_coach_returns_formatted_message" time="0.069" /><testcase classname="tests.test_coach_notifications.TestNotifyCoachEndpoint" name="test_notify_coach_message_contains_client_info" time="0.071" /><testcase classname="tests.test_coach_notifications.TestNotifyCoachEndpoint" name="test_notify_coach_without_config_returns_error" time="0.134" /><testcase classname="tests.test_coach_notifications.TestNotifyCoachEndpoint" name="test_notify_coach_with_only_email_config" time="0.151" /><testcase classname="tests.test_coach_notifications.TestNotifyCoachEndpoint" name="test_notify_coach_with_only_phone_config" time="0.114" /><testcase classname="tests.test_coach_notifications.TestCoachLogin" name="test_coach_login_success" time="0.034" /><testcase classname="tests.test_coach_notifications.TestCoachLogin" name="test_coach_login_failure" time="0.034" /><testcase classname="tests.test_coach_notifications.TestIntegrationFlow" name="test_complete_notification_setup_and_trigger" time="0.114" /></testsuite></testsuites>