<?xml version="1.0" encoding="utf-8"?><testsuites name="pytest tests"><testsuite name="pytest" errors="0" failures="0" skipped="0" tests="17" time="0.384" timestamp="2026-02-06T08:43:56.897139+00:00" hostname="agent-env-c14d75f5-ad93-4850-9721-6e30f1dc0790"><testcase classname="backend.tests.test_iteration56_zero_flash.TestBackendAPIs" name="test_api_root_health" time="0.076" /><testcase classname="backend.tests.test_iteration56_zero_flash.TestBackendAPIs" name="test_courses_endpoint" time="0.036" /><testcase classname="backend.tests.test_iteration56_zero_flash.TestBackendAPIs" name="test_courses_have_location_field" time="0.035" /><testcase classname="backend.tests.test_iteration56_zero_flash.TestBackendAPIs" name="test_groups_join_endpoint_exists" time="0.035" /><testcase classname="backend.tests.test_iteration56_zero_flash.TestBackendAPIs" name="test_smart_entry_endpoint" time="0.037" /><testcase classname="backend.tests.test_iteration56_zero_flash.TestBackendAPIs" name="test_promo_code_validation" time="0.038" /><testcase classname="backend.tests.test_iteration56_zero_flash.TestBackendAPIs" name="test_active_conversations_endpoint" time="0.041" /><testcase classname="backend.tests.test_iteration56_zero_flash.TestFrontendCodeReview" name="test_chatwidget_zero_flash_implementation" time="0.001" /><testcase classname="backend.tests.test_iteration56_zero_flash.TestFrontendCodeReview" name="test_chatwidget_overflow_anchor" time="0.001" /><testcase classname="backend.tests.test_iteration56_zero_flash.TestFrontendCodeReview" name="test_chatwidget_safe_area_inset" time="0.001" /><testcase classname="backend.tests.test_iteration56_zero_flash.TestFrontendCodeReview" name="test_bookingpanel_french_date_formatting" time="0.000" /><testcase classname="backend.tests.test_iteration56_zero_flash.TestFrontendCodeReview" name="test_bookingpanel_location_fallback" time="0.001" /><testcase classname="backend.tests.test_iteration56_zero_flash.TestFrontendCodeReview" name="test_campaignmanager_close_button_44px" time="0.001" /><testcase classname="backend.tests.test_iteration56_zero_flash.TestFrontendCodeReview" name="test_campaignmanager_modal_max_height" time="0.001" /><testcase classname="backend.tests.test_iteration56_zero_flash.TestZeroFlashLogic" name="test_zero_flash_detection_before_render" time="0.002" /><testcase classname="backend.tests.test_iteration56_zero_flash.TestZeroFlashLogic" name="test_zero_flash_direct_chat_step" time="0.001" /><testcase classname="backend.tests.test_iteration56_zero_flash.TestZeroFlashLogic" name="test_zero_flash_auto_open" time="0.001" /></testsuite></testsuites>