<?xml version="1.0" encoding="utf-8"?><testsuites name="pytest tests"><testsuite name="pytest" errors="0" failures="0" skipped="0" tests="8" time="0.717" timestamp="2026-01-17T17:49:28.711776+00:00" hostname="agent-env-624f0af9-ba8a-48c4-bcdf-639076599cdf"><testcase classname="tests.test_event_poster_api.TestEventPosterAPI" name="test_health_check" time="0.074" /><testcase classname="tests.test_event_poster_api.TestEventPosterAPI" name="test_get_concept_has_event_poster_fields" time="0.045" /><testcase classname="tests.test_event_poster_api.TestEventPosterAPI" name="test_update_concept_event_poster_enabled" time="0.109" /><testcase classname="tests.test_event_poster_api.TestEventPosterAPI" name="test_update_concept_event_poster_media_url" time="0.103" /><testcase classname="tests.test_event_poster_api.TestEventPosterAPI" name="test_concept_supports_youtube_url" time="0.115" /><testcase classname="tests.test_event_poster_api.TestEventPosterAPI" name="test_concept_supports_vimeo_url" time="0.102" /><testcase classname="tests.test_event_poster_api.TestCoachAuth" name="test_coach_login_success" time="0.033" /><testcase classname="tests.test_event_poster_api.TestCoachAuth" name="test_coach_login_failure" time="0.034" /></testsuite></testsuites>