<?xml version="1.0" encoding="utf-8"?><testsuites name="pytest tests"><testsuite name="pytest" errors="0" failures="0" skipped="0" tests="9" time="1.201" timestamp="2026-02-28T14:48:13.115784+00:00" hostname="agent-env-6e2f4ea7-455d-43a9-8106-37d46849ff2d"><testcase classname="backend.tests.test_v928_mission.TestPlatformSettingsAPI" name="test_get_platform_settings_returns_structure" time="0.132" /><testcase classname="backend.tests.test_v928_mission.TestPlatformSettingsAPI" name="test_get_platform_settings_super_admin_flag" time="0.116" /><testcase classname="backend.tests.test_v928_mission.TestPlatformSettingsAPI" name="test_put_platform_settings_super_admin_can_update" time="0.329" /><testcase classname="backend.tests.test_v928_mission.TestPlatformSettingsAPI" name="test_put_platform_settings_non_admin_forbidden" time="0.113" /><testcase classname="backend.tests.test_v928_mission.TestBassiReservationsAntiRegression" name="test_bassi_has_7_reservations" time="0.098" /><testcase classname="backend.tests.test_v928_mission.TestCoachVitrineAPI" name="test_coach_vitrine_returns_courses" time="0.103" /><testcase classname="backend.tests.test_v928_mission.TestCoursesAPI" name="test_courses_returns_list" time="0.101" /><testcase classname="backend.tests.test_v928_mission.TestMarchDates" name="test_next_dates_calculation" time="0.000" /><testcase classname="backend.tests.test_v928_mission.TestReservationCreation" name="test_reservation_create_endpoint_exists" time="0.147" /></testsuite></testsuites>