<?xml version="1.0" encoding="utf-8"?><testsuites name="pytest tests"><testsuite name="pytest" errors="0" failures="0" skipped="0" tests="16" time="6.931" timestamp="2026-01-24T14:31:06.425390+00:00" hostname="agent-env-6fa50b6b-b089-4aa0-9ee5-bf277c8653fa"><testcase classname="backend.tests.test_notifications_guardrails.TestNotificationEndpoints" name="test_get_unread_notifications_coach" time="0.269" /><testcase classname="backend.tests.test_notifications_guardrails.TestNotificationEndpoints" name="test_get_unread_notifications_client" time="0.278" /><testcase classname="backend.tests.test_notifications_guardrails.TestNotificationEndpoints" name="test_get_unread_notifications_with_session_filter" time="0.267" /><testcase classname="backend.tests.test_notifications_guardrails.TestNotificationEndpoints" name="test_mark_notifications_read_with_message_ids" time="0.334" /><testcase classname="backend.tests.test_notifications_guardrails.TestNotificationEndpoints" name="test_mark_notifications_read_all_for_target" time="0.256" /><testcase classname="backend.tests.test_notifications_guardrails.TestNotificationEndpoints" name="test_mark_notifications_read_with_session_filter" time="0.220" /><testcase classname="backend.tests.test_notifications_guardrails.TestNewMessageNotifiedField" name="test_new_message_has_notified_false" time="0.229" /><testcase classname="backend.tests.test_notifications_guardrails.TestNewMessageNotifiedField" name="test_message_notified_field_updates_after_mark_read" time="0.326" /><testcase classname="backend.tests.test_notifications_guardrails.TestGuardRailsAIVision" name="test_ai_recognizes_cafe_congolais" time="2.492" /><testcase classname="backend.tests.test_notifications_guardrails.TestGuardRailsTwintLink" name="test_ai_mentions_twint_for_payment" time="1.791" /><testcase classname="backend.tests.test_notifications_guardrails.TestCRMFunctionality" name="test_crm_conversations_endpoint" time="0.068" /><testcase classname="backend.tests.test_notifications_guardrails.TestCRMFunctionality" name="test_crm_search_functionality" time="0.121" /><testcase classname="backend.tests.test_notifications_guardrails.TestCRMFunctionality" name="test_crm_pagination_infinite_scroll" time="0.089" /><testcase classname="backend.tests.test_notifications_guardrails.TestHealthAndBasicEndpoints" name="test_health_endpoint" time="0.040" /><testcase classname="backend.tests.test_notifications_guardrails.TestHealthAndBasicEndpoints" name="test_offers_endpoint" time="0.037" /><testcase classname="backend.tests.test_notifications_guardrails.TestHealthAndBasicEndpoints" name="test_courses_endpoint" time="0.037" /></testsuite></testsuites>