<?xml version="1.0" encoding="utf-8"?><testsuites name="pytest tests"><testsuite name="pytest" errors="0" failures="0" skipped="0" tests="31" time="1.505" timestamp="2026-01-13T18:44:17.474219+00:00" hostname="agent-env-a3d6ba54-f6f2-4970-a4aa-ff54691085b3"><testcase classname="tests.test_afroboost_api.TestHealthAndRoot" name="test_api_root" time="0.079" /><testcase classname="tests.test_afroboost_api.TestCourses" name="test_get_courses" time="0.019" /><testcase classname="tests.test_afroboost_api.TestCourses" name="test_create_course" time="0.064" /><testcase classname="tests.test_afroboost_api.TestOffers" name="test_get_offers" time="0.051" /><testcase classname="tests.test_afroboost_api.TestOffers" name="test_create_offer_with_description" time="0.060" /><testcase classname="tests.test_afroboost_api.TestOffers" name="test_update_offer_description" time="0.069" /><testcase classname="tests.test_afroboost_api.TestUsers" name="test_get_users" time="0.009" /><testcase classname="tests.test_afroboost_api.TestUsers" name="test_create_user" time="0.012" /><testcase classname="tests.test_afroboost_api.TestDiscountCodes" name="test_get_discount_codes" time="0.050" /><testcase classname="tests.test_afroboost_api.TestDiscountCodes" name="test_create_discount_code" time="0.020" /><testcase classname="tests.test_afroboost_api.TestDiscountCodes" name="test_create_100_percent_discount_code" time="0.100" /><testcase classname="tests.test_afroboost_api.TestDiscountCodes" name="test_delete_discount_code" time="0.068" /><testcase classname="tests.test_afroboost_api.TestDiscountCodes" name="test_validate_discount_code" time="0.069" /><testcase classname="tests.test_afroboost_api.TestDiscountCodes" name="test_use_discount_code" time="0.068" /><testcase classname="tests.test_afroboost_api.TestConcept" name="test_get_concept" time="0.049" /><testcase classname="tests.test_afroboost_api.TestConcept" name="test_update_concept_with_logo_url" time="0.024" /><testcase classname="tests.test_afroboost_api.TestPaymentLinks" name="test_get_payment_links" time="0.052" /><testcase classname="tests.test_afroboost_api.TestPaymentLinks" name="test_update_payment_links" time="0.050" /><testcase classname="tests.test_afroboost_api.TestCoachAuth" name="test_coach_login_success" time="0.050" /><testcase classname="tests.test_afroboost_api.TestCoachAuth" name="test_coach_login_failure" time="0.010" /><testcase classname="tests.test_afroboost_api.TestReservations" name="test_get_reservations" time="0.049" /><testcase classname="tests.test_afroboost_api.TestReservations" name="test_create_reservation" time="0.017" /><testcase classname="tests.test_afroboost_api.TestConfig" name="test_get_config" time="0.050" /><testcase classname="tests.test_campaigns_api.TestCampaigns" name="test_get_campaigns" time="0.040" /><testcase classname="tests.test_campaigns_api.TestCampaigns" name="test_create_campaign_immediate" time="0.013" /><testcase classname="tests.test_campaigns_api.TestCampaigns" name="test_create_campaign_scheduled" time="0.012" /><testcase classname="tests.test_campaigns_api.TestCampaigns" name="test_get_single_campaign" time="0.100" /><testcase classname="tests.test_campaigns_api.TestCampaigns" name="test_update_campaign" time="0.061" /><testcase classname="tests.test_campaigns_api.TestCampaigns" name="test_launch_campaign" time="0.020" /><testcase classname="tests.test_campaigns_api.TestCampaigns" name="test_delete_campaign" time="0.106" /><testcase classname="tests.test_campaigns_api.TestPhoneFormatting" name="test_swiss_phone_formats" time="0.002" /></testsuite></testsuites>