<?xml version="1.0" encoding="utf-8"?><testsuites name="pytest tests"><testsuite name="pytest" errors="0" failures="0" skipped="0" tests="7" time="0.949" timestamp="2026-02-28T22:41:43.932755+00:00" hostname="agent-env-51ee982e-6a5f-4800-88e3-2ac595655dd5"><testcase classname="tests.test_v952_mission.TestCheckPartnerEndpoint" name="test_check_partner_returns_is_partner_and_has_credits_fields" time="0.168" /><testcase classname="tests.test_v952_mission.TestCheckPartnerEndpoint" name="test_check_partner_non_partner_user" time="0.176" /><testcase classname="tests.test_v952_mission.TestCheckPartnerEndpoint" name="test_check_partner_has_credits_field" time="0.108" /><testcase classname="tests.test_v952_mission.TestHealthEndpoint" name="test_health_endpoint" time="0.101" /><testcase classname="tests.test_v952_mission.TestPartnersActiveEndpoint" name="test_partners_active_returns_list" time="0.133" /><testcase classname="tests.test_v952_mission.TestAuthRoleEndpoint" name="test_auth_role_super_admin" time="0.110" /><testcase classname="tests.test_v952_mission.TestAuthRoleEndpoint" name="test_auth_role_regular_user" time="0.096" /></testsuite></testsuites>