<?xml version="1.0" encoding="utf-8"?><testsuites name="pytest tests"><testsuite name="pytest" errors="0" failures="0" skipped="0" tests="27" time="0.211" timestamp="2026-02-06T04:52:30.105986+00:00" hostname="agent-env-e67bfc2c-7978-4090-9c65-c2710d1dff97"><testcase classname="backend.tests.test_silence_auto_twilio.TestBackendHealth" name="test_api_health" time="0.092" /><testcase classname="backend.tests.test_silence_auto_twilio.TestBackendHealth" name="test_promo_code_validation" time="0.039" /><testcase classname="backend.tests.test_silence_auto_twilio.TestChatWidgetSilenceAuto" name="test_silence_auto_state_exists" time="0.001" /><testcase classname="backend.tests.test_silence_auto_twilio.TestChatWidgetSilenceAuto" name="test_toggle_silence_auto_function" time="0.001" /><testcase classname="backend.tests.test_silence_auto_twilio.TestChatWidgetSilenceAuto" name="test_is_in_silence_hours_function" time="0.001" /><testcase classname="backend.tests.test_silence_auto_twilio.TestChatWidgetSilenceAuto" name="test_play_sound_if_enabled_checks_silence" time="0.001" /><testcase classname="backend.tests.test_silence_auto_twilio.TestChatWidgetSilenceAuto" name="test_toggle_silence_auto_button_exists" time="0.000" /><testcase classname="backend.tests.test_silence_auto_twilio.TestChatWidgetSilenceAuto" name="test_toggle_silence_auto_moon_icon" time="0.001" /><testcase classname="backend.tests.test_silence_auto_twilio.TestChatWidgetSilenceAuto" name="test_toggle_silence_auto_text_changes" time="0.001" /><testcase classname="backend.tests.test_silence_auto_twilio.TestChatWidgetSilenceAuto" name="test_toggle_silence_auto_yellow_when_active" time="0.001" /><testcase classname="backend.tests.test_silence_auto_twilio.TestChatWidgetSilenceAuto" name="test_toggle_closes_menu_after_click" time="0.001" /><testcase classname="backend.tests.test_silence_auto_twilio.TestMemoizedMessageBubble" name="test_memoized_message_bubble_exists" time="0.000" /><testcase classname="backend.tests.test_silence_auto_twilio.TestMemoizedMessageBubble" name="test_memo_comparison_function" time="0.000" /><testcase classname="backend.tests.test_silence_auto_twilio.TestMemoizedMessageBubble" name="test_memoized_bubble_used_in_render" time="0.001" /><testcase classname="backend.tests.test_silence_auto_twilio.TestTypingTimeoutCleanup" name="test_typing_timeout_ref_exists" time="0.000" /><testcase classname="backend.tests.test_silence_auto_twilio.TestTypingTimeoutCleanup" name="test_typing_timeout_cleanup_in_useeffect" time="0.000" /><testcase classname="backend.tests.test_silence_auto_twilio.TestTwilioEnvVariable" name="test_twilio_enabled_in_env" time="0.000" /><testcase classname="backend.tests.test_silence_auto_twilio.TestTwilioEnvVariable" name="test_twilio_enabled_is_false" time="0.000" /><testcase classname="backend.tests.test_silence_auto_twilio.TestTwilioService" name="test_twilio_service_file_exists" time="0.000" /><testcase classname="backend.tests.test_silence_auto_twilio.TestTwilioService" name="test_is_twilio_enabled_function" time="0.000" /><testcase classname="backend.tests.test_silence_auto_twilio.TestTwilioService" name="test_send_whatsapp_message_function" time="0.000" /><testcase classname="backend.tests.test_silence_auto_twilio.TestTwilioService" name="test_format_whatsapp_number_function" time="0.000" /><testcase classname="backend.tests.test_silence_auto_twilio.TestTwilioService" name="test_twilio_service_exports" time="0.000" /><testcase classname="backend.tests.test_silence_auto_twilio.TestTwilioService" name="test_twilio_service_checks_enabled_before_send" time="0.000" /><testcase classname="backend.tests.test_silence_auto_twilio.TestSilenceAutoLogic" name="test_silence_auto_default_false" time="0.000" /><testcase classname="backend.tests.test_silence_auto_twilio.TestSilenceAutoLogic" name="test_silence_auto_console_log" time="0.000" /><testcase classname="backend.tests.test_silence_auto_twilio.TestSilenceAutoLogic" name="test_play_sound_logs_silence_mode" time="0.000" /></testsuite></testsuites>