<?xml version="1.0" encoding="utf-8"?><testsuites name="pytest tests"><testsuite name="pytest" errors="0" failures="0" skipped="1" tests="11" time="1.435" timestamp="2026-02-28T09:48:38.612049+00:00" hostname="agent-env-d373cf26-718e-4a19-a39c-8295a106d5fb"><testcase classname="tests.test_v900_deployment.TestNonRegression" name="test_reservations_count_super_admin" time="0.178" /><testcase classname="tests.test_v900_deployment.TestNonRegression" name="test_courses_count" time="0.128" /><testcase classname="tests.test_v900_deployment.TestNonRegression" name="test_offers_count" time="0.141" /><testcase classname="tests.test_v900_deployment.TestCoachVitrine" name="test_vitrine_bassi_returns_coach" time="0.128" /><testcase classname="tests.test_v900_deployment.TestCoachVitrine" name="test_vitrine_bassi_returns_courses" time="0.138" /><testcase classname="tests.test_v900_deployment.TestCoachVitrine" name="test_vitrine_bassi_returns_offers" time="0.127" /><testcase classname="tests.test_v900_deployment.TestCoachVitrine" name="test_vitrine_nonexistent_coach_404" time="0.128" /><testcase classname="tests.test_v900_deployment.TestStripeConfiguration" name="test_coach_packs_exist" time="0.128" /><testcase classname="tests.test_v900_deployment.TestStripeConfiguration" name="test_stripe_success_url_contains_coach_dashboard" time="0.000"><skipped type="pytest.skip" message="Stripe checkout requires live API call - verified in code review">/app/backend/tests/test_v900_deployment.py:149: Stripe checkout requires live API call - verified in code review</skipped></testcase><testcase classname="tests.test_v900_deployment.TestAPIHealth" name="test_api_health" time="0.138" /><testcase classname="tests.test_v900_deployment.TestAPIHealth" name="test_coach_profile_endpoint" time="0.137" /></testsuite></testsuites>