<?xml version="1.0" encoding="utf-8"?><testsuites name="pytest tests"><testsuite name="pytest" errors="0" failures="1" skipped="0" tests="12" time="1.605" timestamp="2026-02-28T15:58:57.303789+00:00" hostname="agent-env-6e2f4ea7-455d-43a9-8106-37d46849ff2d"><testcase classname="backend.tests.test_v932_mission.TestHealthCheck" name="test_api_health" time="0.217" /><testcase classname="backend.tests.test_v932_mission.TestHomepageDates" name="test_courses_endpoint" time="0.114" /><testcase classname="backend.tests.test_v932_mission.TestReservationsEtancheite" name="test_bassi_sees_all_reservations" time="0.113" /><testcase classname="backend.tests.test_v932_mission.TestReservationsEtancheite" name="test_new_partner_sees_zero_reservations" time="0.135" /><testcase classname="backend.tests.test_v932_mission.TestContactsEtancheite" name="test_bassi_sees_contacts" time="0.107" /><testcase classname="backend.tests.test_v932_mission.TestContactsEtancheite" name="test_new_partner_sees_zero_contacts" time="0.128" /><testcase classname="backend.tests.test_v932_mission.TestCheckPartnerAPI" name="test_registered_coach_is_partner" time="0.136"><failure message="AssertionError: Super Admin devrait être partenaire, trouvé: {'is_partner': False, 'email': 'contact.artboost@gmail.com'}&#10;assert False == True&#10; +  where False = &lt;built-in method get of dict object at 0xfe160a702cc0&gt;('is_partner')&#10; +    where &lt;built-in method get of dict object at 0xfe160a702cc0&gt; = {'email': 'contact.artboost@gmail.com', 'is_partner': False}.get">backend/tests/test_v932_mission.py:135: in test_registered_coach_is_partner
    assert data.get("is_partner") == True, \
E   AssertionError: Super Admin devrait être partenaire, trouvé: {'is_partner': False, 'email': 'contact.artboost@gmail.com'}
E   assert False == True
E    +  where False = &lt;built-in method get of dict object at 0xfe160a702cc0&gt;('is_partner')
E    +    where &lt;built-in method get of dict object at 0xfe160a702cc0&gt; = {'email': 'contact.artboost@gmail.com', 'is_partner': False}.get</failure></testcase><testcase classname="backend.tests.test_v932_mission.TestCheckPartnerAPI" name="test_unknown_email_is_not_partner" time="0.109" /><testcase classname="backend.tests.test_v932_mission.TestVitrineAPI" name="test_coach_vitrine_exists" time="0.106" /><testcase classname="backend.tests.test_v932_mission.TestConceptAPI" name="test_concept_endpoint" time="0.118" /><testcase classname="backend.tests.test_v932_mission.TestPaymentLinksAPI" name="test_payment_links_endpoint" time="0.114" /><testcase classname="backend.tests.test_v932_mission.TestDiscountCodesAPI" name="test_discount_validate_endpoint" time="0.120" /></testsuite></testsuites>