<?xml version="1.0" encoding="utf-8"?><testsuites name="pytest tests"><testsuite name="pytest" errors="0" failures="0" skipped="0" tests="9" time="1.516" timestamp="2026-02-28T11:06:47.837907+00:00" hostname="agent-env-d373cf26-718e-4a19-a39c-8295a106d5fb"><testcase classname="backend.tests.test_v913_mission.TestV913NonRegression" name="test_health_check" time="0.208" /><testcase classname="backend.tests.test_v913_mission.TestV913NonRegression" name="test_reservations_super_admin_7" time="0.164" /><testcase classname="backend.tests.test_v913_mission.TestV913NonRegression" name="test_courses_mars_intact" time="0.150" /><testcase classname="backend.tests.test_v913_mission.TestV913CoachProfile" name="test_coach_profile_returns_data" time="0.161" /><testcase classname="backend.tests.test_v913_mission.TestV913CoachProfile" name="test_coach_profile_platform_name_field" time="0.152" /><testcase classname="backend.tests.test_v913_mission.TestV913DashboardFeatures" name="test_auth_role_super_admin" time="0.148" /><testcase classname="backend.tests.test_v913_mission.TestV913DashboardFeatures" name="test_check_credits_unlimited" time="0.173" /><testcase classname="backend.tests.test_v913_mission.TestV913Offers" name="test_offers_list" time="0.156" /><testcase classname="backend.tests.test_v913_mission.TestV913Concept" name="test_concept_config" time="0.142" /></testsuite></testsuites>