<?xml version="1.0" encoding="utf-8"?><testsuites name="pytest tests"><testsuite name="pytest" errors="0" failures="0" skipped="0" tests="6" time="0.992" timestamp="2026-02-28T20:58:48.983495+00:00" hostname="agent-env-51ee982e-6a5f-4800-88e3-2ac595655dd5"><testcase classname="backend.tests.test_v947_mission.TestPartnersActiveEndpoint" name="test_partners_active_returns_list" time="0.214" /><testcase classname="backend.tests.test_v947_mission.TestPartnersActiveEndpoint" name="test_partners_active_structure" time="0.130" /><testcase classname="backend.tests.test_v947_mission.TestCoachVitrineEndpoint" name="test_bassi_vitrine_accessible" time="0.116" /><testcase classname="backend.tests.test_v947_mission.TestCoachVitrineEndpoint" name="test_vitrine_invalid_coach_404" time="0.203" /><testcase classname="backend.tests.test_v947_mission.TestCoachPacksEndpoint" name="test_coach_packs_accessible" time="0.109" /><testcase classname="backend.tests.test_v947_mission.TestConceptEndpoint" name="test_concept_bassi" time="0.159" /></testsuite></testsuites>