<?xml version="1.0" encoding="utf-8"?><testsuites name="pytest tests"><testsuite name="pytest" errors="0" failures="0" skipped="0" tests="11" time="17.448" timestamp="2026-02-28T19:48:50.117001+00:00" hostname="agent-env-925916c3-f319-47cc-a1b2-25af8594dfe2"><testcase classname="backend.tests.test_v941_campaign_ia.TestAICampaignSuggestions" name="test_ai_suggestions_endpoint_exists" time="5.880" /><testcase classname="backend.tests.test_v941_campaign_ia.TestAICampaignSuggestions" name="test_ai_suggestions_returns_3_suggestions" time="2.787" /><testcase classname="backend.tests.test_v941_campaign_ia.TestAICampaignSuggestions" name="test_ai_suggestions_types" time="2.969" /><testcase classname="backend.tests.test_v941_campaign_ia.TestAICampaignSuggestions" name="test_ai_suggestions_contain_text" time="4.827" /><testcase classname="backend.tests.test_v941_campaign_ia.TestAICampaignSuggestions" name="test_ai_suggestions_requires_goal" time="0.119" /><testcase classname="backend.tests.test_v941_campaign_ia.TestAICampaignSuggestions" name="test_ai_suggestions_empty_goal_rejected" time="0.110" /><testcase classname="backend.tests.test_v941_campaign_ia.TestNotificationBadgeNonRegression" name="test_chat_sessions_endpoint" time="0.158" /><testcase classname="backend.tests.test_v941_campaign_ia.TestNotificationBadgeNonRegression" name="test_conversations_active_endpoint" time="0.104" /><testcase classname="backend.tests.test_v941_campaign_ia.TestEmailNotifications" name="test_campaign_send_email_endpoint" time="0.123" /><testcase classname="backend.tests.test_v941_campaign_ia.TestCampaignsAPI" name="test_campaigns_list" time="0.095" /><testcase classname="backend.tests.test_v941_campaign_ia.TestCampaignsAPI" name="test_campaign_create" time="0.209" /></testsuite></testsuites>