<?xml version="1.0" encoding="utf-8"?><testsuites name="pytest tests"><testsuite name="pytest" errors="0" failures="0" skipped="0" tests="10" time="1.302" timestamp="2026-02-28T16:10:40.449438+00:00" hostname="agent-env-6e2f4ea7-455d-43a9-8106-37d46849ff2d"><testcase classname="tests.test_v933_mission.TestAntiRegression" name="test_bassi_has_7_reservations" time="0.196" /><testcase classname="tests.test_v933_mission.TestAntiRegression" name="test_bassi_has_8_contacts" time="0.108" /><testcase classname="tests.test_v933_mission.TestVitrineAPI" name="test_vitrine_loads_for_bassi" time="0.129" /><testcase classname="tests.test_v933_mission.TestVitrineAPI" name="test_vitrine_has_courses" time="0.112" /><testcase classname="tests.test_v933_mission.TestVitrineAPI" name="test_vitrine_has_offers" time="0.117" /><testcase classname="tests.test_v933_mission.TestCodePromo" name="test_validate_code_endpoint_exists" time="0.116" /><testcase classname="tests.test_v933_mission.TestPaymentLinks" name="test_payment_links_endpoint" time="0.141" /><testcase classname="tests.test_v933_mission.TestChatWidget" name="test_chat_smart_entry_endpoint" time="0.104" /><testcase classname="tests.test_v933_mission.TestChatWidget" name="test_check_partner_endpoint" time="0.125" /><testcase classname="tests.test_v933_mission.TestHomepageDates" name="test_courses_api_returns_data" time="0.097" /></testsuite></testsuites>