<?xml version="1.0" encoding="utf-8"?><testsuites name="pytest tests"><testsuite name="pytest" errors="0" failures="0" skipped="0" tests="23" time="2.819" timestamp="2026-02-27T11:45:18.490282+00:00" hostname="agent-env-41b92b7b-9b28-4961-993e-c758df921663"><testcase classname="backend.tests.test_coach_search_stripe_v892.TestHealthAndNonRegression" name="test_01_health_check" time="0.164" /><testcase classname="backend.tests.test_coach_search_stripe_v892.TestHealthAndNonRegression" name="test_02_get_courses" time="0.145" /><testcase classname="backend.tests.test_coach_search_stripe_v892.TestHealthAndNonRegression" name="test_03_get_offers" time="0.110" /><testcase classname="backend.tests.test_coach_search_stripe_v892.TestHealthAndNonRegression" name="test_04_get_payment_links" time="0.111" /><testcase classname="backend.tests.test_coach_search_stripe_v892.TestHealthAndNonRegression" name="test_05_get_concept" time="0.109" /><testcase classname="backend.tests.test_coach_search_stripe_v892.TestCoachSearchEndpoints" name="test_06_coach_search_empty_query" time="0.103" /><testcase classname="backend.tests.test_coach_search_stripe_v892.TestCoachSearchEndpoints" name="test_07_coach_search_short_query" time="0.112" /><testcase classname="backend.tests.test_coach_search_stripe_v892.TestCoachSearchEndpoints" name="test_08_coach_search_valid_query" time="0.118" /><testcase classname="backend.tests.test_coach_search_stripe_v892.TestCoachSearchEndpoints" name="test_09_coach_search_by_email" time="0.114" /><testcase classname="backend.tests.test_coach_search_stripe_v892.TestCoachSearchEndpoints" name="test_10_coach_search_special_chars" time="0.147" /><testcase classname="backend.tests.test_coach_search_stripe_v892.TestCoachPublicProfile" name="test_11_coach_public_profile_not_found" time="0.116" /><testcase classname="backend.tests.test_coach_search_stripe_v892.TestCoachPublicProfile" name="test_12_coach_public_profile_structure" time="0.120" /><testcase classname="backend.tests.test_coach_search_stripe_v892.TestStripeConnectEndpoints" name="test_13_stripe_connect_onboard_no_email" time="0.119" /><testcase classname="backend.tests.test_coach_search_stripe_v892.TestStripeConnectEndpoints" name="test_14_stripe_connect_onboard_invalid_coach" time="0.120" /><testcase classname="backend.tests.test_coach_search_stripe_v892.TestStripeConnectEndpoints" name="test_15_stripe_connect_status_no_email" time="0.109" /><testcase classname="backend.tests.test_coach_search_stripe_v892.TestStripeConnectEndpoints" name="test_16_stripe_connect_status_nonexistent_coach" time="0.110" /><testcase classname="backend.tests.test_coach_search_stripe_v892.TestCoachPacksWithSuperAdmin" name="test_17_get_public_coach_packs" time="0.110" /><testcase classname="backend.tests.test_coach_search_stripe_v892.TestCoachPacksWithSuperAdmin" name="test_18_get_all_coach_packs_super_admin" time="0.132" /><testcase classname="backend.tests.test_coach_search_stripe_v892.TestCoachPacksWithSuperAdmin" name="test_19_get_all_coach_packs_non_admin" time="0.100" /><testcase classname="backend.tests.test_coach_search_stripe_v892.TestCoachPacksWithSuperAdmin" name="test_20_admin_coaches_list" time="0.103" /><testcase classname="backend.tests.test_coach_search_stripe_v892.TestDefaultCoachIsolation" name="test_21_auth_role_super_admin" time="0.114" /><testcase classname="backend.tests.test_coach_search_stripe_v892.TestDefaultCoachIsolation" name="test_22_auth_role_user" time="0.129" /><testcase classname="backend.tests.test_coach_search_stripe_v892.TestDefaultCoachIsolation" name="test_23_auth_role_no_email" time="0.115" /></testsuite></testsuites>