<?xml version="1.0" encoding="utf-8"?><testsuites name="pytest tests"><testsuite name="pytest" errors="0" failures="0" skipped="0" tests="10" time="1.081" timestamp="2026-01-23T09:29:39.116775+00:00" hostname="agent-env-8f56dd99-7376-41f5-8d19-498c37292329"><testcase classname="tests.test_media_v33.TestMediaEndpoints" name="test_get_media_returns_required_fields" time="0.075" /><testcase classname="tests.test_media_v33.TestMediaEndpoints" name="test_get_media_returns_404_for_nonexistent" time="0.033" /><testcase classname="tests.test_media_v33.TestMediaEndpoints" name="test_put_media_updates_description" time="0.154" /><testcase classname="tests.test_media_v33.TestMediaEndpoints" name="test_put_media_updates_cta_text" time="0.151" /><testcase classname="tests.test_media_v33.TestMediaEndpoints" name="test_put_media_updates_cta_link" time="0.152" /><testcase classname="tests.test_media_v33.TestMediaEndpoints" name="test_put_media_returns_404_for_nonexistent" time="0.032" /><testcase classname="tests.test_media_v33.TestCampaignSendEmail" name="test_send_email_requires_to_email" time="0.036" /><testcase classname="tests.test_media_v33.TestCampaignSendEmail" name="test_send_email_requires_message" time="0.038" /><testcase classname="tests.test_media_v33.TestCampaignSendEmail" name="test_send_email_with_valid_payload" time="0.303" /><testcase classname="tests.test_media_v33.TestHealthCheck" name="test_health_endpoint" time="0.044" /></testsuite></testsuites>