<?xml version="1.0" encoding="utf-8"?><testsuites name="pytest tests"><testsuite name="pytest" errors="0" failures="0" skipped="0" tests="23" time="1.642" timestamp="2026-01-13T15:14:58.968204+00:00" hostname="agent-env-1be2746d-7a6a-4414-851f-40a1f3ada29f"><testcase classname="tests.test_afroboost_api.TestHealthAndRoot" name="test_api_root" time="0.092" /><testcase classname="tests.test_afroboost_api.TestCourses" name="test_get_courses" time="0.012" /><testcase classname="tests.test_afroboost_api.TestCourses" name="test_create_course" time="0.104" /><testcase classname="tests.test_afroboost_api.TestOffers" name="test_get_offers" time="0.050" /><testcase classname="tests.test_afroboost_api.TestOffers" name="test_create_offer_with_description" time="0.104" /><testcase classname="tests.test_afroboost_api.TestOffers" name="test_update_offer_description" time="0.107" /><testcase classname="tests.test_afroboost_api.TestUsers" name="test_get_users" time="0.051" /><testcase classname="tests.test_afroboost_api.TestUsers" name="test_create_user" time="0.055" /><testcase classname="tests.test_afroboost_api.TestDiscountCodes" name="test_get_discount_codes" time="0.009" /><testcase classname="tests.test_afroboost_api.TestDiscountCodes" name="test_create_discount_code" time="0.062" /><testcase classname="tests.test_afroboost_api.TestDiscountCodes" name="test_create_100_percent_discount_code" time="0.100" /><testcase classname="tests.test_afroboost_api.TestDiscountCodes" name="test_delete_discount_code" time="0.107" /><testcase classname="tests.test_afroboost_api.TestDiscountCodes" name="test_validate_discount_code" time="0.112" /><testcase classname="tests.test_afroboost_api.TestDiscountCodes" name="test_use_discount_code" time="0.109" /><testcase classname="tests.test_afroboost_api.TestConcept" name="test_get_concept" time="0.050" /><testcase classname="tests.test_afroboost_api.TestConcept" name="test_update_concept_with_logo_url" time="0.059" /><testcase classname="tests.test_afroboost_api.TestPaymentLinks" name="test_get_payment_links" time="0.009" /><testcase classname="tests.test_afroboost_api.TestPaymentLinks" name="test_update_payment_links" time="0.050" /><testcase classname="tests.test_afroboost_api.TestCoachAuth" name="test_coach_login_success" time="0.049" /><testcase classname="tests.test_afroboost_api.TestCoachAuth" name="test_coach_login_failure" time="0.009" /><testcase classname="tests.test_afroboost_api.TestReservations" name="test_get_reservations" time="0.049" /><testcase classname="tests.test_afroboost_api.TestReservations" name="test_create_reservation" time="0.063" /><testcase classname="tests.test_afroboost_api.TestConfig" name="test_get_config" time="0.019" /></testsuite></testsuites>