<?xml version="1.0" encoding="utf-8"?><testsuites name="pytest tests"><testsuite name="pytest" errors="0" failures="0" skipped="0" tests="15" time="1.546" timestamp="2026-01-21T12:21:41.219904+00:00" hostname="agent-env-1f0e8f9e-b27f-488e-8e2c-851b8601aa4c"><testcase classname="tests.test_chat_emojis_private_v30.TestHealthCheck" name="test_health_endpoint" time="0.082" /><testcase classname="tests.test_chat_emojis_private_v30.TestCustomEmojis" name="test_get_emojis_list" time="0.038" /><testcase classname="tests.test_chat_emojis_private_v30.TestCustomEmojis" name="test_upload_emoji_success" time="0.085" /><testcase classname="tests.test_chat_emojis_private_v30.TestCustomEmojis" name="test_upload_emoji_missing_name" time="0.036" /><testcase classname="tests.test_chat_emojis_private_v30.TestCustomEmojis" name="test_upload_emoji_missing_image" time="0.043" /><testcase classname="tests.test_chat_emojis_private_v30.TestCustomEmojis" name="test_upload_emoji_invalid_format" time="0.041" /><testcase classname="tests.test_chat_emojis_private_v30.TestCustomEmojis" name="test_delete_emoji_success" time="0.125" /><testcase classname="tests.test_chat_emojis_private_v30.TestCustomEmojis" name="test_delete_emoji_not_found" time="0.039" /><testcase classname="tests.test_chat_emojis_private_v30.TestPrivateChat" name="test_start_private_chat_success" time="0.223" /><testcase classname="tests.test_chat_emojis_private_v30.TestPrivateChat" name="test_start_private_chat_existing_session" time="0.303" /><testcase classname="tests.test_chat_emojis_private_v30.TestPrivateChat" name="test_start_private_chat_missing_initiator" time="0.034" /><testcase classname="tests.test_chat_emojis_private_v30.TestPrivateChat" name="test_start_private_chat_missing_target" time="0.032" /><testcase classname="tests.test_chat_emojis_private_v30.TestPrivateChat" name="test_start_private_chat_invalid_participant" time="0.038" /><testcase classname="tests.test_chat_emojis_private_v30.TestSessionParticipants" name="test_get_session_participants" time="0.251" /><testcase classname="tests.test_chat_emojis_private_v30.TestSessionParticipants" name="test_get_session_participants_not_found" time="0.035" /></testsuite></testsuites>