<?xml version="1.0" encoding="utf-8"?><testsuites name="pytest tests"><testsuite name="pytest" errors="0" failures="0" skipped="0" tests="14" time="2.689" timestamp="2026-02-28T11:19:35.006365+00:00" hostname="agent-env-d373cf26-718e-4a19-a39c-8295a106d5fb"><testcase classname="backend.tests.test_v914_mission.TestHealthAndBasicAPIs" name="test_health_check" time="0.306" /><testcase classname="backend.tests.test_v914_mission.TestHealthAndBasicAPIs" name="test_courses_endpoint" time="0.145" /><testcase classname="backend.tests.test_v914_mission.TestReservationRoutes" name="test_get_reservations_super_admin" time="0.151" /><testcase classname="backend.tests.test_v914_mission.TestReservationRoutes" name="test_check_reservation_eligibility_with_email" time="0.143" /><testcase classname="backend.tests.test_v914_mission.TestReservationRoutes" name="test_check_reservation_eligibility_with_code" time="0.176" /><testcase classname="backend.tests.test_v914_mission.TestReservationRoutes" name="test_check_reservation_eligibility_empty" time="0.169" /><testcase classname="backend.tests.test_v914_mission.TestCoachRoutes" name="test_get_coach_profile_super_admin" time="0.155" /><testcase classname="backend.tests.test_v914_mission.TestCoachRoutes" name="test_get_coach_profile_unauthorized" time="0.149" /><testcase classname="backend.tests.test_v914_mission.TestCoachRoutes" name="test_update_coach_profile_platform_name" time="0.150" /><testcase classname="backend.tests.test_v914_mission.TestCoachRoutes" name="test_update_coach_profile_unauthorized" time="0.145" /><testcase classname="backend.tests.test_v914_mission.TestServerRouteMigration" name="test_reservation_routes_accessible" time="0.312" /><testcase classname="backend.tests.test_v914_mission.TestServerRouteMigration" name="test_coach_routes_accessible" time="0.322" /><testcase classname="backend.tests.test_v914_mission.TestNonRegressionMars" name="test_mars_courses_structure" time="0.146" /><testcase classname="backend.tests.test_v914_mission.TestNonRegressionMars" name="test_reservations_have_required_fields" time="0.153" /></testsuite></testsuites>