<?xml version="1.0" encoding="utf-8"?><testsuites name="pytest tests"><testsuite name="pytest" errors="0" failures="1" skipped="0" tests="21" time="0.779" timestamp="2026-02-06T08:30:00.970118+00:00" hostname="agent-env-c14d75f5-ad93-4850-9721-6e30f1dc0790"><testcase classname="backend.tests.test_iteration55_features.TestGroupJoinAPI" name="test_groups_join_endpoint_exists" time="0.084" /><testcase classname="backend.tests.test_iteration55_features.TestGroupJoinAPI" name="test_groups_join_community_mode" time="0.047" /><testcase classname="backend.tests.test_iteration55_features.TestGroupJoinAPI" name="test_groups_join_vip_mode" time="0.049" /><testcase classname="backend.tests.test_iteration55_features.TestGroupJoinAPI" name="test_groups_join_invalid_group" time="0.038" /><testcase classname="backend.tests.test_iteration55_features.TestCoursesLocationField" name="test_courses_endpoint_works" time="0.036" /><testcase classname="backend.tests.test_iteration55_features.TestCoursesLocationField" name="test_courses_have_location_field" time="0.045" /><testcase classname="backend.tests.test_iteration55_features.TestCoursesLocationField" name="test_courses_location_matches_locationName" time="0.037" /><testcase classname="backend.tests.test_iteration55_features.TestChatSessionsHistory" name="test_chat_sessions_endpoint_exists" time="0.046" /><testcase classname="backend.tests.test_iteration55_features.TestChatSessionsHistory" name="test_chat_smart_entry_endpoint" time="0.040"><failure message="assert 400 in [200, 422, 500]&#10; +  where 400 = &lt;Response [400]&gt;.status_code">backend/tests/test_iteration55_features.py:134: in test_chat_smart_entry_endpoint
    assert response.status_code in [200, 422, 500]
E   assert 400 in [200, 422, 500]
E    +  where 400 = &lt;Response [400]&gt;.status_code</failure></testcase><testcase classname="backend.tests.test_iteration55_features.TestDiscountCodeValidation" name="test_validate_basxx_code" time="0.036" /><testcase classname="backend.tests.test_iteration55_features.TestDiscountCodeValidation" name="test_validate_promo20secret_code" time="0.039" /><testcase classname="backend.tests.test_iteration55_features.TestFrontendFileStructure" name="test_chatwidget_has_safe_area_inset" time="0.001" /><testcase classname="backend.tests.test_iteration55_features.TestFrontendFileStructure" name="test_chatwidget_has_auto_join_group" time="0.001" /><testcase classname="backend.tests.test_iteration55_features.TestFrontendFileStructure" name="test_chatwidget_has_history_persistence" time="0.000" /><testcase classname="backend.tests.test_iteration55_features.TestFrontendFileStructure" name="test_bookingpanel_uses_course_location" time="0.000" /><testcase classname="backend.tests.test_iteration55_features.TestFrontendFileStructure" name="test_campaignmanager_has_close_button" time="0.000" /><testcase classname="backend.tests.test_iteration55_features.TestFrontendFileStructure" name="test_campaignmanager_has_validate_button" time="0.000" /><testcase classname="backend.tests.test_iteration55_features.TestFrontendFileStructure" name="test_campaignmanager_dropdown_max_height" time="0.000" /><testcase classname="backend.tests.test_iteration55_features.TestAPIHealth" name="test_api_root" time="0.037" /><testcase classname="backend.tests.test_iteration55_features.TestAPIHealth" name="test_scheduler_health" time="0.079" /><testcase classname="backend.tests.test_iteration55_features.TestAPIHealth" name="test_conversations_active" time="0.044" /></testsuite></testsuites>