<?xml version="1.0" encoding="utf-8"?><testsuites name="pytest tests"><testsuite name="pytest" errors="0" failures="0" skipped="0" tests="14" time="1.100" timestamp="2026-02-05T22:01:02.729501+00:00" hostname="agent-env-e67bfc2c-7978-4090-9c65-c2710d1dff97"><testcase classname="backend.tests.test_profile_photo_dm.TestHealthCheck" name="test_api_health" time="0.066" /><testcase classname="backend.tests.test_profile_photo_dm.TestPromoCodeValidation" name="test_validate_basxx_code_correct_email" time="0.037" /><testcase classname="backend.tests.test_profile_photo_dm.TestPromoCodeValidation" name="test_validate_basxx_code_wrong_email" time="0.048" /><testcase classname="backend.tests.test_profile_photo_dm.TestPromoCodeValidation" name="test_validate_basxx_case_insensitive" time="0.044" /><testcase classname="backend.tests.test_profile_photo_dm.TestProfilePhotoUpload" name="test_upload_profile_photo_success" time="0.050" /><testcase classname="backend.tests.test_profile_photo_dm.TestProfilePhotoUpload" name="test_upload_profile_photo_invalid_type" time="0.038" /><testcase classname="backend.tests.test_profile_photo_dm.TestPrivateConversations" name="test_create_private_conversation" time="0.044" /><testcase classname="backend.tests.test_profile_photo_dm.TestPrivateConversations" name="test_get_existing_conversation" time="0.083" /><testcase classname="backend.tests.test_profile_photo_dm.TestPrivateConversations" name="test_get_conversation_reverse_order" time="0.095" /><testcase classname="backend.tests.test_profile_photo_dm.TestPrivateMessages" name="test_send_private_message" time="0.083" /><testcase classname="backend.tests.test_profile_photo_dm.TestPrivateMessages" name="test_get_private_messages" time="0.125" /><testcase classname="backend.tests.test_profile_photo_dm.TestPrivateMessages" name="test_mark_messages_read" time="0.120" /><testcase classname="backend.tests.test_profile_photo_dm.TestPrivateMessages" name="test_get_unread_count" time="0.119" /><testcase classname="backend.tests.test_profile_photo_dm.TestSmartEntry" name="test_smart_entry_new_user" time="0.039" /></testsuite></testsuites>