<?xml version="1.0" encoding="utf-8"?><testsuites name="pytest tests"><testsuite name="pytest" errors="0" failures="0" skipped="0" tests="20" time="0.467" timestamp="2026-02-07T14:41:28.175215+00:00" hostname="agent-env-8bed2c88-e2a5-4104-84f8-7411d45bddc1"><testcase classname="tests.test_media_cta_validation.TestPromoCodeValidation" name="test_promo_code_valid" time="0.057" /><testcase classname="tests.test_media_cta_validation.TestPromoCodeValidation" name="test_invalid_promo_code" time="0.043" /><testcase classname="tests.test_media_cta_validation.TestReservationEligibility" name="test_eligibility_with_valid_code" time="0.039" /><testcase classname="tests.test_media_cta_validation.TestCoursesAPI" name="test_courses_list" time="0.038" /><testcase classname="tests.test_media_cta_validation.TestMessagesSyncWithMedia" name="test_sync_youtube_message" time="0.040" /><testcase classname="tests.test_media_cta_validation.TestMessagesSyncWithMedia" name="test_sync_drive_message" time="0.040" /><testcase classname="tests.test_media_cta_validation.TestMessagesSyncWithMedia" name="test_sync_cta_message" time="0.047" /><testcase classname="tests.test_media_cta_validation.TestMessagesSyncWithMedia" name="test_sync_with_timestamp" time="0.039" /><testcase classname="tests.test_media_cta_validation.TestMediaHandlerBackend" name="test_youtube_detection" time="0.000" /><testcase classname="tests.test_media_cta_validation.TestMediaHandlerBackend" name="test_youtube_short_url" time="0.000" /><testcase classname="tests.test_media_cta_validation.TestMediaHandlerBackend" name="test_youtube_embed_url" time="0.000" /><testcase classname="tests.test_media_cta_validation.TestMediaHandlerBackend" name="test_youtube_shorts_url" time="0.000" /><testcase classname="tests.test_media_cta_validation.TestMediaHandlerBackend" name="test_drive_file_detection" time="0.000" /><testcase classname="tests.test_media_cta_validation.TestMediaHandlerBackend" name="test_drive_open_url" time="0.000" /><testcase classname="tests.test_media_cta_validation.TestMediaHandlerBackend" name="test_direct_image_detection" time="0.000" /><testcase classname="tests.test_media_cta_validation.TestMediaHandlerBackend" name="test_extract_youtube_id_function" time="0.000" /><testcase classname="tests.test_media_cta_validation.TestMediaHandlerBackend" name="test_drive_to_direct_url_function" time="0.000" /><testcase classname="tests.test_media_cta_validation.TestMediaHandlerBackend" name="test_detect_media_in_text_function" time="0.000" /><testcase classname="tests.test_media_cta_validation.TestMediaHandlerBackend" name="test_is_media_url_function" time="0.000" /><testcase classname="tests.test_media_cta_validation.TestAPIHealth" name="test_api_health" time="0.038" /></testsuite></testsuites>