<?xml version="1.0" encoding="utf-8"?><testsuites name="pytest tests"><testsuite name="pytest" errors="0" failures="0" skipped="0" tests="13" time="1.459" timestamp="2026-02-28T20:08:37.392085+00:00" hostname="agent-env-925916c3-f319-47cc-a1b2-25af8594dfe2"><testcase classname="backend.tests.test_v943_mission.TestV943Mission" name="test_health_endpoint" time="0.277" /><testcase classname="backend.tests.test_v943_mission.TestV943Mission" name="test_courses_endpoint" time="0.163" /><testcase classname="backend.tests.test_v943_mission.TestV943Mission" name="test_offers_endpoint" time="0.176" /><testcase classname="backend.tests.test_v943_mission.TestV943Mission" name="test_concept_endpoint" time="0.116" /><testcase classname="backend.tests.test_v943_mission.TestV943Mission" name="test_ai_config_endpoint_get" time="0.116" /><testcase classname="backend.tests.test_v943_mission.TestV943Mission" name="test_ai_config_endpoint_put" time="0.097" /><testcase classname="backend.tests.test_v943_mission.TestV943Mission" name="test_payment_links_endpoint" time="0.100" /><testcase classname="backend.tests.test_v943_mission.TestV943Mission" name="test_campaigns_endpoint" time="0.108" /><testcase classname="backend.tests.test_v943_mission.TestV943Mission" name="test_discount_codes_endpoint" time="0.141" /><testcase classname="backend.tests.test_v943_mission.TestV943Mission" name="test_reservations_endpoint" time="0.095" /><testcase classname="backend.tests.test_v943_mission.TestV943CodeVerification" name="test_coach_dashboard_aiconfig_order" time="0.002" /><testcase classname="backend.tests.test_v943_mission.TestV943CodeVerification" name="test_app_js_no_whatsapp_auto_redirect" time="0.001" /><testcase classname="backend.tests.test_v943_mission.TestV943CodeVerification" name="test_ticket_buttons_priority" time="0.000" /></testsuite></testsuites>