<?xml version="1.0" encoding="utf-8"?><testsuites name="pytest tests"><testsuite name="pytest" errors="0" failures="0" skipped="0" tests="19" time="2.497" timestamp="2026-02-27T12:10:26.189201+00:00" hostname="agent-env-41b92b7b-9b28-4961-993e-c758df921663"><testcase classname="backend.tests.test_v893_non_regression.TestNonRegression" name="test_health_check" time="0.311" /><testcase classname="backend.tests.test_v893_non_regression.TestNonRegression" name="test_courses_intact" time="0.118" /><testcase classname="backend.tests.test_v893_non_regression.TestNonRegression" name="test_offers_intact" time="0.122" /><testcase classname="backend.tests.test_v893_non_regression.TestNonRegression" name="test_discount_codes_intact" time="0.123" /><testcase classname="backend.tests.test_v893_non_regression.TestNonRegression" name="test_payment_links_intact" time="0.122" /><testcase classname="backend.tests.test_v893_non_regression.TestNonRegression" name="test_concept_intact" time="0.117" /><testcase classname="backend.tests.test_v893_non_regression.TestCoachPacks" name="test_coach_packs_public_endpoint" time="0.119" /><testcase classname="backend.tests.test_v893_non_regression.TestCoachPacks" name="test_coach_packs_super_admin" time="0.113" /><testcase classname="backend.tests.test_v893_non_regression.TestCoachPacks" name="test_coach_packs_non_admin_forbidden" time="0.114" /><testcase classname="backend.tests.test_v893_non_regression.TestSuperAdminPanel" name="test_admin_coaches_list" time="0.122" /><testcase classname="backend.tests.test_v893_non_regression.TestSuperAdminPanel" name="test_auth_role_super_admin" time="0.114" /><testcase classname="backend.tests.test_v893_non_regression.TestSuperAdminPanel" name="test_auth_role_regular_user" time="0.122" /><testcase classname="backend.tests.test_v893_non_regression.TestCoachSearch" name="test_coach_search_empty" time="0.111" /><testcase classname="backend.tests.test_v893_non_regression.TestCoachSearch" name="test_coach_search_short_query" time="0.124" /><testcase classname="backend.tests.test_v893_non_regression.TestCoachSearch" name="test_coach_search_valid" time="0.104" /><testcase classname="backend.tests.test_v893_non_regression.TestStripeConnect" name="test_stripe_connect_onboard_missing_email" time="0.116" /><testcase classname="backend.tests.test_v893_non_regression.TestStripeConnect" name="test_stripe_connect_status_no_email" time="0.104" /><testcase classname="backend.tests.test_v893_non_regression.TestStripeConnect" name="test_stripe_connect_status_non_coach" time="0.115" /><testcase classname="backend.tests.test_v893_non_regression.TestReservations" name="test_reservations_pagination" time="0.128" /></testsuite></testsuites>