<?xml version="1.0" encoding="utf-8"?><testsuites name="pytest tests"><testsuite name="pytest" errors="0" failures="0" skipped="0" tests="14" time="0.387" timestamp="2026-01-20T10:34:50.803220+00:00" hostname="agent-env-eed65a2f-21cb-4168-bdf6-ece892677b51"><testcase classname="tests.test_dataclone_fix.TestBackendAPIs" name="test_health_check" time="0.062" /><testcase classname="tests.test_dataclone_fix.TestBackendAPIs" name="test_whatsapp_config_get" time="0.037" /><testcase classname="tests.test_dataclone_fix.TestBackendAPIs" name="test_whatsapp_config_put" time="0.093" /><testcase classname="tests.test_dataclone_fix.TestBackendAPIs" name="test_campaigns_get" time="0.034" /><testcase classname="tests.test_dataclone_fix.TestBackendAPIs" name="test_campaigns_structure" time="0.035" /><testcase classname="tests.test_dataclone_fix.TestCodeImplementation" name="test_posthog_capture_performance_disabled" time="0.000" /><testcase classname="tests.test_dataclone_fix.TestCodeImplementation" name="test_emailjs_handler_has_prevent_default" time="0.002" /><testcase classname="tests.test_dataclone_fix.TestCodeImplementation" name="test_whatsapp_handler_has_prevent_default" time="0.001" /><testcase classname="tests.test_dataclone_fix.TestCodeImplementation" name="test_emailjs_service_flat_payload" time="0.000" /><testcase classname="tests.test_dataclone_fix.TestCodeImplementation" name="test_emailjs_default_config" time="0.000" /><testcase classname="tests.test_dataclone_fix.TestCodeImplementation" name="test_whatsapp_save_is_async" time="0.001" /><testcase classname="tests.test_dataclone_fix.TestCodeImplementation" name="test_campaigns_tab_exists" time="0.001" /><testcase classname="tests.test_dataclone_fix.TestCodeImplementation" name="test_test_buttons_have_type_button" time="0.001" /><testcase classname="tests.test_dataclone_fix.TestCodeImplementation" name="test_data_testids_exist" time="0.002" /></testsuite></testsuites>