<?xml version="1.0" encoding="utf-8"?><testsuites name="pytest tests"><testsuite name="pytest" errors="0" failures="0" skipped="0" tests="32" time="0.439" timestamp="2026-01-20T11:23:51.533123+00:00" hostname="agent-env-eed65a2f-21cb-4168-bdf6-ece892677b51"><testcase classname="tests.test_ia_liaisons.TestIALiaisonsExistence" name="test_sendAIResponseViaEmail_exists" time="0.001" /><testcase classname="tests.test_ia_liaisons.TestIALiaisonsExistence" name="test_sendAIResponseViaWhatsApp_exists" time="0.000" /><testcase classname="tests.test_ia_liaisons.TestIALiaisonsExistence" name="test_dispatchAIResponse_exists" time="0.000" /><testcase classname="tests.test_ia_liaisons.TestEmailJSConfiguration" name="test_emailjs_service_id" time="0.000" /><testcase classname="tests.test_ia_liaisons.TestEmailJSConfiguration" name="test_emailjs_template_id" time="0.000" /><testcase classname="tests.test_ia_liaisons.TestEmailJSConfiguration" name="test_emailjs_public_key" time="0.000" /><testcase classname="tests.test_ia_liaisons.TestEmailJSConfiguration" name="test_sendAIResponseViaEmail_uses_emailjs_send" time="0.000" /><testcase classname="tests.test_ia_liaisons.TestConsoleLogMessages" name="test_email_success_log" time="0.000" /><testcase classname="tests.test_ia_liaisons.TestConsoleLogMessages" name="test_whatsapp_success_log_twilio" time="0.000" /><testcase classname="tests.test_ia_liaisons.TestConsoleLogMessages" name="test_whatsapp_success_log_webhook" time="0.000" /><testcase classname="tests.test_ia_liaisons.TestPostHogBypass" name="test_datacloneerror_check_in_email" time="0.000" /><testcase classname="tests.test_ia_liaisons.TestPostHogBypass" name="test_try_catch_in_sendAIResponseViaEmail" time="0.000" /><testcase classname="tests.test_ia_liaisons.TestPostHogBypass" name="test_try_catch_in_sendAIResponseViaWhatsApp" time="0.000" /><testcase classname="tests.test_ia_liaisons.TestPostHogBypass" name="test_posthog_bypass_comment" time="0.000" /><testcase classname="tests.test_ia_liaisons.TestPostHogBypass" name="test_datacloneerror_specific_check" time="0.000" /><testcase classname="tests.test_ia_liaisons.TestWhatsAppSimulationMode" name="test_simulation_mode_exists" time="0.000" /><testcase classname="tests.test_ia_liaisons.TestWhatsAppSimulationMode" name="test_simulation_returns_success" time="0.000" /><testcase classname="tests.test_ia_liaisons.TestDispatchAIResponse" name="test_dispatch_routes_to_email" time="0.000" /><testcase classname="tests.test_ia_liaisons.TestDispatchAIResponse" name="test_dispatch_routes_to_whatsapp" time="0.000" /><testcase classname="tests.test_ia_liaisons.TestIndexExports" name="test_export_sendAIResponseViaEmail" time="0.000" /><testcase classname="tests.test_ia_liaisons.TestIndexExports" name="test_export_sendAIResponseViaWhatsApp" time="0.000" /><testcase classname="tests.test_ia_liaisons.TestIndexExports" name="test_export_dispatchAIResponse" time="0.000" /><testcase classname="tests.test_ia_liaisons.TestIndexExports" name="test_exports_from_messagingGateway" time="0.000" /><testcase classname="tests.test_ia_liaisons.TestBackendSendWhatsAppEndpoint" name="test_endpoint_exists" time="0.207" /><testcase classname="tests.test_ia_liaisons.TestBackendSendWhatsAppEndpoint" name="test_endpoint_returns_simulated_without_config" time="0.036" /><testcase classname="tests.test_ia_liaisons.TestBackendSendWhatsAppEndpoint" name="test_endpoint_accepts_required_fields" time="0.038" /><testcase classname="tests.test_ia_liaisons.TestBackendSendWhatsAppEndpoint" name="test_endpoint_accepts_mediaUrl" time="0.039" /><testcase classname="tests.test_ia_liaisons.TestBackendHealthCheck" name="test_health_endpoint" time="0.041" /><testcase classname="tests.test_ia_liaisons.TestBackendSendWhatsAppCode" name="test_endpoint_defined" time="0.001" /><testcase classname="tests.test_ia_liaisons.TestBackendSendWhatsAppCode" name="test_uses_twilio_config_from_db" time="0.000" /><testcase classname="tests.test_ia_liaisons.TestBackendSendWhatsAppCode" name="test_simulation_mode_when_no_config" time="0.000" /><testcase classname="tests.test_ia_liaisons.TestBackendSendWhatsAppCode" name="test_console_log_ia_message" time="0.000" /></testsuite></testsuites>