<?xml version="1.0" encoding="utf-8"?><testsuites name="pytest tests"><testsuite name="pytest" errors="0" failures="0" skipped="0" tests="12" time="1.202" timestamp="2026-01-18T21:20:33.548109+00:00" hostname="agent-env-148f1cdb-cc6c-4ca2-9ec1-3351cf10b087"><testcase classname="tests.test_pagination_performance.TestReservationPagination" name="test_health_check" time="0.104" /><testcase classname="tests.test_pagination_performance.TestReservationPagination" name="test_reservations_pagination_default" time="0.040" /><testcase classname="tests.test_pagination_performance.TestReservationPagination" name="test_reservations_pagination_custom_page_limit" time="0.042" /><testcase classname="tests.test_pagination_performance.TestReservationPagination" name="test_reservations_all_data_for_export" time="0.044" /><testcase classname="tests.test_pagination_performance.TestReservationPagination" name="test_reservations_pagination_page_2" time="0.038" /><testcase classname="tests.test_pagination_performance.TestOfferKeywords" name="test_offers_have_keywords_field" time="0.037" /><testcase classname="tests.test_pagination_performance.TestOfferKeywords" name="test_create_offer_with_keywords" time="0.132" /><testcase classname="tests.test_pagination_performance.TestOfferKeywords" name="test_update_offer_keywords" time="0.158" /><testcase classname="tests.test_pagination_performance.TestReservationProjection" name="test_reservation_fields_returned" time="0.039" /><testcase classname="tests.test_pagination_performance.TestReservationProjection" name="test_no_mongodb_id_in_response" time="0.037" /><testcase classname="tests.test_pagination_performance.TestCreateReservationForPagination" name="test_create_and_paginate_reservations" time="0.377" /><testcase classname="tests.test_pagination_performance.TestSearchFunctionality" name="test_offers_searchable_fields" time="0.033" /></testsuite></testsuites>