<?xml version="1.0" encoding="utf-8"?><testsuites name="pytest tests"><testsuite name="pytest" errors="0" failures="2" skipped="1" tests="12" time="4.390" timestamp="2026-02-28T10:14:40.406768+00:00" hostname="agent-env-d373cf26-718e-4a19-a39c-8295a106d5fb"><testcase classname="backend.tests.test_v902_credits_system.TestNonRegressionReservations" name="test_super_admin_sees_all_reservations" time="0.432" /><testcase classname="backend.tests.test_v902_credits_system.TestCheckCreditsAPI" name="test_super_admin_has_unlimited_credits" time="0.260" /><testcase classname="backend.tests.test_v902_credits_system.TestCheckCreditsAPI" name="test_coach_returns_credits_balance" time="0.257" /><testcase classname="backend.tests.test_v902_credits_system.TestCheckCreditsAPI" name="test_unauthorized_without_email" time="0.246" /><testcase classname="backend.tests.test_v902_credits_system.TestCreditDeductionCreateContact" name="test_super_admin_no_deduction" time="0.491"><failure message="AssertionError: Expected 200, got 500: Internal Server Error&#10;assert 500 == 200&#10; +  where 500 = &lt;Response [500]&gt;.status_code">backend/tests/test_v902_credits_system.py:99: in test_super_admin_no_deduction
    assert response.status_code == 200, f"Expected 200, got {response.status_code}: {response.text}"
E   AssertionError: Expected 200, got 500: Internal Server Error
E   assert 500 == 200
E    +  where 500 = &lt;Response [500]&gt;.status_code</failure></testcase><testcase classname="backend.tests.test_v902_credits_system.TestCreditDeductionCreateContact" name="test_coach_with_credits_deducts_one" time="0.239"><skipped type="pytest.skip" message="Coach henri.bassi@test.com has no credits to test deduction">/app/backend/tests/test_v902_credits_system.py:120: Coach henri.bassi@test.com has no credits to test deduction</skipped></testcase><testcase classname="backend.tests.test_v902_credits_system.TestCreditDeductionCampaign" name="test_super_admin_campaign_no_deduction" time="1.142" /><testcase classname="backend.tests.test_v902_credits_system.TestInsufficientCredits" name="test_coach_zero_credits_cannot_create_contact" time="0.263" /><testcase classname="backend.tests.test_v902_credits_system.TestInsufficientCredits" name="test_coach_zero_credits_cannot_send_campaign" time="0.245" /><testcase classname="backend.tests.test_v902_credits_system.TestVitrineAPI" name="test_vitrine_bassi_returns_platform_name" time="0.240" /><testcase classname="backend.tests.test_v902_credits_system.TestVitrineAPI" name="test_vitrine_bassi_has_offers_and_courses" time="0.244" /><testcase classname="backend.tests.test_v902_credits_system.TestCoachesWithCredits" name="test_admin_coaches_list_has_credits" time="0.247"><failure message="AttributeError: 'list' object has no attribute 'get'">backend/tests/test_v902_credits_system.py:253: in test_admin_coaches_list_has_credits
    coaches = data.get("coaches", [])
              ^^^^^^^^
E   AttributeError: 'list' object has no attribute 'get'</failure></testcase></testsuite></testsuites>