<?xml version="1.0" encoding="utf-8"?><testsuites name="pytest tests"><testsuite name="pytest" errors="0" failures="0" skipped="0" tests="8" time="8.470" timestamp="2026-01-24T13:52:51.174922+00:00" hostname="agent-env-6fa50b6b-b089-4aa0-9ee5-bf277c8653fa"><testcase classname="backend.tests.test_twint_payment.TestAIConfigTwintPayment" name="test_get_ai_config_has_twint_field" time="0.074" /><testcase classname="backend.tests.test_twint_payment.TestAIConfigTwintPayment" name="test_put_ai_config_accepts_twint_url" time="0.081" /><testcase classname="backend.tests.test_twint_payment.TestAIConfigTwintPayment" name="test_ai_config_persists_twint_url" time="0.041" /><testcase classname="backend.tests.test_twint_payment.TestAIChatWithTwintLink" name="test_ai_responds_with_twint_link_on_purchase_question" time="3.159" /><testcase classname="backend.tests.test_twint_payment.TestAIChatWithTwintLink" name="test_ai_response_via_ai_response_endpoint" time="3.382" /><testcase classname="backend.tests.test_twint_payment.TestAIChatWithoutTwintLink" name="test_ai_redirects_to_coach_when_no_twint_link" time="1.602" /><testcase classname="backend.tests.test_twint_payment.TestHealthCheck" name="test_api_health" time="0.035" /><testcase classname="backend.tests.test_twint_payment.TestHealthCheck" name="test_ai_config_endpoint_exists" time="0.037" /></testsuite></testsuites>