<?xml version="1.0" encoding="utf-8"?><testsuites name="pytest tests"><testsuite name="pytest" errors="0" failures="0" skipped="0" tests="7" time="1.403" timestamp="2026-02-28T12:16:58.998785+00:00" hostname="agent-env-b01e4955-ad97-4cb3-a248-f4c7b848d564"><testcase classname="backend.tests.test_v918_mission.TestVitrineAPIs" name="test_health_check" time="0.190" /><testcase classname="backend.tests.test_v918_mission.TestVitrineAPIs" name="test_coach_vitrine_bassi" time="0.164" /><testcase classname="backend.tests.test_v918_mission.TestVitrineAPIs" name="test_partner_vitrine_bassi" time="0.164" /><testcase classname="backend.tests.test_v918_mission.TestVitrineAPIs" name="test_vitrine_consistency" time="0.321" /><testcase classname="backend.tests.test_v918_mission.TestCardioSessionsMars" name="test_cardio_session_exists" time="0.149" /><testcase classname="backend.tests.test_v918_mission.TestSundayVibes" name="test_sunday_vibes_exists" time="0.205" /><testcase classname="backend.tests.test_v918_mission.TestPlatformName" name="test_platform_name_afroboost" time="0.145" /></testsuite></testsuites>