<?xml version="1.0" encoding="utf-8"?><testsuites name="pytest tests"><testsuite name="pytest" errors="0" failures="0" skipped="0" tests="11" time="0.610" timestamp="2026-02-05T20:02:31.952039+00:00" hostname="agent-env-055539eb-a296-4885-93f8-5451ef8a10bd"><testcase classname="backend.tests.test_chatwidget_hybrid.TestDiscountCodeValidation" name="test_validate_public_code_success" time="0.069" /><testcase classname="backend.tests.test_chatwidget_hybrid.TestDiscountCodeValidation" name="test_validate_public_code_case_insensitive" time="0.041" /><testcase classname="backend.tests.test_chatwidget_hybrid.TestDiscountCodeValidation" name="test_validate_restricted_code_correct_email" time="0.042" /><testcase classname="backend.tests.test_chatwidget_hybrid.TestDiscountCodeValidation" name="test_validate_restricted_code_wrong_email" time="0.042" /><testcase classname="backend.tests.test_chatwidget_hybrid.TestDiscountCodeValidation" name="test_validate_invalid_code" time="0.044" /><testcase classname="backend.tests.test_chatwidget_hybrid.TestDiscountCodeValidation" name="test_validate_code_without_courseid" time="0.040" /><testcase classname="backend.tests.test_chatwidget_hybrid.TestChatSmartEntry" name="test_smart_entry_new_user" time="0.046" /><testcase classname="backend.tests.test_chatwidget_hybrid.TestChatSmartEntry" name="test_smart_entry_returning_user" time="0.085" /><testcase classname="backend.tests.test_chatwidget_hybrid.TestCoursesAPI" name="test_get_courses" time="0.046" /><testcase classname="backend.tests.test_chatwidget_hybrid.TestHealthCheck" name="test_api_health" time="0.041" /><testcase classname="backend.tests.test_chatwidget_hybrid.TestHealthCheck" name="test_root_endpoint" time="0.041" /></testsuite></testsuites>