<?xml version="1.0" encoding="utf-8"?><testsuites name="pytest tests"><testsuite name="pytest" errors="0" failures="0" skipped="0" tests="17" time="3.264" timestamp="2026-02-28T19:38:51.284204+00:00" hostname="agent-env-925916c3-f319-47cc-a1b2-25af8594dfe2"><testcase classname="backend.tests.test_v938_mission.TestAPIPaymentLinks" name="test_get_payment_links_success" time="0.258" /><testcase classname="backend.tests.test_v938_mission.TestAPIPaymentLinks" name="test_put_payment_links_stripe" time="0.240" /><testcase classname="backend.tests.test_v938_mission.TestAPIPaymentLinks" name="test_put_payment_links_coachwhatsapp" time="0.236" /><testcase classname="backend.tests.test_v938_mission.TestAPIConcept" name="test_get_concept_success" time="0.111" /><testcase classname="backend.tests.test_v938_mission.TestAPIConcept" name="test_put_concept_description" time="0.225" /><testcase classname="backend.tests.test_v938_mission.TestAPIConcept" name="test_put_concept_hero_video_url" time="0.232" /><testcase classname="backend.tests.test_v938_mission.TestAPIAIConfig" name="test_get_ai_config_success" time="0.117" /><testcase classname="backend.tests.test_v938_mission.TestAPIAIConfig" name="test_put_ai_config_system_prompt" time="0.223" /><testcase classname="backend.tests.test_v938_mission.TestAPIAIConfig" name="test_put_ai_config_campaign_prompt" time="0.226" /><testcase classname="backend.tests.test_v938_mission.TestAPIAIConfig" name="test_put_ai_config_twint_payment_url" time="0.245" /><testcase classname="backend.tests.test_v938_mission.TestAPIAIConfig" name="test_put_ai_config_enabled_toggle" time="0.424" /><testcase classname="backend.tests.test_v938_mission.TestBassiDataPreservation" name="test_reservations_api_works" time="0.127" /><testcase classname="backend.tests.test_v938_mission.TestBassiDataPreservation" name="test_contacts_api_works" time="0.108" /><testcase classname="backend.tests.test_v938_mission.TestBassiDataPreservation" name="test_courses_api_works" time="0.113" /><testcase classname="backend.tests.test_v938_mission.TestBassiDataPreservation" name="test_offers_api_works" time="0.108" /><testcase classname="backend.tests.test_v938_mission.TestHealthAndStatus" name="test_health_endpoint" time="0.105" /><testcase classname="backend.tests.test_v938_mission.TestHealthAndStatus" name="test_scheduler_health" time="0.107" /></testsuite></testsuites>