<?xml version="1.0" encoding="utf-8"?><testsuites name="pytest tests"><testsuite name="pytest" errors="0" failures="0" skipped="0" tests="10" time="1.460" timestamp="2026-02-28T23:32:57.247810+00:00" hostname="agent-env-85b35d10-6aab-4828-a4b2-ae097435e412"><testcase classname="backend.tests.test_v956_super_admin.TestSuperAdminAccess" name="test_afroboost_bassi_auth_role" time="0.272" /><testcase classname="backend.tests.test_v956_super_admin.TestSuperAdminAccess" name="test_contact_artboost_auth_role" time="0.173" /><testcase classname="backend.tests.test_v956_super_admin.TestSuperAdminAccess" name="test_afroboost_bassi_check_partner" time="0.126" /><testcase classname="backend.tests.test_v956_super_admin.TestSuperAdminAccess" name="test_contact_artboost_check_partner" time="0.118" /><testcase classname="backend.tests.test_v956_super_admin.TestSuperAdminAccess" name="test_regular_user_is_not_super_admin" time="0.113" /><testcase classname="backend.tests.test_v956_super_admin.TestSuperAdminAccess" name="test_regular_user_check_partner" time="0.113" /><testcase classname="backend.tests.test_v956_super_admin.TestPartnerAPI" name="test_partners_active_endpoint" time="0.127" /><testcase classname="backend.tests.test_v956_super_admin.TestCoreAPIs" name="test_health_check" time="0.140" /><testcase classname="backend.tests.test_v956_super_admin.TestCoreAPIs" name="test_courses_endpoint" time="0.097" /><testcase classname="backend.tests.test_v956_super_admin.TestCoreAPIs" name="test_offers_endpoint" time="0.110" /></testsuite></testsuites>