<?xml version="1.0" encoding="utf-8"?><testsuites name="pytest tests"><testsuite name="pytest" errors="0" failures="2" skipped="0" tests="11" time="13.599" timestamp="2026-02-28T19:48:11.443337+00:00" hostname="agent-env-925916c3-f319-47cc-a1b2-25af8594dfe2"><testcase classname="backend.tests.test_v941_campaign_ia.TestAICampaignSuggestions" name="test_ai_suggestions_endpoint_exists" time="4.090" /><testcase classname="backend.tests.test_v941_campaign_ia.TestAICampaignSuggestions" name="test_ai_suggestions_returns_3_suggestions" time="3.083" /><testcase classname="backend.tests.test_v941_campaign_ia.TestAICampaignSuggestions" name="test_ai_suggestions_types" time="2.766" /><testcase classname="backend.tests.test_v941_campaign_ia.TestAICampaignSuggestions" name="test_ai_suggestions_contain_text" time="2.669" /><testcase classname="backend.tests.test_v941_campaign_ia.TestAICampaignSuggestions" name="test_ai_suggestions_requires_goal" time="0.124" /><testcase classname="backend.tests.test_v941_campaign_ia.TestAICampaignSuggestions" name="test_ai_suggestions_empty_goal_rejected" time="0.110" /><testcase classname="backend.tests.test_v941_campaign_ia.TestNotificationBadgeNonRegression" name="test_chat_sessions_endpoint" time="0.112"><failure message="AssertionError: Expected 200, got 404&#10;assert 404 == 200&#10; +  where 404 = &lt;Response [404]&gt;.status_code">backend/tests/test_v941_campaign_ia.py:127: in test_chat_sessions_endpoint
    assert response.status_code == 200, f"Expected 200, got {response.status_code}"
E   AssertionError: Expected 200, got 404
E   assert 404 == 200
E    +  where 404 = &lt;Response [404]&gt;.status_code</failure></testcase><testcase classname="backend.tests.test_v941_campaign_ia.TestNotificationBadgeNonRegression" name="test_conversations_active_endpoint" time="0.118" /><testcase classname="backend.tests.test_v941_campaign_ia.TestEmailNotifications" name="test_resend_test_email_endpoint" time="0.111"><failure message="AssertionError: Email test endpoint should exist&#10;assert 404 != 404&#10; +  where 404 = &lt;Response [404]&gt;.status_code">backend/tests/test_v941_campaign_ia.py:150: in test_resend_test_email_endpoint
    assert response.status_code != 404, "Email test endpoint should exist"
E   AssertionError: Email test endpoint should exist
E   assert 404 != 404
E    +  where 404 = &lt;Response [404]&gt;.status_code</failure></testcase><testcase classname="backend.tests.test_v941_campaign_ia.TestCampaignsAPI" name="test_campaigns_list" time="0.101" /><testcase classname="backend.tests.test_v941_campaign_ia.TestCampaignsAPI" name="test_campaign_create" time="0.225" /></testsuite></testsuites>