<?xml version="1.0" encoding="utf-8"?><testsuites name="pytest tests"><testsuite name="pytest" errors="0" failures="0" skipped="0" tests="11" time="1.577" timestamp="2026-02-28T15:08:57.641821+00:00" hostname="agent-env-6e2f4ea7-455d-43a9-8106-37d46849ff2d"><testcase classname="backend.tests.test_v929_mission.TestMissionV929Backend" name="test_coach_vitrine_bassi_accessible" time="0.162" /><testcase classname="backend.tests.test_v929_mission.TestMissionV929Backend" name="test_coach_vitrine_courses_for_dates" time="0.137" /><testcase classname="backend.tests.test_v929_mission.TestMissionV929Backend" name="test_discount_codes_validate_api" time="0.145" /><testcase classname="backend.tests.test_v929_mission.TestMissionV929Backend" name="test_discount_codes_validate_empty_code" time="0.222" /><testcase classname="backend.tests.test_v929_mission.TestMissionV929Backend" name="test_bassi_7_reservations_anti_regression" time="0.116" /><testcase classname="backend.tests.test_v929_mission.TestMissionV929Backend" name="test_discount_codes_list" time="0.110" /><testcase classname="backend.tests.test_v929_mission.TestMissionV929Backend" name="test_concept_config" time="0.149" /><testcase classname="backend.tests.test_v929_mission.TestMissionV929Backend" name="test_courses_endpoint" time="0.105" /><testcase classname="backend.tests.test_v929_mission.TestMissionV929Backend" name="test_health_check" time="0.096" /><testcase classname="backend.tests.test_v929_mission.TestMissionV929DashboardTabs" name="test_payment_links_for_ma_page" time="0.149" /><testcase classname="backend.tests.test_v929_mission.TestMissionV929DashboardTabs" name="test_coach_profile_for_vitrine_url" time="0.123" /></testsuite></testsuites>