<?xml version="1.0" encoding="utf-8"?><testsuites name="pytest tests"><testsuite name="pytest" errors="0" failures="0" skipped="0" tests="8" time="1.197" timestamp="2026-03-01T01:02:21.471861+00:00" hostname="agent-env-85b35d10-6aab-4828-a4b2-ae097435e412"><testcase classname="backend.tests.test_v966_mission.TestV966BackendDeduplication" name="test_health_check" time="0.147" /><testcase classname="backend.tests.test_v966_mission.TestV966BackendDeduplication" name="test_partners_active_returns_unique_by_email" time="0.142" /><testcase classname="backend.tests.test_v966_mission.TestV966BackendDeduplication" name="test_partners_active_bassi_has_unique_id" time="0.147" /><testcase classname="backend.tests.test_v966_mission.TestV966BackendDeduplication" name="test_super_admin_bassi_unlimited_credits" time="0.167" /><testcase classname="backend.tests.test_v966_mission.TestV966BackendDeduplication" name="test_super_admin_contact_artboost_unlimited_credits" time="0.132" /><testcase classname="backend.tests.test_v966_mission.TestV966BackendDeduplication" name="test_partners_active_all_have_unique_ids" time="0.122" /><testcase classname="backend.tests.test_v966_mission.TestV966BackendDeduplication" name="test_courses_endpoint" time="0.142" /><testcase classname="backend.tests.test_v966_mission.TestV966BackendDeduplication" name="test_offers_endpoint" time="0.137" /></testsuite></testsuites>