<?xml version="1.0" encoding="utf-8"?><testsuites name="pytest tests"><testsuite name="pytest" errors="0" failures="0" skipped="0" tests="14" time="2.026" timestamp="2026-02-27T12:59:12.405165+00:00" hostname="agent-env-41b92b7b-9b28-4961-993e-c758df921663"><testcase classname="backend.tests.test_v896_vitrine.TestNonRegressionCourses" name="test_get_courses_returns_200" time="0.261" /><testcase classname="backend.tests.test_v896_vitrine.TestNonRegressionCourses" name="test_courses_have_required_fields" time="0.165" /><testcase classname="backend.tests.test_v896_vitrine.TestNonRegressionCourses" name="test_march_courses_present" time="0.120" /><testcase classname="backend.tests.test_v896_vitrine.TestNonRegressionOffers" name="test_get_offers_returns_200" time="0.158" /><testcase classname="backend.tests.test_v896_vitrine.TestNonRegressionOffers" name="test_offers_have_required_fields" time="0.113" /><testcase classname="backend.tests.test_v896_vitrine.TestNonRegressionReservations" name="test_reservations_with_super_admin" time="0.168" /><testcase classname="backend.tests.test_v896_vitrine.TestNonRegressionReservations" name="test_reservations_pagination_structure" time="0.112" /><testcase classname="backend.tests.test_v896_vitrine.TestVitrineEndpoint" name="test_vitrine_returns_404_for_unknown_coach" time="0.151" /><testcase classname="backend.tests.test_v896_vitrine.TestVitrineEndpoint" name="test_vitrine_endpoint_exists" time="0.119" /><testcase classname="backend.tests.test_v896_vitrine.TestVitrineEndpoint" name="test_vitrine_response_structure_if_found" time="0.127" /><testcase classname="backend.tests.test_v896_vitrine.TestIsolationSuperAdmin" name="test_super_admin_sees_all_campaigns" time="0.134" /><testcase classname="backend.tests.test_v896_vitrine.TestIsolationSuperAdmin" name="test_super_admin_sees_all_participants" time="0.107" /><testcase classname="backend.tests.test_v896_vitrine.TestHealthCheck" name="test_health_endpoint" time="0.105" /><testcase classname="backend.tests.test_v896_vitrine.TestHealthCheck" name="test_api_root" time="0.111" /></testsuite></testsuites>