<?xml version="1.0" encoding="utf-8"?><testsuites name="pytest tests"><testsuite name="pytest" errors="0" failures="0" skipped="0" tests="12" time="4.912" timestamp="2026-02-28T10:15:50.855545+00:00" hostname="agent-env-d373cf26-718e-4a19-a39c-8295a106d5fb"><testcase classname="backend.tests.test_v902_credits_system.TestNonRegressionReservations" name="test_super_admin_sees_all_reservations" time="0.291" /><testcase classname="backend.tests.test_v902_credits_system.TestCheckCreditsAPI" name="test_super_admin_has_unlimited_credits" time="0.258" /><testcase classname="backend.tests.test_v902_credits_system.TestCheckCreditsAPI" name="test_coach_returns_credits_balance" time="0.244" /><testcase classname="backend.tests.test_v902_credits_system.TestCheckCreditsAPI" name="test_unauthorized_without_email" time="0.243" /><testcase classname="backend.tests.test_v902_credits_system.TestCreditDeductionCreateContact" name="test_super_admin_no_deduction" time="0.723" /><testcase classname="backend.tests.test_v902_credits_system.TestCreditDeductionCreateContact" name="test_coach_with_credits_deducts_one" time="0.738" /><testcase classname="backend.tests.test_v902_credits_system.TestCreditDeductionCampaign" name="test_super_admin_campaign_no_deduction" time="1.084" /><testcase classname="backend.tests.test_v902_credits_system.TestInsufficientCredits" name="test_coach_zero_credits_cannot_create_contact" time="0.249" /><testcase classname="backend.tests.test_v902_credits_system.TestInsufficientCredits" name="test_coach_zero_credits_cannot_send_campaign" time="0.242" /><testcase classname="backend.tests.test_v902_credits_system.TestVitrineAPI" name="test_vitrine_bassi_returns_platform_name" time="0.238" /><testcase classname="backend.tests.test_v902_credits_system.TestVitrineAPI" name="test_vitrine_bassi_has_offers_and_courses" time="0.248" /><testcase classname="backend.tests.test_v902_credits_system.TestCoachesWithCredits" name="test_admin_coaches_list_has_credits" time="0.293" /></testsuite></testsuites>