<?xml version="1.0" encoding="utf-8"?><testsuites name="pytest tests"><testsuite name="pytest" errors="0" failures="0" skipped="0" tests="10" time="1.333" timestamp="2026-02-28T10:57:35.405922+00:00" hostname="agent-env-d373cf26-718e-4a19-a39c-8295a106d5fb"><testcase classname="tests.test_v912_mission.TestV912BackendMission" name="test_health_check" time="0.191" /><testcase classname="tests.test_v912_mission.TestV912BackendMission" name="test_reservations_non_regression" time="0.157" /><testcase classname="tests.test_v912_mission.TestV912BackendMission" name="test_campaigns_list_via_campaign_routes" time="0.147" /><testcase classname="tests.test_v912_mission.TestV912BackendMission" name="test_campaigns_logs_via_campaign_routes" time="0.156" /><testcase classname="tests.test_v912_mission.TestV912BackendMission" name="test_coach_profile_is_super_admin" time="0.148" /><testcase classname="tests.test_v912_mission.TestV912BackendMission" name="test_coach_check_credits_unlimited" time="0.155" /><testcase classname="tests.test_v912_mission.TestV912BackendMission" name="test_courses_mars_intact" time="0.152" /><testcase classname="tests.test_v912_mission.TestV912BackendMission" name="test_auth_role_super_admin" time="0.164" /><testcase classname="tests.test_v912_mission.TestV912FileLineCount" name="test_server_py_line_count" time="0.001" /><testcase classname="tests.test_v912_mission.TestV912FileLineCount" name="test_campaign_routes_line_count" time="0.000" /></testsuite></testsuites>