<?xml version="1.0" encoding="utf-8"?><testsuites name="pytest tests"><testsuite name="pytest" errors="0" failures="1" skipped="0" tests="17" time="3.381" timestamp="2026-02-28T19:25:22.130953+00:00" hostname="agent-env-925916c3-f319-47cc-a1b2-25af8594dfe2"><testcase classname="backend.tests.test_v938_mission.TestAPIPaymentLinks" name="test_get_payment_links_success" time="0.175" /><testcase classname="backend.tests.test_v938_mission.TestAPIPaymentLinks" name="test_put_payment_links_stripe" time="0.266" /><testcase classname="backend.tests.test_v938_mission.TestAPIPaymentLinks" name="test_put_payment_links_coachwhatsapp" time="0.264" /><testcase classname="backend.tests.test_v938_mission.TestAPIConcept" name="test_get_concept_success" time="0.107" /><testcase classname="backend.tests.test_v938_mission.TestAPIConcept" name="test_put_concept_description" time="0.246" /><testcase classname="backend.tests.test_v938_mission.TestAPIConcept" name="test_put_concept_hero_video_url" time="0.248" /><testcase classname="backend.tests.test_v938_mission.TestAPIAIConfig" name="test_get_ai_config_success" time="0.099" /><testcase classname="backend.tests.test_v938_mission.TestAPIAIConfig" name="test_put_ai_config_system_prompt" time="0.229" /><testcase classname="backend.tests.test_v938_mission.TestAPIAIConfig" name="test_put_ai_config_campaign_prompt" time="0.261" /><testcase classname="backend.tests.test_v938_mission.TestAPIAIConfig" name="test_put_ai_config_twint_payment_url" time="0.249" /><testcase classname="backend.tests.test_v938_mission.TestAPIAIConfig" name="test_put_ai_config_enabled_toggle" time="0.479" /><testcase classname="backend.tests.test_v938_mission.TestBassiDataPreservation" name="test_reservations_preserved" time="0.105"><failure message="AssertionError: Expected at least 1 reservation, got 0&#10;assert 0 &gt;= 1">backend/tests/test_v938_mission.py:185: in test_reservations_preserved
    assert total &gt;= 1, f"Expected at least 1 reservation, got {total}"
E   AssertionError: Expected at least 1 reservation, got 0
E   assert 0 &gt;= 1</failure></testcase><testcase classname="backend.tests.test_v938_mission.TestBassiDataPreservation" name="test_contacts_preserved" time="0.106" /><testcase classname="backend.tests.test_v938_mission.TestBassiDataPreservation" name="test_courses_preserved" time="0.111" /><testcase classname="backend.tests.test_v938_mission.TestBassiDataPreservation" name="test_offers_preserved" time="0.104" /><testcase classname="backend.tests.test_v938_mission.TestHealthAndStatus" name="test_health_endpoint" time="0.119" /><testcase classname="backend.tests.test_v938_mission.TestHealthAndStatus" name="test_scheduler_health" time="0.111" /></testsuite></testsuites>