<?xml version="1.0" encoding="utf-8"?><testsuites name="pytest tests"><testsuite name="pytest" errors="0" failures="0" skipped="0" tests="22" time="0.438" timestamp="2026-02-06T08:12:17.098222+00:00" hostname="agent-env-c14d75f5-ad93-4850-9721-6e30f1dc0790"><testcase classname="backend.tests.test_refactoring_iteration54.TestBackendAPIs" name="test_api_health" time="0.084" /><testcase classname="backend.tests.test_refactoring_iteration54.TestBackendAPIs" name="test_scheduler_health" time="0.035" /><testcase classname="backend.tests.test_refactoring_iteration54.TestBackendAPIs" name="test_campaigns_list" time="0.049" /><testcase classname="backend.tests.test_refactoring_iteration54.TestBackendAPIs" name="test_courses_list" time="0.040" /><testcase classname="backend.tests.test_refactoring_iteration54.TestBackendAPIs" name="test_conversations_active" time="0.053" /><testcase classname="backend.tests.test_refactoring_iteration54.TestCodeStructure" name="test_campaign_manager_file_exists" time="0.002" /><testcase classname="backend.tests.test_refactoring_iteration54.TestCodeStructure" name="test_campaign_manager_exports" time="0.001" /><testcase classname="backend.tests.test_refactoring_iteration54.TestCodeStructure" name="test_campaign_manager_scheduler_badge" time="0.000" /><testcase classname="backend.tests.test_refactoring_iteration54.TestCodeStructure" name="test_booking_panel_file_exists" time="0.000" /><testcase classname="backend.tests.test_refactoring_iteration54.TestCodeStructure" name="test_booking_panel_exports" time="0.000" /><testcase classname="backend.tests.test_refactoring_iteration54.TestCodeStructure" name="test_coach_dashboard_imports_campaign_manager" time="0.004" /><testcase classname="backend.tests.test_refactoring_iteration54.TestCodeStructure" name="test_chat_widget_imports_booking_panel" time="0.001" /><testcase classname="backend.tests.test_refactoring_iteration54.TestCodeStructure" name="test_coach_dashboard_reduced_size" time="0.004" /><testcase classname="backend.tests.test_refactoring_iteration54.TestCodeStructure" name="test_chat_widget_handle_confirm_reservation" time="0.001" /><testcase classname="backend.tests.test_refactoring_iteration54.TestCampaignManagerProps" name="test_scheduler_health_prop" time="0.002" /><testcase classname="backend.tests.test_refactoring_iteration54.TestCampaignManagerProps" name="test_campaigns_prop" time="0.002" /><testcase classname="backend.tests.test_refactoring_iteration54.TestCampaignManagerProps" name="test_api_prop" time="0.002" /><testcase classname="backend.tests.test_refactoring_iteration54.TestBookingPanelProps" name="test_afroboost_profile_prop" time="0.000" /><testcase classname="backend.tests.test_refactoring_iteration54.TestBookingPanelProps" name="test_on_confirm_reservation_prop" time="0.000" /><testcase classname="backend.tests.test_refactoring_iteration54.TestBookingPanelProps" name="test_available_courses_prop" time="0.000" /><testcase classname="backend.tests.test_refactoring_iteration54.TestPromoCodeValidation" name="test_validate_promo_code_basxx" time="0.040" /><testcase classname="backend.tests.test_refactoring_iteration54.TestPromoCodeValidation" name="test_validate_promo_code_promo20secret" time="0.040" /></testsuite></testsuites>