<?xml version="1.0" encoding="utf-8"?><testsuites name="pytest tests"><testsuite name="pytest" errors="0" failures="0" skipped="0" tests="20" time="3.110" timestamp="2026-02-27T11:28:36.700811+00:00" hostname="agent-env-41b92b7b-9b28-4961-993e-c758df921663"><testcase classname="backend.tests.test_multi_coach_v89.TestHealthCheck" name="test_api_health" time="0.249" /><testcase classname="backend.tests.test_multi_coach_v89.TestCoachPacks" name="test_get_coach_packs_public" time="0.121" /><testcase classname="backend.tests.test_multi_coach_v89.TestCoachPacks" name="test_get_all_coach_packs_super_admin" time="0.127" /><testcase classname="backend.tests.test_multi_coach_v89.TestCoachPacks" name="test_get_all_coach_packs_non_admin_forbidden" time="0.107" /><testcase classname="backend.tests.test_multi_coach_v89.TestCoachPacks" name="test_create_coach_pack_super_admin" time="0.666" /><testcase classname="backend.tests.test_multi_coach_v89.TestCoachPacks" name="test_create_coach_pack_non_admin_forbidden" time="0.111" /><testcase classname="backend.tests.test_multi_coach_v89.TestCoachPacks" name="test_update_coach_pack_super_admin" time="0.260" /><testcase classname="backend.tests.test_multi_coach_v89.TestCoachPacks" name="test_delete_coach_pack_super_admin" time="0.100" /><testcase classname="backend.tests.test_multi_coach_v89.TestUserRoles" name="test_get_role_super_admin" time="0.107" /><testcase classname="backend.tests.test_multi_coach_v89.TestUserRoles" name="test_get_role_regular_user" time="0.118" /><testcase classname="backend.tests.test_multi_coach_v89.TestUserRoles" name="test_get_role_no_email" time="0.107" /><testcase classname="backend.tests.test_multi_coach_v89.TestCoachesManagement" name="test_get_coaches_super_admin" time="0.118" /><testcase classname="backend.tests.test_multi_coach_v89.TestCoachesManagement" name="test_get_coaches_non_admin_forbidden" time="0.107" /><testcase classname="backend.tests.test_multi_coach_v89.TestCoachesManagement" name="test_coach_profile_super_admin" time="0.099" /><testcase classname="backend.tests.test_multi_coach_v89.TestStripeCheckout" name="test_create_coach_checkout_missing_fields" time="0.103" /><testcase classname="backend.tests.test_multi_coach_v89.TestStripeCheckout" name="test_create_coach_checkout_invalid_pack" time="0.102" /><testcase classname="backend.tests.test_multi_coach_v89.TestExistingFunctionality" name="test_courses_api" time="0.109" /><testcase classname="backend.tests.test_multi_coach_v89.TestExistingFunctionality" name="test_offers_api" time="0.102" /><testcase classname="backend.tests.test_multi_coach_v89.TestExistingFunctionality" name="test_concept_api" time="0.109" /><testcase classname="backend.tests.test_multi_coach_v89.TestExistingFunctionality" name="test_payment_links_api" time="0.111" /></testsuite></testsuites>