<?xml version="1.0" encoding="utf-8"?><testsuites name="pytest tests"><testsuite name="pytest" errors="0" failures="0" skipped="0" tests="12" time="1.109" timestamp="2026-02-06T12:26:43.647444+00:00" hostname="agent-env-b54341ff-38fa-4eae-8597-d8c2aa7c4314"><testcase classname="backend.tests.test_photo_upload_hard_delete.TestPhotoUpload" name="test_api_health" time="0.075" /><testcase classname="backend.tests.test_photo_upload_hard_delete.TestPhotoUpload" name="test_upload_photo_creates_physical_file" time="0.126" /><testcase classname="backend.tests.test_photo_upload_hard_delete.TestPhotoUpload" name="test_upload_photo_updates_db" time="0.047" /><testcase classname="backend.tests.test_photo_upload_hard_delete.TestPhotoUpload" name="test_upload_photo_invalid_file_type" time="0.053" /><testcase classname="backend.tests.test_photo_upload_hard_delete.TestPhotoUpload" name="test_get_user_profile_with_photo" time="0.084" /><testcase classname="backend.tests.test_photo_upload_hard_delete.TestPhotoUpload" name="test_get_profile_nonexistent_user" time="0.043" /><testcase classname="backend.tests.test_photo_upload_hard_delete.TestHardDeleteCourse" name="test_create_and_hard_delete_course" time="0.144" /><testcase classname="backend.tests.test_photo_upload_hard_delete.TestHardDeleteCourse" name="test_hard_delete_with_reservations" time="0.116" /><testcase classname="backend.tests.test_photo_upload_hard_delete.TestHardDeleteCourse" name="test_hard_delete_nonexistent_course" time="0.039" /><testcase classname="backend.tests.test_photo_upload_hard_delete.TestHardDeleteCourse" name="test_archive_vs_hard_delete" time="0.139" /><testcase classname="backend.tests.test_photo_upload_hard_delete.TestStaticFileServing" name="test_static_files_accessible" time="0.110" /><testcase classname="backend.tests.test_photo_upload_hard_delete.TestCleanup" name="test_cleanup_test_courses" time="0.036" /></testsuite></testsuites>