<?xml version="1.0" encoding="utf-8"?><testsuites name="pytest tests"><testsuite name="pytest" errors="0" failures="0" skipped="0" tests="11" time="2.792" timestamp="2026-02-28T10:44:53.810409+00:00" hostname="agent-env-d373cf26-718e-4a19-a39c-8295a106d5fb"><testcase classname="backend.tests.test_v911_mission.TestMissionV911" name="test_reservations_super_admin_sees_7" time="0.286" /><testcase classname="backend.tests.test_v911_mission.TestMissionV911" name="test_coach_profile_super_admin" time="0.249" /><testcase classname="backend.tests.test_v911_mission.TestMissionV911" name="test_check_credits_unlimited" time="0.243" /><testcase classname="backend.tests.test_v911_mission.TestMissionV911" name="test_vitrine_bassi_platform_name" time="0.250" /><testcase classname="backend.tests.test_v911_mission.TestMissionV911" name="test_admin_coaches_list" time="0.236" /><testcase classname="backend.tests.test_v911_mission.TestMissionV911" name="test_courses_mars_intact" time="0.243" /><testcase classname="backend.tests.test_v911_mission.TestMissionV911" name="test_auth_role_super_admin" time="0.238" /><testcase classname="backend.tests.test_v911_mission.TestMissionV911" name="test_api_health" time="0.241" /><testcase classname="backend.tests.test_v911_mission.TestCoachRoutesModularity" name="test_coach_packs_public" time="0.253" /><testcase classname="backend.tests.test_v911_mission.TestCoachRoutesModularity" name="test_coaches_search" time="0.259" /><testcase classname="backend.tests.test_v911_mission.TestCoachRoutesModularity" name="test_stripe_connect_status" time="0.232" /></testsuite></testsuites>