<?xml version="1.0" encoding="utf-8"?><testsuites name="pytest tests"><testsuite name="pytest" errors="0" failures="0" skipped="0" tests="16" time="2.040" timestamp="2026-03-01T00:12:04.455443+00:00" hostname="agent-env-85b35d10-6aab-4828-a4b2-ae097435e412"><testcase classname="tests.test_v959_mission.TestHealth" name="test_health_check" time="0.134" /><testcase classname="tests.test_v959_mission.TestSuperAdminCreditsV959" name="test_super_admin_afroboost_credits_unlimited" time="0.117" /><testcase classname="tests.test_v959_mission.TestSuperAdminCreditsV959" name="test_super_admin_artboost_credits_unlimited" time="0.142" /><testcase classname="tests.test_v959_mission.TestSuperAdminCreditsV959" name="test_super_admin_credits_deduct_bypass" time="0.114" /><testcase classname="tests.test_v959_mission.TestDataIsolationV959" name="test_super_admin_sees_all_reservations" time="0.117" /><testcase classname="tests.test_v959_mission.TestDataIsolationV959" name="test_random_partner_sees_zero_reservations" time="0.121" /><testcase classname="tests.test_v959_mission.TestDataIsolationV959" name="test_no_email_blocked" time="0.110" /><testcase classname="tests.test_v959_mission.TestCreditsEndpointsV959" name="test_credits_check_missing_email_error" time="0.128" /><testcase classname="tests.test_v959_mission.TestCreditsEndpointsV959" name="test_credits_deduct_missing_email_error" time="0.139" /><testcase classname="tests.test_v959_mission.TestPartnerCheckV959" name="test_check_partner_super_admin_afroboost" time="0.113" /><testcase classname="tests.test_v959_mission.TestPartnerCheckV959" name="test_check_partner_super_admin_artboost" time="0.155" /><testcase classname="tests.test_v959_mission.TestPartnerCheckV959" name="test_check_partner_non_super_admin" time="0.106" /><testcase classname="tests.test_v959_mission.TestCoreEndpointsV959" name="test_courses_endpoint" time="0.108" /><testcase classname="tests.test_v959_mission.TestCoreEndpointsV959" name="test_offers_endpoint" time="0.122" /><testcase classname="tests.test_v959_mission.TestCoreEndpointsV959" name="test_concept_endpoint" time="0.124" /><testcase classname="tests.test_v959_mission.TestCoreEndpointsV959" name="test_partners_active_endpoint" time="0.117" /></testsuite></testsuites>