<?xml version="1.0" encoding="utf-8"?><testsuites name="pytest tests"><testsuite name="pytest" errors="0" failures="0" skipped="0" tests="9" time="1.732" timestamp="2026-03-01T00:23:11.927755+00:00" hostname="agent-env-85b35d10-6aab-4828-a4b2-ae097435e412"><testcase classname="backend.tests.test_v960_mission.TestV960SuperAdminAuth" name="test_health_check" time="0.495" /><testcase classname="backend.tests.test_v960_mission.TestV960SuperAdminAuth" name="test_super_admin_afroboost_auth_role" time="0.216" /><testcase classname="backend.tests.test_v960_mission.TestV960SuperAdminAuth" name="test_super_admin_check_partner_status" time="0.165" /><testcase classname="backend.tests.test_v960_mission.TestV960SuperAdminAuth" name="test_super_admin_credits_check" time="0.130" /><testcase classname="backend.tests.test_v960_mission.TestV960SuperAdminAuth" name="test_super_admin_credits_deduct_bypass" time="0.113" /><testcase classname="backend.tests.test_v960_mission.TestV960Endpoints" name="test_partners_active_endpoint" time="0.124" /><testcase classname="backend.tests.test_v960_mission.TestV960Endpoints" name="test_courses_endpoint" time="0.149" /><testcase classname="backend.tests.test_v960_mission.TestV960Endpoints" name="test_concept_endpoint" time="0.130" /><testcase classname="backend.tests.test_v960_mission.TestV960Endpoints" name="test_offers_endpoint" time="0.118" /></testsuite></testsuites>