<?xml version="1.0" encoding="utf-8"?><testsuites name="pytest tests"><testsuite name="pytest" errors="0" failures="0" skipped="0" tests="11" time="0.635" timestamp="2026-01-15T15:42:50.729286+00:00" hostname="agent-env-3aea3297-b727-4eeb-a405-80b610963370"><testcase classname="tests.test_navigation_features.TestConceptAPI" name="test_get_concept_returns_default_landing_section" time="0.064" /><testcase classname="tests.test_navigation_features.TestConceptAPI" name="test_update_concept_default_landing_section_to_shop" time="0.070" /><testcase classname="tests.test_navigation_features.TestConceptAPI" name="test_update_concept_default_landing_section_to_offers" time="0.035" /><testcase classname="tests.test_navigation_features.TestConceptAPI" name="test_update_concept_default_landing_section_to_sessions" time="0.035" /><testcase classname="tests.test_navigation_features.TestOffersAPI" name="test_get_offers_returns_list" time="0.034" /><testcase classname="tests.test_navigation_features.TestOffersAPI" name="test_offers_have_is_product_field" time="0.032" /><testcase classname="tests.test_navigation_features.TestOffersAPI" name="test_filter_products_only" time="0.040" /><testcase classname="tests.test_navigation_features.TestCoursesAPI" name="test_get_courses_returns_list" time="0.033" /><testcase classname="tests.test_navigation_features.TestCoursesAPI" name="test_courses_have_visible_field" time="0.041" /><testcase classname="tests.test_navigation_features.TestCoachAuth" name="test_coach_login_success" time="0.039" /><testcase classname="tests.test_navigation_features.TestCoachAuth" name="test_coach_login_failure" time="0.153" /></testsuite></testsuites>