<?xml version="1.0" encoding="utf-8"?><testsuites name="pytest tests"><testsuite name="pytest" errors="0" failures="0" skipped="0" tests="17" time="2.879" timestamp="2026-02-28T15:40:42.540575+00:00" hostname="agent-env-6e2f4ea7-455d-43a9-8106-37d46849ff2d"><testcase classname="backend.tests.test_v930_mission.TestHealthAndBasicEndpoints" name="test_api_health" time="0.215" /><testcase classname="backend.tests.test_v930_mission.TestHealthAndBasicEndpoints" name="test_homepage_courses" time="0.132" /><testcase classname="backend.tests.test_v930_mission.TestConceptIsolationByCoachId" name="test_concept_for_super_admin" time="0.119" /><testcase classname="backend.tests.test_v930_mission.TestConceptIsolationByCoachId" name="test_concept_for_partner" time="0.123" /><testcase classname="backend.tests.test_v930_mission.TestConceptIsolationByCoachId" name="test_concept_ids_are_different" time="0.296" /><testcase classname="backend.tests.test_v930_mission.TestPaymentLinksIsolationByCoachId" name="test_payment_links_for_super_admin" time="0.110" /><testcase classname="backend.tests.test_v930_mission.TestPaymentLinksIsolationByCoachId" name="test_payment_links_for_partner" time="0.106" /><testcase classname="backend.tests.test_v930_mission.TestPaymentLinksIsolationByCoachId" name="test_public_payment_links_endpoint" time="0.115" /><testcase classname="backend.tests.test_v930_mission.TestDiscountCodesIsolationByCoachId" name="test_discount_codes_for_super_admin" time="0.114" /><testcase classname="backend.tests.test_v930_mission.TestDiscountCodesIsolationByCoachId" name="test_discount_codes_for_partner" time="0.105" /><testcase classname="backend.tests.test_v930_mission.TestVitrinePartnerFeatures" name="test_vitrine_endpoint_exists" time="0.099" /><testcase classname="backend.tests.test_v930_mission.TestVitrinePartnerFeatures" name="test_vitrine_returns_coach_info" time="0.114" /><testcase classname="backend.tests.test_v930_mission.TestAntiRegressionBassiReservations" name="test_bassi_has_7_reservations" time="0.104" /><testcase classname="backend.tests.test_v930_mission.TestChatWidgetCoachDetection" name="test_coach_profile_endpoint" time="0.118" /><testcase classname="backend.tests.test_v930_mission.TestPaymentLinksPublicAccess" name="test_payment_links_public_bassi" time="0.106" /><testcase classname="backend.tests.test_v930_mission.TestPaymentLinksPublicAccess" name="test_payment_links_public_partner" time="0.125" /><testcase classname="backend.tests.test_v930_mission.TestIsolationSummary" name="test_isolation_summary" time="0.708" /></testsuite></testsuites>