<?xml version="1.0" encoding="utf-8"?><testsuites name="pytest tests"><testsuite name="pytest" errors="0" failures="0" skipped="0" tests="10" time="1.454" timestamp="2026-03-01T00:33:22.526273+00:00" hostname="agent-env-85b35d10-6aab-4828-a4b2-ae097435e412"><testcase classname="backend.tests.test_v961_validation.TestSuperAdminFeatures" name="test_health_check" time="0.255" /><testcase classname="backend.tests.test_v961_validation.TestSuperAdminFeatures" name="test_super_admin_check_partner_status" time="0.115" /><testcase classname="backend.tests.test_v961_validation.TestSuperAdminFeatures" name="test_super_admin_credits_check_infinite" time="0.115" /><testcase classname="backend.tests.test_v961_validation.TestSuperAdminFeatures" name="test_super_admin_sees_all_reservations" time="0.121" /><testcase classname="backend.tests.test_v961_validation.TestSuperAdminFeatures" name="test_test_partner_isolation" time="0.128" /><testcase classname="backend.tests.test_v961_validation.TestSuperAdminFeatures" name="test_super_admin_credits_deduct_bypass" time="0.164" /><testcase classname="backend.tests.test_v961_validation.TestAPIEndpoints" name="test_partners_active_endpoint" time="0.153" /><testcase classname="backend.tests.test_v961_validation.TestAPIEndpoints" name="test_courses_endpoint" time="0.116" /><testcase classname="backend.tests.test_v961_validation.TestAPIEndpoints" name="test_offers_endpoint" time="0.107" /><testcase classname="backend.tests.test_v961_validation.TestAPIEndpoints" name="test_concept_endpoint" time="0.108" /></testsuite></testsuites>