<?xml version="1.0" encoding="utf-8"?><testsuites name="pytest tests"><testsuite name="pytest" errors="0" failures="0" skipped="0" tests="15" time="0.791" timestamp="2026-02-05T17:21:18.372352+00:00" hostname="agent-env-3b1a16c5-07a3-42b3-abfb-c45a90c7aa88"><testcase classname="backend.tests.test_conversations_active.TestConversationsActiveEndpoint" name="test_endpoint_returns_success" time="0.094" /><testcase classname="backend.tests.test_conversations_active.TestConversationsActiveEndpoint" name="test_response_structure" time="0.043" /><testcase classname="backend.tests.test_conversations_active.TestConversationsActiveEndpoint" name="test_groups_are_returned" time="0.039" /><testcase classname="backend.tests.test_conversations_active.TestConversationsActiveEndpoint" name="test_users_are_returned" time="0.053" /><testcase classname="backend.tests.test_conversations_active.TestConversationsActiveEndpoint" name="test_les_lionnes_group_exists" time="0.047" /><testcase classname="backend.tests.test_conversations_active.TestConversationsActiveEndpoint" name="test_case_insensitive_search_capability" time="0.050" /><testcase classname="backend.tests.test_conversations_active.TestConversationsActiveEndpoint" name="test_conversation_id_is_valid" time="0.041" /><testcase classname="backend.tests.test_conversations_active.TestConversationsActiveEndpoint" name="test_standard_groups_included" time="0.047" /><testcase classname="backend.tests.test_conversations_active.TestConversationsActiveEndpoint" name="test_groups_sorted_before_users" time="0.043" /><testcase classname="backend.tests.test_conversations_active.TestConversationsActiveDataIntegrity" name="test_no_duplicate_conversation_ids" time="0.045" /><testcase classname="backend.tests.test_conversations_active.TestConversationsActiveDataIntegrity" name="test_all_names_are_non_empty" time="0.047" /><testcase classname="backend.tests.test_conversations_active.TestCampaignIntegration" name="test_can_select_group_for_campaign" time="0.047" /><testcase classname="backend.tests.test_conversations_active.TestCampaignIntegration" name="test_can_select_user_for_campaign" time="0.045" /><testcase classname="backend.tests.test_conversations_active.TestSearchFunctionality" name="test_search_by_partial_name" time="0.039" /><testcase classname="backend.tests.test_conversations_active.TestSearchFunctionality" name="test_search_by_email" time="0.038" /></testsuite></testsuites>