<?xml version="1.0" encoding="utf-8"?><testsuites name="pytest tests"><testsuite name="pytest" errors="0" failures="0" skipped="0" tests="12" time="1.455" timestamp="2026-02-28T15:59:17.861786+00:00" hostname="agent-env-6e2f4ea7-455d-43a9-8106-37d46849ff2d"><testcase classname="backend.tests.test_v932_mission.TestHealthCheck" name="test_api_health" time="0.135" /><testcase classname="backend.tests.test_v932_mission.TestHomepageDates" name="test_courses_endpoint" time="0.128" /><testcase classname="backend.tests.test_v932_mission.TestReservationsEtancheite" name="test_bassi_sees_all_reservations" time="0.106" /><testcase classname="backend.tests.test_v932_mission.TestReservationsEtancheite" name="test_new_partner_sees_zero_reservations" time="0.108" /><testcase classname="backend.tests.test_v932_mission.TestContactsEtancheite" name="test_bassi_sees_contacts" time="0.099" /><testcase classname="backend.tests.test_v932_mission.TestContactsEtancheite" name="test_new_partner_sees_zero_contacts" time="0.111" /><testcase classname="backend.tests.test_v932_mission.TestCheckPartnerAPI" name="test_registered_coach_is_partner" time="0.117" /><testcase classname="backend.tests.test_v932_mission.TestCheckPartnerAPI" name="test_unknown_email_is_not_partner" time="0.105" /><testcase classname="backend.tests.test_v932_mission.TestVitrineAPI" name="test_coach_vitrine_exists" time="0.109" /><testcase classname="backend.tests.test_v932_mission.TestConceptAPI" name="test_concept_endpoint" time="0.121" /><testcase classname="backend.tests.test_v932_mission.TestPaymentLinksAPI" name="test_payment_links_endpoint" time="0.103" /><testcase classname="backend.tests.test_v932_mission.TestDiscountCodesAPI" name="test_discount_validate_endpoint" time="0.138" /></testsuite></testsuites>