<?xml version="1.0" encoding="utf-8"?><testsuites name="pytest tests"><testsuite name="pytest" errors="0" failures="0" skipped="0" tests="9" time="0.921" timestamp="2026-01-21T11:48:55.921902+00:00" hostname="agent-env-1f0e8f9e-b27f-488e-8e2c-851b8601aa4c"><testcase classname="tests.test_ux_crm_features_v29.TestDeleteParticipantAPI" name="test_create_and_delete_participant" time="0.136" /><testcase classname="tests.test_ux_crm_features_v29.TestDeleteParticipantAPI" name="test_delete_nonexistent_participant" time="0.035" /><testcase classname="tests.test_ux_crm_features_v29.TestDeleteParticipantAPI" name="test_delete_removes_from_sessions" time="0.141" /><testcase classname="tests.test_ux_crm_features_v29.TestChatSessionsAPI" name="test_soft_delete_session" time="0.191" /><testcase classname="tests.test_ux_crm_features_v29.TestChatLinksAPI" name="test_get_chat_links" time="0.034" /><testcase classname="tests.test_ux_crm_features_v29.TestHealthAndBasicAPIs" name="test_health_check" time="0.033" /><testcase classname="tests.test_ux_crm_features_v29.TestHealthAndBasicAPIs" name="test_get_participants" time="0.036" /><testcase classname="tests.test_ux_crm_features_v29.TestHealthAndBasicAPIs" name="test_get_sessions" time="0.033" /><testcase classname="tests.test_ux_crm_features_v29.TestUsersAPI" name="test_delete_user_cleans_promo_codes" time="0.216" /></testsuite></testsuites>