<?xml version="1.0" encoding="utf-8"?><testsuites name="pytest tests"><testsuite name="pytest" errors="0" failures="0" skipped="0" tests="17" time="2.351" timestamp="2026-03-01T00:03:18.719314+00:00" hostname="agent-env-85b35d10-6aab-4828-a4b2-ae097435e412"><testcase classname="backend.tests.test_v958_mission.TestCreditsDeductEndpoint" name="test_credits_deduct_missing_email" time="0.254" /><testcase classname="backend.tests.test_v958_mission.TestCreditsDeductEndpoint" name="test_credits_deduct_super_admin_bypass" time="0.133" /><testcase classname="backend.tests.test_v958_mission.TestCreditsDeductEndpoint" name="test_credits_deduct_super_admin_artboost" time="0.157" /><testcase classname="backend.tests.test_v958_mission.TestCreditsCheckEndpoint" name="test_credits_check_missing_email" time="0.144" /><testcase classname="backend.tests.test_v958_mission.TestCreditsCheckEndpoint" name="test_credits_check_super_admin_unlimited" time="0.116" /><testcase classname="backend.tests.test_v958_mission.TestCreditsCheckEndpoint" name="test_credits_check_super_admin_artboost" time="0.107" /><testcase classname="backend.tests.test_v958_mission.TestCheckPartnerEndpoint" name="test_check_partner_super_admin_afroboost" time="0.134" /><testcase classname="backend.tests.test_v958_mission.TestCheckPartnerEndpoint" name="test_check_partner_super_admin_artboost" time="0.121" /><testcase classname="backend.tests.test_v958_mission.TestCheckPartnerEndpoint" name="test_check_partner_regular_user" time="0.106" /><testcase classname="backend.tests.test_v958_mission.TestReservationsIsolation" name="test_reservations_super_admin_sees_all" time="0.109" /><testcase classname="backend.tests.test_v958_mission.TestReservationsIsolation" name="test_reservations_partner_filtered" time="0.121" /><testcase classname="backend.tests.test_v958_mission.TestReservationsIsolation" name="test_reservations_no_email_blocked" time="0.129" /><testcase classname="backend.tests.test_v958_mission.TestHealthAndCoreEndpoints" name="test_health_check" time="0.154" /><testcase classname="backend.tests.test_v958_mission.TestHealthAndCoreEndpoints" name="test_courses_endpoint" time="0.117" /><testcase classname="backend.tests.test_v958_mission.TestHealthAndCoreEndpoints" name="test_offers_endpoint" time="0.114" /><testcase classname="backend.tests.test_v958_mission.TestSuperAdminList" name="test_super_admin_emails_bypass_credits[contact.artboost@gmail.com]" time="0.125" /><testcase classname="backend.tests.test_v958_mission.TestSuperAdminList" name="test_super_admin_emails_bypass_credits[afroboost.bassi@gmail.com]" time="0.114" /></testsuite></testsuites>