<?xml version="1.0" encoding="utf-8"?><testsuites name="pytest tests"><testsuite name="pytest" errors="0" failures="2" skipped="0" tests="11" time="1.731" timestamp="2026-02-27T12:27:47.326429+00:00" hostname="agent-env-41b92b7b-9b28-4961-993e-c758df921663"><testcase classname="backend.tests.test_v894_non_regression.TestNonRegressionAPIs" name="test_get_courses_intact" time="0.239" /><testcase classname="backend.tests.test_v894_non_regression.TestNonRegressionAPIs" name="test_get_offers_intact" time="0.109" /><testcase classname="backend.tests.test_v894_non_regression.TestNonRegressionAPIs" name="test_get_discount_codes_intact" time="0.136" /><testcase classname="backend.tests.test_v894_non_regression.TestNonRegressionAPIs" name="test_get_payment_links_intact" time="0.113" /><testcase classname="backend.tests.test_v894_non_regression.TestNonRegressionAPIs" name="test_get_concept_intact" time="0.129" /><testcase classname="backend.tests.test_v894_non_regression.TestNonRegressionAPIs" name="test_get_users_intact" time="0.146" /><testcase classname="backend.tests.test_v894_non_regression.TestCoachPacksAPI" name="test_get_coach_packs" time="0.121" /><testcase classname="backend.tests.test_v894_non_regression.TestCoachPacksAPI" name="test_update_coach_pack_existing" time="0.231"><failure message="AssertionError: Expected 200, got 403&#10;assert 403 == 200&#10; +  where 403 = &lt;Response [403]&gt;.status_code">backend/tests/test_v894_non_regression.py:110: in test_update_coach_pack_existing
    assert response.status_code == 200, f"Expected 200, got {response.status_code}"
E   AssertionError: Expected 200, got 403
E   assert 403 == 200
E    +  where 403 = &lt;Response [403]&gt;.status_code</failure></testcase><testcase classname="backend.tests.test_v894_non_regression.TestCoachPacksAPI" name="test_update_coach_pack_invalid_id" time="0.115"><failure message="AssertionError: Expected 404 or error, got 403&#10;assert 403 in [404, 500]&#10; +  where 403 = &lt;Response [403]&gt;.status_code">backend/tests/test_v894_non_regression.py:132: in test_update_coach_pack_invalid_id
    assert response.status_code in [404, 500], f"Expected 404 or error, got {response.status_code}"
E   AssertionError: Expected 404 or error, got 403
E   assert 403 in [404, 500]
E    +  where 403 = &lt;Response [403]&gt;.status_code</failure></testcase><testcase classname="backend.tests.test_v894_non_regression.TestFeatureFlags" name="test_get_feature_flags" time="0.118" /><testcase classname="backend.tests.test_v894_non_regression.TestHealthEndpoint" name="test_health_check" time="0.170" /></testsuite></testsuites>