<?xml version="1.0" encoding="utf-8"?><testsuites name="pytest tests"><testsuite name="pytest" errors="0" failures="0" skipped="1" tests="12" time="4.746" timestamp="2026-02-28T10:15:25.846881+00:00" hostname="agent-env-d373cf26-718e-4a19-a39c-8295a106d5fb"><testcase classname="backend.tests.test_v902_credits_system.TestNonRegressionReservations" name="test_super_admin_sees_all_reservations" time="0.296" /><testcase classname="backend.tests.test_v902_credits_system.TestCheckCreditsAPI" name="test_super_admin_has_unlimited_credits" time="0.267" /><testcase classname="backend.tests.test_v902_credits_system.TestCheckCreditsAPI" name="test_coach_returns_credits_balance" time="0.258" /><testcase classname="backend.tests.test_v902_credits_system.TestCheckCreditsAPI" name="test_unauthorized_without_email" time="0.271" /><testcase classname="backend.tests.test_v902_credits_system.TestCreditDeductionCreateContact" name="test_super_admin_no_deduction" time="0.768" /><testcase classname="backend.tests.test_v902_credits_system.TestCreditDeductionCreateContact" name="test_coach_with_credits_deducts_one" time="0.267"><skipped type="pytest.skip" message="Coach henri.bassi@test.com has no credits to test deduction">/app/backend/tests/test_v902_credits_system.py:120: Coach henri.bassi@test.com has no credits to test deduction</skipped></testcase><testcase classname="backend.tests.test_v902_credits_system.TestCreditDeductionCampaign" name="test_super_admin_campaign_no_deduction" time="1.289" /><testcase classname="backend.tests.test_v902_credits_system.TestInsufficientCredits" name="test_coach_zero_credits_cannot_create_contact" time="0.238" /><testcase classname="backend.tests.test_v902_credits_system.TestInsufficientCredits" name="test_coach_zero_credits_cannot_send_campaign" time="0.249" /><testcase classname="backend.tests.test_v902_credits_system.TestVitrineAPI" name="test_vitrine_bassi_returns_platform_name" time="0.246" /><testcase classname="backend.tests.test_v902_credits_system.TestVitrineAPI" name="test_vitrine_bassi_has_offers_and_courses" time="0.251" /><testcase classname="backend.tests.test_v902_credits_system.TestCoachesWithCredits" name="test_admin_coaches_list_has_credits" time="0.271" /></testsuite></testsuites>